paxos batch=50000 :::: 50000
kSTOBatchSize = 100
nthreads = 1
ParID now : 1
--------------------
Table Name= customer_0 ID= 10001
Table Name= customer_name_idx_0 ID= 10002
Table Name= district_0 ID= 10003
Table Name= history_0 ID= 10004
Table Name= item ID= 10005
Table Name= new_order_0 ID= 10006
Table Name= oorder_0 ID= 10007
Table Name= oorder_c_id_idx_0 ID= 10008
Table Name= order_line_0 ID= 10009
Table Name= stock_0 ID= 10010
Table Name= stock_data_0 ID= 10011
Table Name= warehouse_0 ID= 10012
mt_get: 18741144, mt_put: 5985354, mt_del: 45736, mt_scan: 761331, mt_rscan: 37416, ht_get: 0, ht_put: 0, ht_insert: 0, ht_del: 0
--------------------
Info folder has been generated okay ----<<<<<<
Total Delete Observed 0
Total Submits 0
93760.639828 93760.639828 0.010618 0.000000 0.000000 422464
close handle all started
close_all all ok
-----------------------------
Log generation statistic
-----------------------------
Sec  	   unix  	       	     	Average  
Spent	timestamp	entries	Bytes	Entry Size
-----------------------------
0	1608417016	1002	329	2694
1	1608417017	30987	1966	519
2	1608417018	69143	9743	1154
3	1608417019	94866	12256	1058
4	1608417020	94539	12182	1055
5	1608417021	94470	12131	1052
6	1608417022	94072	12212	1063
7	1608417023	94189	12154	1057
8	1608417024	93762	12190	1065
9	1608417025	93710	12149	1062
10	1608417026	93801	12115	1058
11	1608417027	93957	12208	1064
12	1608417028	21757	2787	1049
