paxos batch=50000 :::: 50000
kSTOBatchSize = 100
nthreads = 1
ParID now : 1
--------------------
Table Name= customer_0 ID= 10001
Table Name= customer_name_idx_0 ID= 10002
Table Name= district_0 ID= 10003
Table Name= history_0 ID= 10004
Table Name= item ID= 10005
Table Name= new_order_0 ID= 10006
Table Name= oorder_0 ID= 10007
Table Name= oorder_c_id_idx_0 ID= 10008
Table Name= order_line_0 ID= 10009
Table Name= stock_0 ID= 10010
Table Name= stock_data_0 ID= 10011
Table Name= warehouse_0 ID= 10012
mt_get: 18616431, mt_put: 5945852, mt_del: 45485, mt_scan: 756257, mt_rscan: 37160, ht_get: 0, ht_put: 0, ht_insert: 0, ht_del: 0
--------------------
Info folder has been generated okay ----<<<<<<
Total Delete Observed 0
Total Submits 0
93122.648376 93122.648376 0.010691 0.000000 0.000000 419626
close handle all started
close_all all ok
-----------------------------
Log generation statistic
-----------------------------
Sec  	   unix  	       	     	Average  
Spent	timestamp	entries	Bytes	Entry Size
-----------------------------
0	1608417039	1002	329	2694
1	1608417040	31118	2054	540
2	1608417041	74882	10411	1139
3	1608417042	92971	12031	1060
4	1608417043	94244	12129	1054
5	1608417044	94408	12122	1051
6	1608417045	94088	12192	1061
7	1608417046	94122	12163	1058
8	1608417047	93743	12188	1065
9	1608417048	93533	12134	1062
10	1608417049	93682	12087	1056
11	1608417050	93551	12174	1066
12	1608417051	12582	1596	1039
