time	mem usage	cput0	cput1	cput2	cput3	cput4	cput5	cput6	cput7	cput8	cput9	cput10	cput11	cput12	cput13	cput14	cput15	cput16	cput17	cput18	cput19	cput20	cput21	cput22	cput23	cput24	cput25	cput26	cput27	cput28	cput29	cput30	cput31
2020-12-19 22:41:45.873461	1.07	0.0	0.0	0.0	0.0	0.0	0.0	0.0	0.0	0.0	0.0	0.0	0.0	0.0	0.0	0.0	0.0	0.0	0.0	0.0	0.0	0.0	0.0	0.0	0.0	0.0	0.0	0.0	0.0	0.0	0.0	0.0	0.0
2020-12-19 22:41:46.374916	5.32	94.0	88.5	88.0	92.0	90.0	88.0	92.0	88.0	81.6	38.8	72.9	34.0	32.0	0.0	34.0	0.0	8.0	40.0	8.0	8.0	8.0	10.2	9.8	9.8	9.8	8.0	8.0	8.0	8.0	9.8	8.0	8.0
2020-12-19 22:41:46.876308	5.66	100.0	100.0	100.0	100.0	100.0	98.0	98.0	100.0	22.2	94.0	25.5	52.9	96.0	0.0	40.8	0.0	0.0	0.0	0.0	0.0	0.0	0.0	0.0	0.0	0.0	0.0	2.0	0.0	0.0	0.0	0.0	0.0
2020-12-19 22:41:47.377642	5.93	100.0	100.0	100.0	100.0	100.0	100.0	100.0	98.0	30.8	34.7	20.8	0.0	18.4	0.0	0.0	0.0	0.0	0.0	0.0	0.0	0.0	2.0	0.0	0.0	0.0	0.0	0.0	0.0	0.0	0.0	0.0	0.0
2020-12-19 22:41:47.879004	6.12	100.0	96.1	100.0	98.0	100.0	100.0	100.0	100.0	0.0	0.0	0.0	0.0	0.0	2.0	0.0	0.0	0.0	0.0	0.0	0.0	0.0	0.0	0.0	0.0	0.0	0.0	0.0	0.0	0.0	0.0	0.0	0.0
2020-12-19 22:41:48.380846	6.28	54.0	54.9	52.1	43.7	64.7	51.0	56.3	62.5	32.7	32.7	0.0	0.0	0.0	0.0	0.0	0.0	3.9	0.0	0.0	0.0	0.0	0.0	0.0	2.0	0.0	0.0	0.0	0.0	0.0	0.0	0.0	0.0
2020-12-19 22:41:48.882299	6.3	52.9	47.9	44.2	46.8	46.8	51.0	50.0	47.9	19.2	51.0	24.4	0.0	0.0	0.0	0.0	0.0	0.0	0.0	0.0	0.0	0.0	2.0	0.0	0.0	0.0	0.0	0.0	0.0	0.0	0.0	0.0	0.0
2020-12-19 22:41:49.383601	6.32	45.5	45.5	45.5	48.9	51.9	51.0	49.0	49.0	0.0	45.8	45.8	0.0	0.0	0.0	0.0	0.0	0.0	0.0	0.0	0.0	0.0	0.0	0.0	0.0	0.0	0.0	0.0	0.0	0.0	0.0	0.0	0.0
2020-12-19 22:41:49.884949	6.36	41.9	44.7	48.0	48.0	48.0	49.0	47.9	47.9	0.0	42.0	42.6	0.0	0.0	0.0	0.0	0.0	0.0	0.0	0.0	0.0	0.0	2.0	0.0	0.0	0.0	0.0	2.0	0.0	0.0	0.0	0.0	0.0
2020-12-19 22:41:50.386341	6.38	42.6	43.8	44.7	43.8	42.6	42.6	43.7	46.9	0.0	41.7	37.0	0.0	0.0	0.0	0.0	0.0	0.0	0.0	0.0	0.0	0.0	2.0	0.0	0.0	0.0	0.0	0.0	0.0	0.0	0.0	0.0	0.0
2020-12-19 22:41:50.887580	6.42	45.8	46.0	42.6	49.0	44.9	44.9	42.6	45.8	0.0	39.1	16.0	0.0	0.0	0.0	26.5	0.0	0.0	0.0	0.0	0.0	0.0	0.0	0.0	0.0	0.0	0.0	0.0	0.0	0.0	0.0	0.0	2.0
2020-12-19 22:41:51.388934	6.46	41.3	44.7	36.6	41.3	41.3	44.9	46.9	43.7	0.0	33.3	0.0	0.0	0.0	0.0	45.1	0.0	0.0	0.0	0.0	0.0	0.0	2.0	0.0	0.0	0.0	0.0	0.0	0.0	0.0	0.0	0.0	0.0
2020-12-19 22:41:51.890299	6.48	42.2	44.7	44.9	44.7	46.0	45.8	40.9	49.0	0.0	40.4	0.0	0.0	0.0	0.0	41.7	0.0	0.0	0.0	0.0	0.0	0.0	2.0	0.0	0.0	0.0	0.0	0.0	0.0	0.0	0.0	0.0	0.0
2020-12-19 22:41:52.391610	6.52	49.0	46.0	44.7	42.6	46.9	44.9	43.5	43.8	0.0	40.4	0.0	0.0	0.0	0.0	41.7	0.0	2.0	0.0	0.0	0.0	0.0	0.0	0.0	0.0	0.0	0.0	0.0	0.0	0.0	0.0	0.0	0.0
2020-12-19 22:41:52.892989	6.55	42.2	48.0	45.8	43.5	43.8	46.0	45.8	42.2	0.0	12.2	27.7	0.0	0.0	0.0	40.4	0.0	0.0	0.0	0.0	0.0	0.0	0.0	0.0	0.0	0.0	0.0	2.0	0.0	0.0	0.0	0.0	0.0
2020-12-19 22:41:53.394295	6.57	44.7	38.1	42.2	43.5	41.3	41.3	43.7	42.6	0.0	0.0	39.1	0.0	0.0	0.0	32.6	0.0	0.0	0.0	0.0	0.0	0.0	0.0	0.0	0.0	0.0	0.0	0.0	0.0	0.0	0.0	0.0	0.0
2020-12-19 22:41:53.895631	6.6	44.7	47.1	42.6	44.9	45.8	44.4	43.5	43.5	0.0	0.0	31.7	0.0	0.0	0.0	42.9	0.0	0.0	0.0	0.0	0.0	0.0	0.0	0.0	0.0	0.0	0.0	0.0	0.0	0.0	0.0	0.0	0.0
2020-12-19 22:41:54.396987	6.64	42.6	42.2	42.2	43.5	42.6	43.7	44.9	44.7	0.0	0.0	39.1	0.0	0.0	0.0	41.7	0.0	0.0	0.0	0.0	0.0	0.0	2.0	0.0	0.0	0.0	0.0	0.0	0.0	0.0	0.0	0.0	0.0
2020-12-19 22:41:54.898362	6.66	43.5	43.8	42.2	43.5	42.6	44.9	44.7	38.6	0.0	0.0	40.4	0.0	0.0	0.0	41.7	0.0	0.0	0.0	0.0	0.0	0.0	0.0	0.0	0.0	0.0	0.0	0.0	0.0	0.0	0.0	0.0	0.0
2020-12-19 22:41:55.399723	6.7	42.2	45.8	50.0	44.7	45.8	43.5	46.0	46.9	0.0	0.0	20.4	0.0	20.0	0.0	40.4	0.0	2.0	0.0	0.0	0.0	0.0	2.0	0.0	0.0	0.0	0.0	0.0	0.0	0.0	0.0	0.0	0.0
2020-12-19 22:41:55.901020	6.74	46.8	41.9	43.7	45.8	46.9	43.5	40.9	48.0	0.0	0.0	0.0	0.0	42.9	0.0	39.1	0.0	0.0	0.0	0.0	0.0	0.0	0.0	0.0	0.0	0.0	0.0	2.0	0.0	0.0	0.0	0.0	0.0
2020-12-19 22:41:56.402365	6.76	44.7	42.6	50.0	43.7	44.9	44.9	48.0	43.5	0.0	0.0	0.0	0.0	40.4	0.0	40.4	0.0	0.0	0.0	0.0	0.0	0.0	2.0	0.0	0.0	0.0	0.0	0.0	0.0	0.0	0.0	0.0	0.0
2020-12-19 22:41:56.903862	6.8	48.0	45.7	46.9	40.9	42.2	42.2	40.9	45.8	0.0	0.0	2.0	0.0	41.7	0.0	45.1	0.0	0.0	0.0	0.0	0.0	0.0	0.0	0.0	0.0	0.0	0.0	0.0	0.0	0.0	0.0	0.0	0.0
2020-12-19 22:41:57.405215	6.83	40.9	41.3	43.5	43.7	42.6	42.6	49.0	46.9	0.0	0.0	0.0	0.0	37.8	0.0	45.1	0.0	0.0	0.0	0.0	0.0	0.0	2.0	0.0	0.0	0.0	0.0	2.0	0.0	0.0	0.0	0.0	0.0
2020-12-19 22:41:57.906614	6.85	46.9	45.8	46.9	49.0	44.7	44.7	46.0	40.0	0.0	0.0	0.0	0.0	34.1	0.0	40.4	0.0	2.0	0.0	0.0	0.0	0.0	0.0	0.0	0.0	0.0	0.0	0.0	0.0	0.0	0.0	0.0	0.0
2020-12-19 22:41:58.407858	6.89	45.8	44.7	44.7	42.2	42.6	43.7	42.2	42.2	0.0	0.0	0.0	0.0	43.7	0.0	45.1	0.0	0.0	0.0	0.0	0.0	0.0	2.0	0.0	0.0	0.0	0.0	0.0	0.0	0.0	0.0	0.0	0.0
2020-12-19 22:41:58.909208	6.92	45.7	46.9	40.0	44.9	48.0	50.0	46.0	42.6	26.1	0.0	0.0	0.0	8.3	0.0	41.7	0.0	0.0	0.0	0.0	0.0	0.0	2.0	0.0	0.0	0.0	0.0	2.0	0.0	0.0	0.0	0.0	0.0
2020-12-19 22:41:59.410704	6.95	51.9	42.2	45.8	46.9	46.9	44.9	48.0	44.7	42.9	0.0	0.0	0.0	0.0	0.0	44.0	0.0	0.0	0.0	0.0	0.0	0.0	2.0	0.0	0.0	0.0	0.0	0.0	0.0	0.0	0.0	0.0	0.0
2020-12-19 22:41:59.912042	6.99	45.8	44.7	44.7	46.0	43.5	42.2	46.9	44.7	45.1	0.0	22.7	0.0	0.0	0.0	13.7	0.0	0.0	0.0	0.0	0.0	0.0	0.0	0.0	0.0	0.0	0.0	0.0	0.0	0.0	0.0	0.0	0.0
2020-12-19 22:42:00.413387	7.02	43.5	50.0	43.5	42.2	42.6	43.8	42.2	43.5	0.0	0.0	43.7	0.0	0.0	0.0	41.7	0.0	0.0	0.0	0.0	0.0	0.0	2.0	0.0	0.0	0.0	0.0	0.0	0.0	0.0	0.0	0.0	0.0
2020-12-19 22:42:00.914633	7.05	45.8	46.9	44.9	41.3	44.7	47.1	42.2	42.2	0.0	0.0	37.0	0.0	0.0	0.0	44.0	0.0	0.0	0.0	0.0	0.0	0.0	0.0	0.0	0.0	0.0	0.0	0.0	0.0	0.0	0.0	0.0	0.0
2020-12-19 22:42:01.415969	7.08	45.8	44.7	44.7	43.5	43.5	46.9	44.7	44.9	0.0	0.0	42.9	0.0	0.0	0.0	37.8	0.0	0.0	0.0	0.0	0.0	0.0	2.0	0.0	0.0	0.0	0.0	0.0	0.0	0.0	0.0	0.0	0.0
2020-12-19 22:42:01.917331	7.11	48.0	47.9	42.2	45.8	42.6	41.3	43.8	45.8	0.0	0.0	37.8	0.0	0.0	0.0	41.7	0.0	0.0	0.0	0.0	0.0	0.0	3.9	0.0	0.0	0.0	0.0	0.0	0.0	0.0	0.0	0.0	0.0
2020-12-19 22:42:02.418720	7.13	43.5	43.7	44.7	37.2	50.9	42.6	42.2	44.7	0.0	0.0	41.7	0.0	0.0	0.0	39.1	0.0	2.0	0.0	0.0	0.0	0.0	0.0	0.0	0.0	0.0	0.0	0.0	0.0	0.0	0.0	0.0	0.0
2020-12-19 22:42:02.920206	7.17	47.1	43.5	43.5	46.9	48.0	46.9	50.0	40.9	0.0	0.0	41.7	0.0	0.0	0.0	40.0	0.0	0.0	0.0	0.0	0.0	0.0	2.0	0.0	0.0	0.0	0.0	0.0	0.0	5.8	0.0	0.0	0.0
