paxos batch=50000 :::: 50000
kSTOBatchSize = 100
nthreads = 12
ParID now : 1
ParID now : 2
ParID now : 3
ParID now : 4
ParID now : 5
ParID now : 6
ParID now : 7
ParID now : 8
ParID now : 9
ParID now : 10
ParID now : 11
ParID now : 12
--------------------
Table Name= customer_0 ID= 10001
Table Name= customer_1 ID= 10002
Table Name= customer_10 ID= 10011
Table Name= customer_11 ID= 10012
Table Name= customer_2 ID= 10003
Table Name= customer_3 ID= 10004
Table Name= customer_4 ID= 10005
Table Name= customer_5 ID= 10006
Table Name= customer_6 ID= 10007
Table Name= customer_7 ID= 10008
Table Name= customer_8 ID= 10009
Table Name= customer_9 ID= 10010
Table Name= customer_name_idx_0 ID= 10013
Table Name= customer_name_idx_1 ID= 10014
Table Name= customer_name_idx_10 ID= 10023
Table Name= customer_name_idx_11 ID= 10024
Table Name= customer_name_idx_2 ID= 10015
Table Name= customer_name_idx_3 ID= 10016
Table Name= customer_name_idx_4 ID= 10017
Table Name= customer_name_idx_5 ID= 10018
Table Name= customer_name_idx_6 ID= 10019
Table Name= customer_name_idx_7 ID= 10020
Table Name= customer_name_idx_8 ID= 10021
Table Name= customer_name_idx_9 ID= 10022
Table Name= district_0 ID= 10025
Table Name= district_1 ID= 10026
Table Name= district_10 ID= 10035
Table Name= district_11 ID= 10036
Table Name= district_2 ID= 10027
Table Name= district_3 ID= 10028
Table Name= district_4 ID= 10029
Table Name= district_5 ID= 10030
Table Name= district_6 ID= 10031
Table Name= district_7 ID= 10032
Table Name= district_8 ID= 10033
Table Name= district_9 ID= 10034
Table Name= history_0 ID= 10037
Table Name= history_1 ID= 10038
Table Name= history_10 ID= 10047
Table Name= history_11 ID= 10048
Table Name= history_2 ID= 10039
Table Name= history_3 ID= 10040
Table Name= history_4 ID= 10041
Table Name= history_5 ID= 10042
Table Name= history_6 ID= 10043
Table Name= history_7 ID= 10044
Table Name= history_8 ID= 10045
Table Name= history_9 ID= 10046
Table Name= item ID= 10049
Table Name= new_order_0 ID= 10050
Table Name= new_order_1 ID= 10051
Table Name= new_order_10 ID= 10060
Table Name= new_order_11 ID= 10061
Table Name= new_order_2 ID= 10052
Table Name= new_order_3 ID= 10053
Table Name= new_order_4 ID= 10054
Table Name= new_order_5 ID= 10055
Table Name= new_order_6 ID= 10056
Table Name= new_order_7 ID= 10057
Table Name= new_order_8 ID= 10058
Table Name= new_order_9 ID= 10059
Table Name= oorder_0 ID= 10062
Table Name= oorder_1 ID= 10063
Table Name= oorder_10 ID= 10072
Table Name= oorder_11 ID= 10073
Table Name= oorder_2 ID= 10064
Table Name= oorder_3 ID= 10065
Table Name= oorder_4 ID= 10066
Table Name= oorder_5 ID= 10067
Table Name= oorder_6 ID= 10068
Table Name= oorder_7 ID= 10069
Table Name= oorder_8 ID= 10070
Table Name= oorder_9 ID= 10071
Table Name= oorder_c_id_idx_0 ID= 10074
Table Name= oorder_c_id_idx_1 ID= 10075
Table Name= oorder_c_id_idx_10 ID= 10084
Table Name= oorder_c_id_idx_11 ID= 10085
Table Name= oorder_c_id_idx_2 ID= 10076
Table Name= oorder_c_id_idx_3 ID= 10077
Table Name= oorder_c_id_idx_4 ID= 10078
Table Name= oorder_c_id_idx_5 ID= 10079
Table Name= oorder_c_id_idx_6 ID= 10080
Table Name= oorder_c_id_idx_7 ID= 10081
Table Name= oorder_c_id_idx_8 ID= 10082
Table Name= oorder_c_id_idx_9 ID= 10083
Table Name= order_line_0 ID= 10086
Table Name= order_line_1 ID= 10087
Table Name= order_line_10 ID= 10096
Table Name= order_line_11 ID= 10097
Table Name= order_line_2 ID= 10088
Table Name= order_line_3 ID= 10089
Table Name= order_line_4 ID= 10090
Table Name= order_line_5 ID= 10091
Table Name= order_line_6 ID= 10092
Table Name= order_line_7 ID= 10093
Table Name= order_line_8 ID= 10094
Table Name= order_line_9 ID= 10095
Table Name= stock_0 ID= 10098
Table Name= stock_1 ID= 10099
Table Name= stock_10 ID= 10108
Table Name= stock_11 ID= 10109
Table Name= stock_2 ID= 10100
Table Name= stock_3 ID= 10101
Table Name= stock_4 ID= 10102
Table Name= stock_5 ID= 10103
Table Name= stock_6 ID= 10104
Table Name= stock_7 ID= 10105
Table Name= stock_8 ID= 10106
Table Name= stock_9 ID= 10107
Table Name= stock_data_0 ID= 10110
Table Name= stock_data_1 ID= 10111
Table Name= stock_data_10 ID= 10120
Table Name= stock_data_11 ID= 10121
Table Name= stock_data_2 ID= 10112
Table Name= stock_data_3 ID= 10113
Table Name= stock_data_4 ID= 10114
Table Name= stock_data_5 ID= 10115
Table Name= stock_data_6 ID= 10116
Table Name= stock_data_7 ID= 10117
Table Name= stock_data_8 ID= 10118
Table Name= stock_data_9 ID= 10119
Table Name= warehouse_0 ID= 10122
Table Name= warehouse_1 ID= 10123
Table Name= warehouse_10 ID= 10132
Table Name= warehouse_11 ID= 10133
Table Name= warehouse_2 ID= 10124
Table Name= warehouse_3 ID= 10125
Table Name= warehouse_4 ID= 10126
Table Name= warehouse_5 ID= 10127
Table Name= warehouse_6 ID= 10128
Table Name= warehouse_7 ID= 10129
Table Name= warehouse_8 ID= 10130
Table Name= warehouse_9 ID= 10131
mt_get: 69920384, mt_put: 23240656, mt_del: 237426, mt_scan: 2915824, mt_rscan: 140900, ht_get: 0, ht_put: 0, ht_insert: 0, ht_del: 0
--------------------
Info folder has been generated okay ----<<<<<<
Total Delete Observed 0
Total Submits 0
176092.407311 176092.407311 0.068029 0.000000 13.795120 1584673
close handle all started
close_all all ok
-----------------------------
Log generation statistic
-----------------------------
Sec  	   unix  	       	     	Average  
Spent	timestamp	entries	Bytes	Entry Size
-----------------------------
0	1608417862	86280	7457	708
1	1608417863	204509	13802	552
2	1608417864	155901	15681	824
3	1608417865	148500	22061	1217
4	1608417866	168722	22904	1112
5	1608417867	183861	23580	1050
6	1608417868	184897	23652	1047
7	1608417869	183358	23577	1053
8	1608417870	183909	23589	1050
9	1608417871	183886	23639	1053
10	1608417872	182901	23502	1052
11	1608417873	183602	23537	1050
12	1608417874	178226	22697	1043
13	1608417875	177916	22823	1050
14	1608417876	177397	22854	1055
15	1608417877	174002	22481	1058
16	1608417878	173710	22443	1058
17	1608417879	174095	22121	1040
18	1608417880	176180	22618	1051
19	1608417881	175272	22572	1054
20	1608417882	177090	22650	1047
21	1608417883	174429	22450	1054
22	1608417884	91055	11629	1046
