paxos batch=50000 :::: 50000
kSTOBatchSize = 100
nthreads = 12
ParID now : 1
ParID now : 2
ParID now : 3
ParID now : 4
ParID now : 5
ParID now : 6
ParID now : 7
ParID now : 8
ParID now : 9
ParID now : 10
ParID now : 11
ParID now : 12
--------------------
Table Name= customer_0 ID= 10001
Table Name= customer_1 ID= 10002
Table Name= customer_10 ID= 10011
Table Name= customer_11 ID= 10012
Table Name= customer_2 ID= 10003
Table Name= customer_3 ID= 10004
Table Name= customer_4 ID= 10005
Table Name= customer_5 ID= 10006
Table Name= customer_6 ID= 10007
Table Name= customer_7 ID= 10008
Table Name= customer_8 ID= 10009
Table Name= customer_9 ID= 10010
Table Name= customer_name_idx_0 ID= 10013
Table Name= customer_name_idx_1 ID= 10014
Table Name= customer_name_idx_10 ID= 10023
Table Name= customer_name_idx_11 ID= 10024
Table Name= customer_name_idx_2 ID= 10015
Table Name= customer_name_idx_3 ID= 10016
Table Name= customer_name_idx_4 ID= 10017
Table Name= customer_name_idx_5 ID= 10018
Table Name= customer_name_idx_6 ID= 10019
Table Name= customer_name_idx_7 ID= 10020
Table Name= customer_name_idx_8 ID= 10021
Table Name= customer_name_idx_9 ID= 10022
Table Name= district_0 ID= 10025
Table Name= district_1 ID= 10026
Table Name= district_10 ID= 10035
Table Name= district_11 ID= 10036
Table Name= district_2 ID= 10027
Table Name= district_3 ID= 10028
Table Name= district_4 ID= 10029
Table Name= district_5 ID= 10030
Table Name= district_6 ID= 10031
Table Name= district_7 ID= 10032
Table Name= district_8 ID= 10033
Table Name= district_9 ID= 10034
Table Name= history_0 ID= 10037
Table Name= history_1 ID= 10038
Table Name= history_10 ID= 10047
Table Name= history_11 ID= 10048
Table Name= history_2 ID= 10039
Table Name= history_3 ID= 10040
Table Name= history_4 ID= 10041
Table Name= history_5 ID= 10042
Table Name= history_6 ID= 10043
Table Name= history_7 ID= 10044
Table Name= history_8 ID= 10045
Table Name= history_9 ID= 10046
Table Name= item ID= 10049
Table Name= new_order_0 ID= 10050
Table Name= new_order_1 ID= 10051
Table Name= new_order_10 ID= 10060
Table Name= new_order_11 ID= 10061
Table Name= new_order_2 ID= 10052
Table Name= new_order_3 ID= 10053
Table Name= new_order_4 ID= 10054
Table Name= new_order_5 ID= 10055
Table Name= new_order_6 ID= 10056
Table Name= new_order_7 ID= 10057
Table Name= new_order_8 ID= 10058
Table Name= new_order_9 ID= 10059
Table Name= oorder_0 ID= 10062
Table Name= oorder_1 ID= 10063
Table Name= oorder_10 ID= 10072
Table Name= oorder_11 ID= 10073
Table Name= oorder_2 ID= 10064
Table Name= oorder_3 ID= 10065
Table Name= oorder_4 ID= 10066
Table Name= oorder_5 ID= 10067
Table Name= oorder_6 ID= 10068
Table Name= oorder_7 ID= 10069
Table Name= oorder_8 ID= 10070
Table Name= oorder_9 ID= 10071
Table Name= oorder_c_id_idx_0 ID= 10074
Table Name= oorder_c_id_idx_1 ID= 10075
Table Name= oorder_c_id_idx_10 ID= 10084
Table Name= oorder_c_id_idx_11 ID= 10085
Table Name= oorder_c_id_idx_2 ID= 10076
Table Name= oorder_c_id_idx_3 ID= 10077
Table Name= oorder_c_id_idx_4 ID= 10078
Table Name= oorder_c_id_idx_5 ID= 10079
Table Name= oorder_c_id_idx_6 ID= 10080
Table Name= oorder_c_id_idx_7 ID= 10081
Table Name= oorder_c_id_idx_8 ID= 10082
Table Name= oorder_c_id_idx_9 ID= 10083
Table Name= order_line_0 ID= 10086
Table Name= order_line_1 ID= 10087
Table Name= order_line_10 ID= 10096
Table Name= order_line_11 ID= 10097
Table Name= order_line_2 ID= 10088
Table Name= order_line_3 ID= 10089
Table Name= order_line_4 ID= 10090
Table Name= order_line_5 ID= 10091
Table Name= order_line_6 ID= 10092
Table Name= order_line_7 ID= 10093
Table Name= order_line_8 ID= 10094
Table Name= order_line_9 ID= 10095
Table Name= stock_0 ID= 10098
Table Name= stock_1 ID= 10099
Table Name= stock_10 ID= 10108
Table Name= stock_11 ID= 10109
Table Name= stock_2 ID= 10100
Table Name= stock_3 ID= 10101
Table Name= stock_4 ID= 10102
Table Name= stock_5 ID= 10103
Table Name= stock_6 ID= 10104
Table Name= stock_7 ID= 10105
Table Name= stock_8 ID= 10106
Table Name= stock_9 ID= 10107
Table Name= stock_data_0 ID= 10110
Table Name= stock_data_1 ID= 10111
Table Name= stock_data_10 ID= 10120
Table Name= stock_data_11 ID= 10121
Table Name= stock_data_2 ID= 10112
Table Name= stock_data_3 ID= 10113
Table Name= stock_data_4 ID= 10114
Table Name= stock_data_5 ID= 10115
Table Name= stock_data_6 ID= 10116
Table Name= stock_data_7 ID= 10117
Table Name= stock_data_8 ID= 10118
Table Name= stock_data_9 ID= 10119
Table Name= warehouse_0 ID= 10122
Table Name= warehouse_1 ID= 10123
Table Name= warehouse_10 ID= 10132
Table Name= warehouse_11 ID= 10133
Table Name= warehouse_2 ID= 10124
Table Name= warehouse_3 ID= 10125
Table Name= warehouse_4 ID= 10126
Table Name= warehouse_5 ID= 10127
Table Name= warehouse_6 ID= 10128
Table Name= warehouse_7 ID= 10129
Table Name= warehouse_8 ID= 10130
Table Name= warehouse_9 ID= 10131
mt_get: 70646920, mt_put: 23469840, mt_del: 238935, mt_scan: 2945797, mt_rscan: 142414, ht_get: 0, ht_put: 0, ht_insert: 0, ht_del: 0
--------------------
Info folder has been generated okay ----<<<<<<
Total Delete Observed 0
Total Submits 0
177924.663691 177924.663691 0.067331 0.000000 14.795112 1601083
close handle all started
close_all all ok
-----------------------------
Log generation statistic
-----------------------------
Sec  	   unix  	       	     	Average  
Spent	timestamp	entries	Bytes	Entry Size
-----------------------------
0	1608417893	42990	3768	718
1	1608417894	213690	15126	579
2	1608417895	162396	13911	701
3	1608417896	155594	23133	1217
4	1608417897	169766	23457	1131
5	1608417898	174391	22428	1053
6	1608417899	173957	22172	1044
7	1608417900	173175	22313	1055
8	1608417901	182024	23313	1049
9	1608417902	185503	23915	1056
10	1608417903	184903	23702	1050
11	1608417904	184259	23589	1048
12	1608417905	185573	23699	1046
13	1608417906	184109	23478	1044
14	1608417907	184175	23736	1055
15	1608417908	183252	23760	1062
16	1608417909	180194	23182	1053
17	1608417910	173709	22195	1046
18	1608417911	173042	22205	1051
19	1608417912	173750	22313	1052
20	1608417913	180866	23178	1049
21	1608417914	184881	23846	1056
22	1608417915	130074	16617	1046
