total size of logs: 3809.52 MB, # of entries:147946978
Thread Thread 1 gets started, coreid: 0 gets started, coreid: 1, offset: 0, offset: 0285326307

Thread 3 gets started, coreid: 3, offset: 855978921
Thread 2 gets started, coreid: 2, offset: 570652614
Thread 4 gets started, coreid: 4, offset: 1141305228
Thread 5 gets started, coreid: 5, offset: 1426631535
Thread 6 gets started, coreid: 6, offset: 1711957842
Thread 7 gets started, coreid: 7, offset: 1997284149
Thread 8 gets started, coreid: 8, offset: 2282610456
Thread 9 gets started, coreid: 9, offset: 2567936763
Thread 10 gets started, coreid: 10, offset: 2853263070
Thread 11 gets started, coreid: 11, offset: 3138589377
Thread 12 gets started, coreid: 12, offset: 3423915684
Thread 13 gets started, coreid: 13, offset: 3709241991
[cost of second: 2.983, # of PUTs: 10588281]Thread: 0, coreid: 0 is completed!
[cost of second: 3.666, # of PUTs: 10588281]Thread: 1, coreid: 1 is completed!
[cost of second: 3.779, # of PUTs: 10588281]Thread: 8, coreid: 8 is completed!
[cost of second: [cost of second: 3.802, # of PUTs: 3.801, # of PUTs: 10588281]Thread: 105882819, coreid: 9 is completed!
]Thread: 10, coreid: 10 is completed!
[cost of second: 3.821, # of PUTs: 10588281]Thread: 11, coreid: 11 is completed!
[cost of second: 3.836, # of PUTs: 10588285]Thread: 13, coreid: 13 is completed!
[cost of second: 3.859, # of PUTs: 10588281]Thread: 12, coreid: 12 is completed!
[cost of second: 3.866, # of PUTs: 10588281]Thread: 6, coreid: 6 is completed!
[cost of second: 3.873, # of PUTs: 10588281]Thread: 4, coreid: 4 is completed!
[cost of second: 3.896, # of PUTs: 10588281]Thread: 2, coreid: 2 is completed!
[cost of second: 3.905, # of PUTs: 10588281]Thread: 3, coreid: 3 is completed!
[cost of second: 3.908, # of PUTs: 10588281]Thread: 7, coreid: 7 is completed!
[cost of second: 3.919, # of PUTs: 10588281]Thread: 5, coreid: 5 is completed!
Time Taken : 3919 millis
Replay Exec Spent 3.91946 sec for txns: 3954135
Throughput : 1.00885e+06 ops/sec
