total 3.8G
-rw-rw-r-- 1 AzureUser AzureUser 2.4M Dec 19 22:48 Log-ThreadID:0.txt
-rw-rw-r-- 1 AzureUser AzureUser 2.4M Dec 19 22:48 Log-ThreadID:1.txt
-rw-rw-r-- 1 AzureUser AzureUser 5.3M Dec 19 22:48 Log-ThreadID:10.txt
-rw-rw-r-- 1 AzureUser AzureUser 5.3M Dec 19 22:48 Log-ThreadID:11.txt
-rw-rw-r-- 1 AzureUser AzureUser 9.6M Dec 19 22:48 Log-ThreadID:12.txt
-rw-rw-r-- 1 AzureUser AzureUser 2.4M Dec 19 22:48 Log-ThreadID:13.txt
-rw-rw-r-- 1 AzureUser AzureUser 5.3M Dec 19 22:48 Log-ThreadID:14.txt
-rw-rw-r-- 1 AzureUser AzureUser 9.6M Dec 19 22:48 Log-ThreadID:15.txt
-rw-rw-r-- 1 AzureUser AzureUser 2.4M Dec 19 22:48 Log-ThreadID:16.txt
-rw-rw-r-- 1 AzureUser AzureUser 5.3M Dec 19 22:48 Log-ThreadID:17.txt
-rw-rw-r-- 1 AzureUser AzureUser 2.4M Dec 19 22:48 Log-ThreadID:18.txt
-rw-rw-r-- 1 AzureUser AzureUser 9.6M Dec 19 22:48 Log-ThreadID:19.txt
-rw-rw-r-- 1 AzureUser AzureUser 5.3M Dec 19 22:48 Log-ThreadID:2.txt
-rw-rw-r-- 1 AzureUser AzureUser 9.6M Dec 19 22:48 Log-ThreadID:20.txt
-rw-rw-r-- 1 AzureUser AzureUser 2.4M Dec 19 22:48 Log-ThreadID:21.txt
-rw-rw-r-- 1 AzureUser AzureUser 2.4M Dec 19 22:48 Log-ThreadID:22.txt
-rw-rw-r-- 1 AzureUser AzureUser 5.3M Dec 19 22:48 Log-ThreadID:23.txt
-rw-rw-r-- 1 AzureUser AzureUser 5.3M Dec 19 22:48 Log-ThreadID:24.txt
-rw-rw-r-- 1 AzureUser AzureUser 2.4M Dec 19 22:48 Log-ThreadID:25.txt
-rw-rw-r-- 1 AzureUser AzureUser 5.3M Dec 19 22:48 Log-ThreadID:26.txt
-rw-rw-r-- 1 AzureUser AzureUser 9.5M Dec 19 22:48 Log-ThreadID:27.txt
-rw-rw-r-- 1 AzureUser AzureUser 2.4M Dec 19 22:48 Log-ThreadID:28.txt
-rw-rw-r-- 1 AzureUser AzureUser 9.5M Dec 19 22:48 Log-ThreadID:29.txt
-rw-rw-r-- 1 AzureUser AzureUser 5.3M Dec 19 22:48 Log-ThreadID:3.txt
-rw-rw-r-- 1 AzureUser AzureUser 5.3M Dec 19 22:48 Log-ThreadID:30.txt
-rw-rw-r-- 1 AzureUser AzureUser 9.5M Dec 19 22:48 Log-ThreadID:31.txt
-rw-rw-r-- 1 AzureUser AzureUser 9.5M Dec 19 22:48 Log-ThreadID:32.txt
-rw-rw-r-- 1 AzureUser AzureUser 9.6M Dec 19 22:48 Log-ThreadID:33.txt
-rw-rw-r-- 1 AzureUser AzureUser 3.7K Dec 19 22:47 Log-ThreadID:34.txt
-rw-rw-r-- 1 AzureUser AzureUser 5.3M Dec 19 22:48 Log-ThreadID:35.txt
-rw-rw-r-- 1 AzureUser AzureUser 9.5M Dec 19 22:48 Log-ThreadID:36.txt
-rw-rw-r-- 1 AzureUser AzureUser 5.3M Dec 19 22:48 Log-ThreadID:37.txt
-rw-rw-r-- 1 AzureUser AzureUser 9.5M Dec 19 22:48 Log-ThreadID:38.txt
-rw-rw-r-- 1 AzureUser AzureUser 9.5M Dec 19 22:48 Log-ThreadID:39.txt
-rw-rw-r-- 1 AzureUser AzureUser 5.3M Dec 19 22:48 Log-ThreadID:4.txt
-rw-rw-r-- 1 AzureUser AzureUser 2.4M Dec 19 22:48 Log-ThreadID:40.txt
-rw-rw-r-- 1 AzureUser AzureUser 9.6M Dec 19 22:48 Log-ThreadID:41.txt
-rw-rw-r-- 1 AzureUser AzureUser 2.4M Dec 19 22:48 Log-ThreadID:42.txt
-rw-rw-r-- 1 AzureUser AzureUser 2.4M Dec 19 22:48 Log-ThreadID:43.txt
-rw-rw-r-- 1 AzureUser AzureUser 9.5M Dec 19 22:48 Log-ThreadID:44.txt
-rw-rw-r-- 1 AzureUser AzureUser 253M Dec 19 22:48 Log-ThreadID:45.txt
-rw-rw-r-- 1 AzureUser AzureUser 252M Dec 19 22:48 Log-ThreadID:46.txt
-rw-rw-r-- 1 AzureUser AzureUser 258M Dec 19 22:48 Log-ThreadID:47.txt
-rw-rw-r-- 1 AzureUser AzureUser 250M Dec 19 22:48 Log-ThreadID:48.txt
-rw-rw-r-- 1 AzureUser AzureUser 260M Dec 19 22:48 Log-ThreadID:49.txt
-rw-rw-r-- 1 AzureUser AzureUser 5.3M Dec 19 22:48 Log-ThreadID:5.txt
-rw-rw-r-- 1 AzureUser AzureUser 252M Dec 19 22:48 Log-ThreadID:50.txt
-rw-rw-r-- 1 AzureUser AzureUser 254M Dec 19 22:48 Log-ThreadID:51.txt
-rw-rw-r-- 1 AzureUser AzureUser 255M Dec 19 22:48 Log-ThreadID:52.txt
-rw-rw-r-- 1 AzureUser AzureUser 252M Dec 19 22:48 Log-ThreadID:53.txt
-rw-rw-r-- 1 AzureUser AzureUser 254M Dec 19 22:48 Log-ThreadID:54.txt
-rw-rw-r-- 1 AzureUser AzureUser 253M Dec 19 22:48 Log-ThreadID:55.txt
-rw-rw-r-- 1 AzureUser AzureUser 252M Dec 19 22:48 Log-ThreadID:56.txt
-rw-rw-r-- 1 AzureUser AzureUser 259M Dec 19 22:48 Log-ThreadID:57.txt
-rw-rw-r-- 1 AzureUser AzureUser 258M Dec 19 22:48 Log-ThreadID:58.txt
-rw-rw-r-- 1 AzureUser AzureUser 2.6M Dec 19 22:47 Log-ThreadID:6.txt
-rw-rw-r-- 1 AzureUser AzureUser  756 Dec 19 22:48 Log-ThreadID:7.txt
-rw-rw-r-- 1 AzureUser AzureUser 2.4M Dec 19 22:48 Log-ThreadID:8.txt
-rw-rw-r-- 1 AzureUser AzureUser 2.4M Dec 19 22:48 Log-ThreadID:9.txt
drwxrwxr-x 2 AzureUser AzureUser   80 Dec 19 22:48 info
