paxos batch=50000 :::: 50000
kSTOBatchSize = 100
nthreads = 14
ParID now : 1
ParID now : 2
ParID now : 3
ParID now : 4
ParID now : 5
ParID now : 6
ParID now : 7
ParID now : 8
ParID now : 9
ParID now : 10
ParID now : 11
ParID now : 12
ParID now : 13
ParID now : 14
--------------------
Table Name= customer_0 ID= 10001
Table Name= customer_1 ID= 10002
Table Name= customer_10 ID= 10011
Table Name= customer_11 ID= 10012
Table Name= customer_12 ID= 10013
Table Name= customer_13 ID= 10014
Table Name= customer_2 ID= 10003
Table Name= customer_3 ID= 10004
Table Name= customer_4 ID= 10005
Table Name= customer_5 ID= 10006
Table Name= customer_6 ID= 10007
Table Name= customer_7 ID= 10008
Table Name= customer_8 ID= 10009
Table Name= customer_9 ID= 10010
Table Name= customer_name_idx_0 ID= 10015
Table Name= customer_name_idx_1 ID= 10016
Table Name= customer_name_idx_10 ID= 10025
Table Name= customer_name_idx_11 ID= 10026
Table Name= customer_name_idx_12 ID= 10027
Table Name= customer_name_idx_13 ID= 10028
Table Name= customer_name_idx_2 ID= 10017
Table Name= customer_name_idx_3 ID= 10018
Table Name= customer_name_idx_4 ID= 10019
Table Name= customer_name_idx_5 ID= 10020
Table Name= customer_name_idx_6 ID= 10021
Table Name= customer_name_idx_7 ID= 10022
Table Name= customer_name_idx_8 ID= 10023
Table Name= customer_name_idx_9 ID= 10024
Table Name= district_0 ID= 10029
Table Name= district_1 ID= 10030
Table Name= district_10 ID= 10039
Table Name= district_11 ID= 10040
Table Name= district_12 ID= 10041
Table Name= district_13 ID= 10042
Table Name= district_2 ID= 10031
Table Name= district_3 ID= 10032
Table Name= district_4 ID= 10033
Table Name= district_5 ID= 10034
Table Name= district_6 ID= 10035
Table Name= district_7 ID= 10036
Table Name= district_8 ID= 10037
Table Name= district_9 ID= 10038
Table Name= history_0 ID= 10043
Table Name= history_1 ID= 10044
Table Name= history_10 ID= 10053
Table Name= history_11 ID= 10054
Table Name= history_12 ID= 10055
Table Name= history_13 ID= 10056
Table Name= history_2 ID= 10045
Table Name= history_3 ID= 10046
Table Name= history_4 ID= 10047
Table Name= history_5 ID= 10048
Table Name= history_6 ID= 10049
Table Name= history_7 ID= 10050
Table Name= history_8 ID= 10051
Table Name= history_9 ID= 10052
Table Name= item ID= 10057
Table Name= new_order_0 ID= 10058
Table Name= new_order_1 ID= 10059
Table Name= new_order_10 ID= 10068
Table Name= new_order_11 ID= 10069
Table Name= new_order_12 ID= 10070
Table Name= new_order_13 ID= 10071
Table Name= new_order_2 ID= 10060
Table Name= new_order_3 ID= 10061
Table Name= new_order_4 ID= 10062
Table Name= new_order_5 ID= 10063
Table Name= new_order_6 ID= 10064
Table Name= new_order_7 ID= 10065
Table Name= new_order_8 ID= 10066
Table Name= new_order_9 ID= 10067
Table Name= oorder_0 ID= 10072
Table Name= oorder_1 ID= 10073
Table Name= oorder_10 ID= 10082
Table Name= oorder_11 ID= 10083
Table Name= oorder_12 ID= 10084
Table Name= oorder_13 ID= 10085
Table Name= oorder_2 ID= 10074
Table Name= oorder_3 ID= 10075
Table Name= oorder_4 ID= 10076
Table Name= oorder_5 ID= 10077
Table Name= oorder_6 ID= 10078
Table Name= oorder_7 ID= 10079
Table Name= oorder_8 ID= 10080
Table Name= oorder_9 ID= 10081
Table Name= oorder_c_id_idx_0 ID= 10086
Table Name= oorder_c_id_idx_1 ID= 10087
Table Name= oorder_c_id_idx_10 ID= 10096
Table Name= oorder_c_id_idx_11 ID= 10097
Table Name= oorder_c_id_idx_12 ID= 10098
Table Name= oorder_c_id_idx_13 ID= 10099
Table Name= oorder_c_id_idx_2 ID= 10088
Table Name= oorder_c_id_idx_3 ID= 10089
Table Name= oorder_c_id_idx_4 ID= 10090
Table Name= oorder_c_id_idx_5 ID= 10091
Table Name= oorder_c_id_idx_6 ID= 10092
Table Name= oorder_c_id_idx_7 ID= 10093
Table Name= oorder_c_id_idx_8 ID= 10094
Table Name= oorder_c_id_idx_9 ID= 10095
Table Name= order_line_0 ID= 10100
Table Name= order_line_1 ID= 10101
Table Name= order_line_10 ID= 10110
Table Name= order_line_11 ID= 10111
Table Name= order_line_12 ID= 10112
Table Name= order_line_13 ID= 10113
Table Name= order_line_2 ID= 10102
Table Name= order_line_3 ID= 10103
Table Name= order_line_4 ID= 10104
Table Name= order_line_5 ID= 10105
Table Name= order_line_6 ID= 10106
Table Name= order_line_7 ID= 10107
Table Name= order_line_8 ID= 10108
Table Name= order_line_9 ID= 10109
Table Name= stock_0 ID= 10114
Table Name= stock_1 ID= 10115
Table Name= stock_10 ID= 10124
Table Name= stock_11 ID= 10125
Table Name= stock_12 ID= 10126
Table Name= stock_13 ID= 10127
Table Name= stock_2 ID= 10116
Table Name= stock_3 ID= 10117
Table Name= stock_4 ID= 10118
Table Name= stock_5 ID= 10119
Table Name= stock_6 ID= 10120
Table Name= stock_7 ID= 10121
Table Name= stock_8 ID= 10122
Table Name= stock_9 ID= 10123
Table Name= stock_data_0 ID= 10128
Table Name= stock_data_1 ID= 10129
Table Name= stock_data_10 ID= 10138
Table Name= stock_data_11 ID= 10139
Table Name= stock_data_12 ID= 10140
Table Name= stock_data_13 ID= 10141
Table Name= stock_data_2 ID= 10130
Table Name= stock_data_3 ID= 10131
Table Name= stock_data_4 ID= 10132
Table Name= stock_data_5 ID= 10133
Table Name= stock_data_6 ID= 10134
Table Name= stock_data_7 ID= 10135
Table Name= stock_data_8 ID= 10136
Table Name= stock_data_9 ID= 10137
Table Name= warehouse_0 ID= 10142
Table Name= warehouse_1 ID= 10143
Table Name= warehouse_10 ID= 10152
Table Name= warehouse_11 ID= 10153
Table Name= warehouse_12 ID= 10154
Table Name= warehouse_13 ID= 10155
Table Name= warehouse_2 ID= 10144
Table Name= warehouse_3 ID= 10145
Table Name= warehouse_4 ID= 10146
Table Name= warehouse_5 ID= 10147
Table Name= warehouse_6 ID= 10148
Table Name= warehouse_7 ID= 10149
Table Name= warehouse_8 ID= 10150
Table Name= warehouse_9 ID= 10151
mt_get: 69398081, mt_put: 23304961, mt_del: 253051, mt_scan: 2918116, mt_rscan: 140260, ht_get: 0, ht_put: 0, ht_insert: 0, ht_del: 0
--------------------
Info folder has been generated okay ----<<<<<<
Total Delete Observed 0
Total Submits 0
175034.586951 175034.586951 0.079868 0.000000 16.144492 1575656
close handle all started
close_all all ok
-----------------------------
Log generation statistic
-----------------------------
Sec  	   unix  	       	     	Average  
Spent	timestamp	entries	Bytes	Entry Size
-----------------------------
0	1608418078	151	49	2669
1	1608418079	126545	11076	717
2	1608418080	209102	14800	579
3	1608418081	193150	18243	773
4	1608418082	154519	23026	1220
5	1608418083	173393	23742	1121
6	1608418084	174855	22388	1048
7	1608418085	173615	22156	1045
8	1608418086	178569	22934	1052
9	1608418087	177861	22787	1049
10	1608418088	178341	22916	1052
11	1608418089	177226	22703	1049
12	1608418090	177664	22709	1047
13	1608418091	174919	22335	1046
14	1608418092	177456	22700	1047
15	1608418093	177218	22681	1048
16	1608418094	178140	22816	1049
17	1608418095	177487	22824	1053
18	1608418096	176889	22738	1053
19	1608418097	174019	22439	1056
20	1608418098	178260	22696	1043
21	1608418099	177762	22678	1045
22	1608418100	177785	22820	1051
23	1608418101	76164	9695	1042
