total size of logs: 3723.85 MB, # of entries:144619797
Thread 0 gets started, coreid: 0, offset: 0
Thread 2 gets started, coreid: Thread 1 gets started, coreid: 21, offset: , offset: 260315613520631226

Thread 3 gets started, coreid: 3, offset: 780946839
Thread 4 gets started, coreid: 4, offset: 1041262452
Thread 5 gets started, coreid: 5, offset: 1301578065
Thread 6 gets started, coreid: 6, offset: 1561893678
Thread 7 gets started, coreid: 7, offset: 1822209291
Thread 8 gets started, coreid: 8, offset: 2082524904
Thread 9 gets started, coreid: 9, offset: 2342840517
Thread 10 gets started, coreid: 10, offset: 2603156130
Thread 11 gets started, coreid: 11, offset: 2863471743
Thread 12 gets started, coreid: 12, offset: 3123787356
Thread 13 gets started, coreid: 13, offset: 3384102969
Thread 14 gets started, coreid: 14, offset: 3644418582
[cost of second: 2.54, # of PUTs: 9660150]Thread: 0, coreid: 0 is completed!
[cost of second: 2.793, # of PUTs: 9660162]Thread: 14, coreid: 14 is completed!
[cost of second: 3.317, # of PUTs: 9660150]Thread: 1, coreid: 1 is completed!
[cost of second: 3.519, # of PUTs: 9660150]Thread: 8, coreid: 8 is completed!
[cost of second: 3.52, # of PUTs: 9660150]Thread: 10, coreid: 10 is completed!
[cost of second: 3.531, # of PUTs: 9660150]Thread: 12, coreid: 12 is completed!
[cost of second: 3.544, # of PUTs: 9660150]Thread: 5, coreid: 5 is completed!
[cost of second: 3.546, # of PUTs: 9660150]Thread: 6, coreid: 6 is completed!
[cost of second: 3.544, # of PUTs: 9660150]Thread: 9, coreid: 9 is completed!
[cost of second: 3.551, # of PUTs: 9660150]Thread: 11, coreid: 11 is completed!
[cost of second: 3.553, # of PUTs: 9660150]Thread: 13, coreid: 13 is completed!
[cost of second: 3.561, # of PUTs: 9660150]Thread: 7, coreid: 7 is completed!
[cost of second: 3.565, # of PUTs: 9660150]Thread: 3, coreid: 3 is completed!
[cost of second: 3.571, # of PUTs: 9660150]Thread: 4, coreid: 4 is completed!
[cost of second: 3.572, # of PUTs: 9660150]Thread: 2, coreid: 2 is completed!
Time Taken : 3573 millis
Replay Exec Spent 3.57346 sec for txns: 3878858
Throughput : 1.08546e+06 ops/sec
