total size of logs: 3773.31 MB, # of entries:146540649
Thread Thread 1 gets started, coreid: 0 gets started, coreid: 01, offset: , offset: 0263773152

Thread 3 gets started, coreid: Thread 2 gets started, coreid: 2, offset: 527546304
Thread Thread 5 gets started, coreid: 5, offset: 1318865760
4 gets started, coreid: 4, offset: 1055092608
3, offset: 791319456
Thread 6 gets started, coreid: 6, offset: 1582638912
Thread 7 gets started, coreid: 7, offset: 1846412064
Thread 8 gets started, coreid: 8, offset: 2110185216
Thread 9 gets started, coreid: 9, offset: 2373958368
Thread 10 gets started, coreid: 10, offset: 2637731520
Thread 11 gets started, coreid: 11, offset: 2901504672
Thread 12 gets started, coreid: 12, offset: 3165277824
Thread 13 gets started, coreid: 13, offset: 3429050976
Thread 14 gets started, coreid: 14, offset: 3692824128
[cost of second: 2.439, # of PUTs: 9788457]Thread: 0, coreid: 0 is completed!
[cost of second: 2.705, # of PUTs: 9788466]Thread: 14, coreid: 14 is completed!
[cost of second: 3.242, # of PUTs: 9788457]Thread: 1, coreid: 1 is completed!
[cost of second: 3.471, # of PUTs: 9788457]Thread: 10, coreid: 10 is completed!
[cost of second: 3.479, # of PUTs: 9788457]Thread: 6, coreid: 6 is completed!
[cost of second: 3.481, # of PUTs: 9788457]Thread: 7, coreid: 7 is completed!
[cost of second: 3.492, # of PUTs: 9788457]Thread: 3, coreid: 3 is completed!
[cost of second: 3.494, # of PUTs: 9788457]Thread: 12, coreid: 12 is completed!
[cost of second: 3.502, # of PUTs: 9788457]Thread: 8, coreid: 8 is completed!
[cost of second: 3.501, # of PUTs: 9788457]Thread: 11, coreid: 11 is completed!
[cost of second: 3.506, # of PUTs: 9788457]Thread: 9, coreid: 9 is completed!
[cost of second: 3.516, # of PUTs: 9788457]Thread: 5, coreid: 5 is completed!
[cost of second: 3.517, # of PUTs: 9788457]Thread: 4, coreid: 4 is completed!
[cost of second: 3.536, # of PUTs: 9788457]Thread: 2, coreid: 2 is completed!
[cost of second: 3.559, # of PUTs: 9788457]Thread: 13, coreid: 13 is completed!
Time Taken : 3568 millis
Replay Exec Spent 3.56812 sec for txns: 3928435
Throughput : 1.10098e+06 ops/sec
