paxos batch=50000 :::: 50000
kSTOBatchSize = 100
nthreads = 16
ParID now : 1
ParID now : 2
ParID now : 3
ParID now : 4
ParID now : 5
ParID now : 6
ParID now : 7
ParID now : 8
ParID now : 9
ParID now : 10
ParID now : 11
ParID now : 12
ParID now : 13
ParID now : 14
ParID now : 15
ParID now : 16
--------------------
Table Name= customer_0 ID= 10001
Table Name= customer_1 ID= 10002
Table Name= customer_10 ID= 10011
Table Name= customer_11 ID= 10012
Table Name= customer_12 ID= 10013
Table Name= customer_13 ID= 10014
Table Name= customer_14 ID= 10015
Table Name= customer_15 ID= 10016
Table Name= customer_2 ID= 10003
Table Name= customer_3 ID= 10004
Table Name= customer_4 ID= 10005
Table Name= customer_5 ID= 10006
Table Name= customer_6 ID= 10007
Table Name= customer_7 ID= 10008
Table Name= customer_8 ID= 10009
Table Name= customer_9 ID= 10010
Table Name= customer_name_idx_0 ID= 10017
Table Name= customer_name_idx_1 ID= 10018
Table Name= customer_name_idx_10 ID= 10027
Table Name= customer_name_idx_11 ID= 10028
Table Name= customer_name_idx_12 ID= 10029
Table Name= customer_name_idx_13 ID= 10030
Table Name= customer_name_idx_14 ID= 10031
Table Name= customer_name_idx_15 ID= 10032
Table Name= customer_name_idx_2 ID= 10019
Table Name= customer_name_idx_3 ID= 10020
Table Name= customer_name_idx_4 ID= 10021
Table Name= customer_name_idx_5 ID= 10022
Table Name= customer_name_idx_6 ID= 10023
Table Name= customer_name_idx_7 ID= 10024
Table Name= customer_name_idx_8 ID= 10025
Table Name= customer_name_idx_9 ID= 10026
Table Name= district_0 ID= 10033
Table Name= district_1 ID= 10034
Table Name= district_10 ID= 10043
Table Name= district_11 ID= 10044
Table Name= district_12 ID= 10045
Table Name= district_13 ID= 10046
Table Name= district_14 ID= 10047
Table Name= district_15 ID= 10048
Table Name= district_2 ID= 10035
Table Name= district_3 ID= 10036
Table Name= district_4 ID= 10037
Table Name= district_5 ID= 10038
Table Name= district_6 ID= 10039
Table Name= district_7 ID= 10040
Table Name= district_8 ID= 10041
Table Name= district_9 ID= 10042
Table Name= history_0 ID= 10049
Table Name= history_1 ID= 10050
Table Name= history_10 ID= 10059
Table Name= history_11 ID= 10060
Table Name= history_12 ID= 10061
Table Name= history_13 ID= 10062
Table Name= history_14 ID= 10063
Table Name= history_15 ID= 10064
Table Name= history_2 ID= 10051
Table Name= history_3 ID= 10052
Table Name= history_4 ID= 10053
Table Name= history_5 ID= 10054
Table Name= history_6 ID= 10055
Table Name= history_7 ID= 10056
Table Name= history_8 ID= 10057
Table Name= history_9 ID= 10058
Table Name= item ID= 10065
Table Name= new_order_0 ID= 10066
Table Name= new_order_1 ID= 10067
Table Name= new_order_10 ID= 10076
Table Name= new_order_11 ID= 10077
Table Name= new_order_12 ID= 10078
Table Name= new_order_13 ID= 10079
Table Name= new_order_14 ID= 10080
Table Name= new_order_15 ID= 10081
Table Name= new_order_2 ID= 10068
Table Name= new_order_3 ID= 10069
Table Name= new_order_4 ID= 10070
Table Name= new_order_5 ID= 10071
Table Name= new_order_6 ID= 10072
Table Name= new_order_7 ID= 10073
Table Name= new_order_8 ID= 10074
Table Name= new_order_9 ID= 10075
Table Name= oorder_0 ID= 10082
Table Name= oorder_1 ID= 10083
Table Name= oorder_10 ID= 10092
Table Name= oorder_11 ID= 10093
Table Name= oorder_12 ID= 10094
Table Name= oorder_13 ID= 10095
Table Name= oorder_14 ID= 10096
Table Name= oorder_15 ID= 10097
Table Name= oorder_2 ID= 10084
Table Name= oorder_3 ID= 10085
Table Name= oorder_4 ID= 10086
Table Name= oorder_5 ID= 10087
Table Name= oorder_6 ID= 10088
Table Name= oorder_7 ID= 10089
Table Name= oorder_8 ID= 10090
Table Name= oorder_9 ID= 10091
Table Name= oorder_c_id_idx_0 ID= 10098
Table Name= oorder_c_id_idx_1 ID= 10099
Table Name= oorder_c_id_idx_10 ID= 10108
Table Name= oorder_c_id_idx_11 ID= 10109
Table Name= oorder_c_id_idx_12 ID= 10110
Table Name= oorder_c_id_idx_13 ID= 10111
Table Name= oorder_c_id_idx_14 ID= 10112
Table Name= oorder_c_id_idx_15 ID= 10113
Table Name= oorder_c_id_idx_2 ID= 10100
Table Name= oorder_c_id_idx_3 ID= 10101
Table Name= oorder_c_id_idx_4 ID= 10102
Table Name= oorder_c_id_idx_5 ID= 10103
Table Name= oorder_c_id_idx_6 ID= 10104
Table Name= oorder_c_id_idx_7 ID= 10105
Table Name= oorder_c_id_idx_8 ID= 10106
Table Name= oorder_c_id_idx_9 ID= 10107
Table Name= order_line_0 ID= 10114
Table Name= order_line_1 ID= 10115
Table Name= order_line_10 ID= 10124
Table Name= order_line_11 ID= 10125
Table Name= order_line_12 ID= 10126
Table Name= order_line_13 ID= 10127
Table Name= order_line_14 ID= 10128
Table Name= order_line_15 ID= 10129
Table Name= order_line_2 ID= 10116
Table Name= order_line_3 ID= 10117
Table Name= order_line_4 ID= 10118
Table Name= order_line_5 ID= 10119
Table Name= order_line_6 ID= 10120
Table Name= order_line_7 ID= 10121
Table Name= order_line_8 ID= 10122
Table Name= order_line_9 ID= 10123
Table Name= stock_0 ID= 10130
Table Name= stock_1 ID= 10131
Table Name= stock_10 ID= 10140
Table Name= stock_11 ID= 10141
Table Name= stock_12 ID= 10142
Table Name= stock_13 ID= 10143
Table Name= stock_14 ID= 10144
Table Name= stock_15 ID= 10145
Table Name= stock_2 ID= 10132
Table Name= stock_3 ID= 10133
Table Name= stock_4 ID= 10134
Table Name= stock_5 ID= 10135
Table Name= stock_6 ID= 10136
Table Name= stock_7 ID= 10137
Table Name= stock_8 ID= 10138
Table Name= stock_9 ID= 10139
Table Name= stock_data_0 ID= 10146
Table Name= stock_data_1 ID= 10147
Table Name= stock_data_10 ID= 10156
Table Name= stock_data_11 ID= 10157
Table Name= stock_data_12 ID= 10158
Table Name= stock_data_13 ID= 10159
Table Name= stock_data_14 ID= 10160
Table Name= stock_data_15 ID= 10161
Table Name= stock_data_2 ID= 10148
Table Name= stock_data_3 ID= 10149
Table Name= stock_data_4 ID= 10150
Table Name= stock_data_5 ID= 10151
Table Name= stock_data_6 ID= 10152
Table Name= stock_data_7 ID= 10153
Table Name= stock_data_8 ID= 10154
Table Name= stock_data_9 ID= 10155
Table Name= warehouse_0 ID= 10162
Table Name= warehouse_1 ID= 10163
Table Name= warehouse_10 ID= 10172
Table Name= warehouse_11 ID= 10173
Table Name= warehouse_12 ID= 10174
Table Name= warehouse_13 ID= 10175
Table Name= warehouse_14 ID= 10176
Table Name= warehouse_15 ID= 10177
Table Name= warehouse_2 ID= 10164
Table Name= warehouse_3 ID= 10165
Table Name= warehouse_4 ID= 10166
Table Name= warehouse_5 ID= 10167
Table Name= warehouse_6 ID= 10168
Table Name= warehouse_7 ID= 10169
Table Name= warehouse_8 ID= 10170
Table Name= warehouse_9 ID= 10171
mt_get: 65680157, mt_put: 22301172, mt_del: 262074, mt_scan: 2786062, mt_rscan: 132745, ht_get: 0, ht_put: 0, ht_insert: 0, ht_del: 0
--------------------
Info folder has been generated okay ----<<<<<<
Total Delete Observed 0
Total Submits 0
165472.384599 165472.384599 0.096566 0.000000 14.594689 1488760
close handle all started
close_all all ok
-----------------------------
Log generation statistic
-----------------------------
Sec  	   unix  	       	     	Average  
Spent	timestamp	entries	Bytes	Entry Size
-----------------------------
0	1608418263	71638	6839	782
1	1608418264	183221	15783	705
2	1608418265	246945	12563	416
3	1608418266	145127	21550	1216
4	1608418267	144419	21721	1232
5	1608418268	161167	22351	1136
6	1608418269	167481	21607	1056
7	1608418270	168469	21712	1055
8	1608418271	168253	21520	1047
9	1608418272	167614	21486	1050
10	1608418273	168176	21742	1059
11	1608418274	168397	21699	1055
12	1608418275	168603	21954	1066
13	1608418276	168685	21696	1053
14	1608418277	168442	21806	1060
15	1608418278	168550	21728	1056
16	1608418279	168252	21588	1051
17	1608418280	168098	21574	1051
18	1608418281	167662	21493	1050
19	1608418282	168675	21497	1044
20	1608418283	167731	21703	1060
21	1608418284	167583	21630	1057
22	1608418285	167869	21670	1057
23	1608418286	1399	184	1077
