total size of logs: 3769.27 MB, # of entries:146383846
Thread Thread 10 gets started, coreid:  gets started, coreid: 01, offset: 0
Thread 3 gets started, coreid: 3, offset: 658727235
, offset: 219575745
Thread 2 gets started, coreid: 2, offset: 439151490
Thread 4 gets started, coreid: 4, offset: 878302980
Thread 5 gets started, coreid: 5, offset: 1097878725
Thread 6 gets started, coreid: 6, offset: 1317454470
Thread 7 gets started, coreid: 7, offset: 1537030215
Thread 8 gets started, coreid: 8, offset: 1756605960
Thread 9 gets started, coreid: 9, offset: 1976181705
Thread 10 gets started, coreid: 10, offset: 2195757450
Thread 11 gets started, coreid: 11, offset: 2415333195
Thread 12 gets started, coreid: 12, offset: 2634908940
Thread 13 gets started, coreid: 13, offset: 2854484685
Thread 14 gets started, coreid: 14, offset: 3074060430
Thread 15 gets started, coreid: 15, offset: 3293636175
Thread 16 gets started, coreid: 16, offset: 3513211920
Thread 17 gets started, coreid: 17, offset: 3732787665
[cost of second: 2.186, # of PUTs: 8148319]Thread: 0, coreid: 0 is completed!
[cost of second: 2.504, # of PUTs: 8148319]Thread: 1, coreid: 1 is completed!
[cost of second: 2.571, # of PUTs: 8148319]Thread: 16, coreid: 16 is completed!
[cost of second: 2.585, # of PUTs: 8148335]Thread: 17, coreid: 17 is completed!
[cost of second: 2.985, # of PUTs: 8148319]Thread: 11, coreid: 11 is completed!
[cost of second: 2.993, # of PUTs: 8148319]Thread: 2, coreid: 2 is completed!
[cost of second: 2.997, # of PUTs: 8148319]Thread: 13, coreid: 13 is completed!
[cost of second: 3.008, # of PUTs: 8148319]Thread: 6, coreid: 6 is completed!
[cost of second: 3.006, # of PUTs: 8148319]Thread: 10, coreid: 10 is completed!
[cost of second: 3.013, # of PUTs: 8148319]Thread: 3, coreid: 3 is completed!
[cost of second: 3.012, # of PUTs: 8148319]Thread: 12, coreid: 12 is completed!
[cost of second: 3.022, # of PUTs: 8148319]Thread: 7, coreid: 7 is completed!
[cost of second: 3.035, # of PUTs: 8148319]Thread: 9, coreid: 9 is completed!
[cost of second: 3.039, # of PUTs: 8148319]Thread: 8, coreid: 8 is completed!
[cost of second: 3.035, # of PUTs: 8148319]Thread: 14, coreid: 14 is completed!
[cost of second: 3.05, # of PUTs: 8148319]Thread: 4, coreid: 4 is completed!
[cost of second: 3.042, # of PUTs: 8148319]Thread: 15, coreid: 15 is completed!
[cost of second: 3.068, # of PUTs: 8148319]Thread: 5, coreid: 5 is completed!
Time Taken : 3069 millis
Replay Exec Spent 3.06987 sec for txns: 3952988
Throughput : 1.28767e+06 ops/sec
