paxos batch=50000 :::: 50000
kSTOBatchSize = 100
nthreads = 2
ParID now : 1
ParID now : 2
--------------------
Table Name= customer_0 ID= 10001
Table Name= customer_1 ID= 10002
Table Name= customer_name_idx_0 ID= 10003
Table Name= customer_name_idx_1 ID= 10004
Table Name= district_0 ID= 10005
Table Name= district_1 ID= 10006
Table Name= history_0 ID= 10007
Table Name= history_1 ID= 10008
Table Name= item ID= 10009
Table Name= new_order_0 ID= 10010
Table Name= new_order_1 ID= 10011
Table Name= oorder_0 ID= 10012
Table Name= oorder_1 ID= 10013
Table Name= oorder_c_id_idx_0 ID= 10014
Table Name= oorder_c_id_idx_1 ID= 10015
Table Name= order_line_0 ID= 10016
Table Name= order_line_1 ID= 10017
Table Name= stock_0 ID= 10018
Table Name= stock_1 ID= 10019
Table Name= stock_data_0 ID= 10020
Table Name= stock_data_1 ID= 10021
Table Name= warehouse_0 ID= 10022
Table Name= warehouse_1 ID= 10023
mt_get: 31400961, mt_put: 10057220, mt_del: 78615, mt_scan: 1272056, mt_rscan: 63237, ht_get: 0, ht_put: 0, ht_insert: 0, ht_del: 0
--------------------
Info folder has been generated okay ----<<<<<<
Total Delete Observed 0
Total Submits 0
157264.704218 157264.704218 0.012664 0.000000 13.993594 708779
close handle all started
close_all all ok
-----------------------------
Log generation statistic
-----------------------------
Sec  	   unix  	       	     	Average  
Spent	timestamp	entries	Bytes	Entry Size
-----------------------------
0	1608417111	1002	329	2694
1	1608417112	62543	4314	565
2	1608417113	141290	19172	1111
3	1608417114	158963	20558	1059
4	1608417115	157976	20431	1059
5	1608417116	158381	20488	1059
6	1608417117	158699	20603	1063
7	1608417118	159194	20639	1062
8	1608417119	158031	20545	1065
9	1608417120	158180	20276	1050
10	1608417121	158489	20407	1054
11	1608417122	157284	20394	1062
12	1608417123	6938	918	1084
