paxos batch=50000 :::: 50000
kSTOBatchSize = 100
nthreads = 20
ParID now : 1
ParID now : 2
ParID now : 3
ParID now : 4
ParID now : 5
ParID now : 6
ParID now : 7
ParID now : ParID now : 9
9
ParID now : 11
ParID now : 11
ParID now : 12
ParID now : 13
ParID now : 14
ParID now : 15
ParID now : 16
ParID now : 17
ParID now : 18
ParID now : 19
ParID now : 20
--------------------
Table Name= customer_0 ID= 10001
Table Name= customer_1 ID= 10002
Table Name= customer_10 ID= 10011
Table Name= customer_11 ID= 10012
Table Name= customer_12 ID= 10013
Table Name= customer_13 ID= 10014
Table Name= customer_14 ID= 10015
Table Name= customer_15 ID= 10016
Table Name= customer_16 ID= 10017
Table Name= customer_17 ID= 10018
Table Name= customer_18 ID= 10019
Table Name= customer_19 ID= 10020
Table Name= customer_2 ID= 10003
Table Name= customer_3 ID= 10004
Table Name= customer_4 ID= 10005
Table Name= customer_5 ID= 10006
Table Name= customer_6 ID= 10007
Table Name= customer_7 ID= 10008
Table Name= customer_8 ID= 10009
Table Name= customer_9 ID= 10010
Table Name= customer_name_idx_0 ID= 10021
Table Name= customer_name_idx_1 ID= 10022
Table Name= customer_name_idx_10 ID= 10031
Table Name= customer_name_idx_11 ID= 10032
Table Name= customer_name_idx_12 ID= 10033
Table Name= customer_name_idx_13 ID= 10034
Table Name= customer_name_idx_14 ID= 10035
Table Name= customer_name_idx_15 ID= 10036
Table Name= customer_name_idx_16 ID= 10037
Table Name= customer_name_idx_17 ID= 10038
Table Name= customer_name_idx_18 ID= 10039
Table Name= customer_name_idx_19 ID= 10040
Table Name= customer_name_idx_2 ID= 10023
Table Name= customer_name_idx_3 ID= 10024
Table Name= customer_name_idx_4 ID= 10025
Table Name= customer_name_idx_5 ID= 10026
Table Name= customer_name_idx_6 ID= 10027
Table Name= customer_name_idx_7 ID= 10028
Table Name= customer_name_idx_8 ID= 10029
Table Name= customer_name_idx_9 ID= 10030
Table Name= district_0 ID= 10041
Table Name= district_1 ID= 10042
Table Name= district_10 ID= 10051
Table Name= district_11 ID= 10052
Table Name= district_12 ID= 10053
Table Name= district_13 ID= 10054
Table Name= district_14 ID= 10055
Table Name= district_15 ID= 10056
Table Name= district_16 ID= 10057
Table Name= district_17 ID= 10058
Table Name= district_18 ID= 10059
Table Name= district_19 ID= 10060
Table Name= district_2 ID= 10043
Table Name= district_3 ID= 10044
Table Name= district_4 ID= 10045
Table Name= district_5 ID= 10046
Table Name= district_6 ID= 10047
Table Name= district_7 ID= 10048
Table Name= district_8 ID= 10049
Table Name= district_9 ID= 10050
Table Name= history_0 ID= 10061
Table Name= history_1 ID= 10062
Table Name= history_10 ID= 10071
Table Name= history_11 ID= 10072
Table Name= history_12 ID= 10073
Table Name= history_13 ID= 10074
Table Name= history_14 ID= 10075
Table Name= history_15 ID= 10076
Table Name= history_16 ID= 10077
Table Name= history_17 ID= 10078
Table Name= history_18 ID= 10079
Table Name= history_19 ID= 10080
Table Name= history_2 ID= 10063
Table Name= history_3 ID= 10064
Table Name= history_4 ID= 10065
Table Name= history_5 ID= 10066
Table Name= history_6 ID= 10067
Table Name= history_7 ID= 10068
Table Name= history_8 ID= 10069
Table Name= history_9 ID= 10070
Table Name= item ID= 10081
Table Name= new_order_0 ID= 10082
Table Name= new_order_1 ID= 10083
Table Name= new_order_10 ID= 10092
Table Name= new_order_11 ID= 10093
Table Name= new_order_12 ID= 10094
Table Name= new_order_13 ID= 10095
Table Name= new_order_14 ID= 10096
Table Name= new_order_15 ID= 10097
Table Name= new_order_16 ID= 10098
Table Name= new_order_17 ID= 10099
Table Name= new_order_18 ID= 10100
Table Name= new_order_19 ID= 10101
Table Name= new_order_2 ID= 10084
Table Name= new_order_3 ID= 10085
Table Name= new_order_4 ID= 10086
Table Name= new_order_5 ID= 10087
Table Name= new_order_6 ID= 10088
Table Name= new_order_7 ID= 10089
Table Name= new_order_8 ID= 10090
Table Name= new_order_9 ID= 10091
Table Name= oorder_0 ID= 10102
Table Name= oorder_1 ID= 10103
Table Name= oorder_10 ID= 10112
Table Name= oorder_11 ID= 10113
Table Name= oorder_12 ID= 10114
Table Name= oorder_13 ID= 10115
Table Name= oorder_14 ID= 10116
Table Name= oorder_15 ID= 10117
Table Name= oorder_16 ID= 10118
Table Name= oorder_17 ID= 10119
Table Name= oorder_18 ID= 10120
Table Name= oorder_19 ID= 10121
Table Name= oorder_2 ID= 10104
Table Name= oorder_3 ID= 10105
Table Name= oorder_4 ID= 10106
Table Name= oorder_5 ID= 10107
Table Name= oorder_6 ID= 10108
Table Name= oorder_7 ID= 10109
Table Name= oorder_8 ID= 10110
Table Name= oorder_9 ID= 10111
Table Name= oorder_c_id_idx_0 ID= 10122
Table Name= oorder_c_id_idx_1 ID= 10123
Table Name= oorder_c_id_idx_10 ID= 10132
Table Name= oorder_c_id_idx_11 ID= 10133
Table Name= oorder_c_id_idx_12 ID= 10134
Table Name= oorder_c_id_idx_13 ID= 10135
Table Name= oorder_c_id_idx_14 ID= 10136
Table Name= oorder_c_id_idx_15 ID= 10137
Table Name= oorder_c_id_idx_16 ID= 10138
Table Name= oorder_c_id_idx_17 ID= 10139
Table Name= oorder_c_id_idx_18 ID= 10140
Table Name= oorder_c_id_idx_19 ID= 10141
Table Name= oorder_c_id_idx_2 ID= 10124
Table Name= oorder_c_id_idx_3 ID= 10125
Table Name= oorder_c_id_idx_4 ID= 10126
Table Name= oorder_c_id_idx_5 ID= 10127
Table Name= oorder_c_id_idx_6 ID= 10128
Table Name= oorder_c_id_idx_7 ID= 10129
Table Name= oorder_c_id_idx_8 ID= 10130
Table Name= oorder_c_id_idx_9 ID= 10131
Table Name= order_line_0 ID= 10142
Table Name= order_line_1 ID= 10143
Table Name= order_line_10 ID= 10152
Table Name= order_line_11 ID= 10153
Table Name= order_line_12 ID= 10154
Table Name= order_line_13 ID= 10155
Table Name= order_line_14 ID= 10156
Table Name= order_line_15 ID= 10157
Table Name= order_line_16 ID= 10158
Table Name= order_line_17 ID= 10159
Table Name= order_line_18 ID= 10160
Table Name= order_line_19 ID= 10161
Table Name= order_line_2 ID= 10144
Table Name= order_line_3 ID= 10145
Table Name= order_line_4 ID= 10146
Table Name= order_line_5 ID= 10147
Table Name= order_line_6 ID= 10148
Table Name= order_line_7 ID= 10149
Table Name= order_line_8 ID= 10150
Table Name= order_line_9 ID= 10151
Table Name= stock_0 ID= 10162
Table Name= stock_1 ID= 10163
Table Name= stock_10 ID= 10172
Table Name= stock_11 ID= 10173
Table Name= stock_12 ID= 10174
Table Name= stock_13 ID= 10175
Table Name= stock_14 ID= 10176
Table Name= stock_15 ID= 10177
Table Name= stock_16 ID= 10178
Table Name= stock_17 ID= 10179
Table Name= stock_18 ID= 10180
Table Name= stock_19 ID= 10181
Table Name= stock_2 ID= 10164
Table Name= stock_3 ID= 10165
Table Name= stock_4 ID= 10166
Table Name= stock_5 ID= 10167
Table Name= stock_6 ID= 10168
Table Name= stock_7 ID= 10169
Table Name= stock_8 ID= 10170
Table Name= stock_9 ID= 10171
Table Name= stock_data_0 ID= 10182
Table Name= stock_data_1 ID= 10183
Table Name= stock_data_10 ID= 10192
Table Name= stock_data_11 ID= 10193
Table Name= stock_data_12 ID= 10194
Table Name= stock_data_13 ID= 10195
Table Name= stock_data_14 ID= 10196
Table Name= stock_data_15 ID= 10197
Table Name= stock_data_16 ID= 10198
Table Name= stock_data_17 ID= 10199
Table Name= stock_data_18 ID= 10200
Table Name= stock_data_19 ID= 10201
Table Name= stock_data_2 ID= 10184
Table Name= stock_data_3 ID= 10185
Table Name= stock_data_4 ID= 10186
Table Name= stock_data_5 ID= 10187
Table Name= stock_data_6 ID= 10188
Table Name= stock_data_7 ID= 10189
Table Name= stock_data_8 ID= 10190
Table Name= stock_data_9 ID= 10191
Table Name= warehouse_0 ID= 10202
Table Name= warehouse_1 ID= 10203
Table Name= warehouse_10 ID= 10212
Table Name= warehouse_11 ID= 10213
Table Name= warehouse_12 ID= 10214
Table Name= warehouse_13 ID= 10215
Table Name= warehouse_14 ID= 10216
Table Name= warehouse_15 ID= 10217
Table Name= warehouse_16 ID= 10218
Table Name= warehouse_17 ID= 10219
Table Name= warehouse_18 ID= 10220
Table Name= warehouse_19 ID= 10221
Table Name= warehouse_2 ID= 10204
Table Name= warehouse_3 ID= 10205
Table Name= warehouse_4 ID= 10206
Table Name= warehouse_5 ID= 10207
Table Name= warehouse_6 ID= 10208
Table Name= warehouse_7 ID= 10209
Table Name= warehouse_8 ID= 10210
Table Name= warehouse_9 ID= 10211
mt_get: 117631889, mt_put: 39105189, mt_del: 399169, mt_scan: 4916723, mt_rscan: 237505, ht_get: 0, ht_put: 0, ht_insert: 0, ht_del: 0
--------------------
Info folder has been generated okay ----<<<<<<
Total Delete Observed 0
Total Submits 0
169330.931749 169330.931749 0.117992 0.000000 14.997284 2667312
close handle all started
close_all all ok
-----------------------------
Log generation statistic
-----------------------------
Sec  	   unix  	       	     	Average  
Spent	timestamp	entries	Bytes	Entry Size
-----------------------------
0	1608418567	813	267	2694
1	1608418568	144570	16449	932
2	1608418569	213940	16308	624
3	1608418570	268248	10964	334
4	1608418571	152502	22685	1218
5	1608418572	153189	23023	1231
6	1608418573	152994	22598	1210
7	1608418574	167997	21833	1064
8	1608418575	170651	21778	1045
9	1608418576	169036	21597	1046
10	1608418577	169282	21557	1043
11	1608418578	167498	21433	1048
12	1608418579	168480	21610	1050
13	1608418580	170232	21916	1054
14	1608418581	167792	21460	1047
15	1608418582	169135	21895	1060
16	1608418583	169041	21676	1050
17	1608418584	165648	21239	1050
18	1608418585	169119	21755	1053
19	1608418586	166498	21378	1051
20	1608418587	170499	21787	1046
21	1608418588	173126	22271	1053
22	1608418589	173711	22413	1056
23	1608418590	171709	21818	1040
24	1608418591	171763	21962	1047
25	1608418592	173958	22223	1046
26	1608418593	170748	21943	1052
27	1608418594	170593	22040	1058
28	1608418595	174136	22212	1044
29	1608418596	171438	22012	1051
30	1608418597	173834	22327	1052
31	1608418598	173789	22212	1047
32	1608418599	174261	22358	1051
33	1608418600	174491	22371	1050
34	1608418601	173760	22376	1054
35	1608418602	168866	21634	1049
36	1608418603	171701	22055	1052
37	1608418604	173090	22309	1055
38	1608418605	172522	22190	1053
