time	mem usage	cput0	cput1	cput2	cput3	cput4	cput5	cput6	cput7	cput8	cput9	cput10	cput11	cput12	cput13	cput14	cput15	cput16	cput17	cput18	cput19	cput20	cput21	cput22	cput23	cput24	cput25	cput26	cput27	cput28	cput29	cput30	cput31
2020-12-19 22:58:33.821869	1.09	0.0	0.0	0.0	0.0	0.0	0.0	0.0	0.0	100.0	100.0	100.0	0.0	0.0	0.0	100.0	100.0	0.0	100.0	100.0	0.0	100.0	0.0	0.0	0.0	0.0	0.0	0.0	0.0	0.0	0.0	0.0	0.0
2020-12-19 22:58:34.324293	5.07	77.6	72.0	73.5	58.3	58.3	56.0	69.4	57.1	90.0	91.8	90.0	90.2	92.0	90.0	90.0	89.8	72.5	98.0	98.0	100.0	92.0	70.6	96.2	75.0	36.7	32.7	32.0	29.4	63.3	30.0	36.7	28.0
2020-12-19 22:58:34.825953	6.11	84.0	79.6	84.0	77.6	85.7	77.6	83.3	77.6	89.8	83.7	88.0	87.8	85.7	87.5	89.8	85.4	87.2	89.8	91.8	88.2	90.2	85.4	89.4	89.8	0.0	0.0	2.0	0.0	0.0	0.0	0.0	0.0
2020-12-19 22:58:35.327760	6.66	96.2	96.0	98.0	98.0	98.0	98.0	98.0	96.0	98.0	96.1	98.0	98.0	96.1	98.0	98.0	96.0	49.0	81.6	63.0	77.1	55.1	62.7	51.1	71.4	0.0	0.0	0.0	0.0	0.0	0.0	0.0	0.0
2020-12-19 22:58:35.829304	7.08	93.7	91.8	98.0	93.8	94.0	93.9	94.0	91.8	92.2	91.7	93.9	92.2	95.7	91.5	92.2	90.0	26.0	15.4	19.1	29.2	28.0	22.4	20.8	16.3	0.0	0.0	0.0	2.0	0.0	0.0	0.0	0.0
2020-12-19 22:58:36.330875	7.3	65.3	80.9	62.5	76.0	62.7	64.6	64.6	68.0	65.3	64.0	61.7	61.7	65.3	62.7	62.0	58.8	14.6	0.0	16.3	0.0	16.7	21.6	0.0	16.7	0.0	0.0	0.0	0.0	2.0	0.0	0.0	0.0
2020-12-19 22:58:36.832249	7.38	20.8	20.8	22.4	20.8	17.0	17.4	20.8	11.6	18.8	17.4	17.4	20.8	17.4	15.6	18.7	20.8	20.4	0.0	22.4	0.0	25.0	24.5	0.0	20.4	0.0	0.0	0.0	0.0	0.0	0.0	0.0	0.0
2020-12-19 22:58:37.333608	7.47	18.2	26.0	17.8	24.5	17.8	21.3	17.0	14.0	26.0	22.4	21.3	21.3	19.6	26.0	21.3	24.5	0.0	0.0	0.0	0.0	0.0	2.0	0.0	0.0	0.0	0.0	0.0	2.0	0.0	0.0	0.0	0.0
2020-12-19 22:58:37.835037	7.73	30.6	31.4	24.5	19.1	23.9	26.0	30.0	27.5	27.7	29.2	25.0	26.0	25.0	23.4	27.5	26.0	26.5	26.5	30.2	24.0	18.4	0.0	0.0	0.0	2.0	0.0	0.0	0.0	2.0	0.0	5.9	0.0
2020-12-19 22:58:38.336430	7.74	23.9	21.7	28.0	30.0	20.0	23.9	30.8	29.4	32.7	31.4	35.2	26.5	28.0	32.1	21.7	25.0	4.0	29.4	32.0	28.6	21.3	0.0	17.4	0.0	0.0	0.0	0.0	0.0	0.0	0.0	0.0	0.0
2020-12-19 22:58:38.837825	7.74	22.2	25.5	27.1	25.0	30.0	28.0	21.7	26.5	31.4	29.4	29.4	28.6	28.0	29.4	28.0	29.4	8.7	20.5	30.0	14.3	30.0	0.0	25.0	0.0	0.0	0.0	0.0	2.0	0.0	0.0	0.0	0.0
2020-12-19 22:58:39.339323	7.79	31.4	22.2	31.4	28.0	26.5	25.5	31.4	28.6	30.0	23.4	23.4	32.1	31.4	30.8	25.0	27.1	33.3	27.7	22.4	2.0	29.4	0.0	26.5	0.0	2.0	0.0	0.0	0.0	0.0	0.0	0.0	0.0
2020-12-19 22:58:39.840778	7.82	25.5	26.5	27.1	31.4	28.6	30.0	25.0	25.0	26.5	20.0	27.7	27.1	27.1	27.1	25.5	23.4	32.0	30.6	26.5	0.0	26.5	0.0	32.1	0.0	0.0	0.0	0.0	0.0	0.0	0.0	0.0	0.0
2020-12-19 22:58:40.342228	7.83	27.7	25.5	27.1	25.0	27.1	32.7	28.6	28.0	25.5	27.1	28.0	28.6	21.7	20.0	28.0	28.6	35.8	30.6	30.8	0.0	29.4	0.0	25.5	0.0	0.0	0.0	0.0	0.0	0.0	0.0	0.0	0.0
2020-12-19 22:58:40.843690	7.85	26.5	30.8	31.4	27.5	24.5	23.4	21.7	30.8	28.0	24.5	31.4	31.4	25.0	25.0	23.4	27.5	26.5	25.0	31.5	0.0	25.0	0.0	24.5	0.0	0.0	0.0	0.0	0.0	0.0	0.0	0.0	0.0
2020-12-19 22:58:41.345108	7.91	20.8	24.0	19.1	26.9	26.9	22.4	26.4	17.4	17.4	20.8	24.0	17.4	24.5	20.4	15.9	20.8	26.0	27.5	17.0	0.0	25.5	0.0	24.0	0.0	0.0	0.0	0.0	0.0	0.0	0.0	0.0	0.0
2020-12-19 22:58:41.846548	7.92	15.9	20.8	24.0	22.4	22.0	22.0	17.4	22.4	19.1	22.4	19.1	24.0	20.4	20.8	19.1	17.4	21.3	21.3	24.0	0.0	25.0	0.0	17.0	0.0	0.0	0.0	0.0	0.0	0.0	0.0	0.0	0.0
2020-12-19 22:58:42.347942	7.94	19.1	18.7	22.4	23.5	17.0	22.0	25.5	18.7	13.3	22.0	20.4	25.0	19.1	22.0	22.0	17.0	20.4	24.0	2.0	2.0	20.4	0.0	25.5	25.5	0.0	0.0	0.0	0.0	0.0	0.0	0.0	0.0
2020-12-19 22:58:42.849443	7.96	20.8	19.1	20.4	15.2	22.0	13.3	20.4	22.0	19.1	20.4	18.7	25.5	23.5	25.0	20.4	18.7	0.0	17.0	0.0	0.0	24.5	27.5	22.4	26.0	0.0	0.0	0.0	0.0	0.0	0.0	0.0	0.0
2020-12-19 22:58:43.350944	8.01	19.1	17.0	20.8	19.1	19.1	18.7	27.8	15.2	20.4	25.0	19.1	15.2	28.3	22.0	20.4	15.2	22.2	30.9	6.0	0.0	0.0	20.4	26.0	19.1	0.0	0.0	0.0	2.0	0.0	0.0	0.0	2.0
2020-12-19 22:58:43.852367	8.04	22.4	19.1	22.0	20.4	26.4	26.4	22.4	22.0	15.2	20.4	18.7	20.8	20.4	20.4	20.8	26.4	12.8	21.3	15.6	2.0	24.5	65.3	10.0	18.8	5.9	3.9	3.9	7.8	6.1	2.0	2.0	3.9
2020-12-19 22:58:44.353837	8.05	19.1	28.3	22.4	20.4	18.7	18.7	20.4	23.5	18.7	25.5	19.1	17.0	25.0	15.2	22.0	19.1	26.0	24.5	13.5	0.0	12.2	18.7	0.0	25.0	0.0	0.0	0.0	0.0	0.0	0.0	0.0	0.0
2020-12-19 22:58:44.855399	8.11	24.5	25.5	20.8	19.1	22.4	25.5	13.6	24.0	24.0	19.1	19.1	25.5	19.1	19.1	26.9	24.0	21.3	21.3	25.0	0.0	0.0	15.2	19.1	3.9	0.0	1.9	0.0	2.0	0.0	0.0	0.0	0.0
2020-12-19 22:58:45.356828	8.12	15.2	20.8	20.8	18.8	25.5	25.5	18.7	17.4	20.4	25.0	22.4	23.5	23.5	23.5	20.4	17.0	20.8	6.2	18.7	22.4	16.7	4.0	25.0	55.1	2.0	6.1	0.0	8.0	6.1	0.0	3.9	4.1
2020-12-19 22:58:45.858247	8.14	19.6	25.5	23.5	25.0	26.4	23.5	17.0	17.0	20.8	22.4	23.5	22.0	19.1	20.8	25.5	22.4	17.8	22.9	10.4	26.0	23.5	0.0	10.0	0.0	0.0	0.0	3.9	0.0	0.0	0.0	0.0	0.0
2020-12-19 22:58:46.359889	8.17	20.8	23.5	28.3	20.8	18.7	23.5	23.5	22.0	22.0	18.7	19.1	24.0	15.2	11.4	19.1	23.5	24.5	24.5	24.5	24.0	2.0	0.0	23.5	0.0	0.0	0.0	0.0	2.0	0.0	0.0	0.0	0.0
2020-12-19 22:58:46.861519	8.21	17.0	17.4	20.8	22.0	19.1	22.0	15.2	24.0	19.1	17.0	22.0	17.0	15.6	17.0	23.5	19.1	30.2	22.4	22.4	22.9	0.0	0.0	20.8	0.0	0.0	0.0	0.0	0.0	0.0	0.0	0.0	0.0
2020-12-19 22:58:47.363077	8.23	19.1	17.0	19.1	25.5	17.0	24.0	19.1	18.7	23.5	28.3	18.7	18.7	20.4	24.0	20.4	18.8	26.9	24.5	21.3	17.8	0.0	0.0	18.7	0.0	0.0	0.0	0.0	0.0	0.0	0.0	0.0	0.0
2020-12-19 22:58:47.864757	8.25	22.9	20.8	22.0	20.4	13.3	17.0	18.7	17.0	24.0	20.4	22.4	22.0	20.4	18.7	20.4	24.0	19.6	21.3	24.5	25.5	0.0	0.0	22.0	0.0	0.0	0.0	0.0	0.0	0.0	2.0	0.0	0.0
2020-12-19 22:58:48.366449	8.29	22.0	20.8	17.4	17.0	19.1	18.7	17.0	20.4	22.0	22.4	15.2	20.8	20.4	22.4	25.5	26.4	24.0	22.9	26.0	26.0	0.0	0.0	20.4	0.0	0.0	0.0	0.0	0.0	0.0	0.0	0.0	0.0
2020-12-19 22:58:48.867981	8.31	24.0	22.4	31.6	18.7	25.0	22.4	23.5	15.2	19.1	25.5	23.5	20.0	24.0	24.0	15.2	20.8	27.5	22.9	22.9	22.4	0.0	0.0	22.0	0.0	0.0	0.0	0.0	0.0	0.0	0.0	0.0	0.0
2020-12-19 22:58:49.369486	8.34	17.8	25.5	19.1	19.1	22.4	22.0	20.8	18.7	23.5	22.0	20.8	20.8	13.3	25.5	15.2	23.5	0.0	20.8	28.8	30.2	19.1	0.0	20.8	0.0	0.0	0.0	0.0	2.0	0.0	0.0	0.0	0.0
2020-12-19 22:58:49.870967	8.36	26.9	22.4	20.8	22.0	22.0	20.8	22.4	24.0	20.8	22.4	19.1	22.0	19.1	22.4	25.5	22.4	0.0	25.5	24.5	24.5	0.0	17.0	22.4	0.0	0.0	0.0	0.0	0.0	0.0	0.0	0.0	0.0
2020-12-19 22:58:50.372547	8.4	14.0	22.0	20.8	20.8	24.0	20.4	18.7	26.4	13.3	17.4	26.4	19.1	22.0	25.5	13.6	22.4	0.0	20.8	23.4	26.0	0.0	27.8	18.7	0.0	0.0	0.0	0.0	0.0	0.0	0.0	0.0	0.0
2020-12-19 22:58:50.874090	8.42	17.4	17.4	19.1	25.0	22.0	22.0	25.5	19.1	24.0	22.4	20.8	17.0	20.4	25.0	22.0	20.4	8.0	22.4	25.5	26.0	12.2	20.8	0.0	0.0	0.0	0.0	0.0	2.0	0.0	0.0	0.0	0.0
2020-12-19 22:58:51.375701	8.44	17.0	17.4	19.1	18.7	18.8	19.1	22.0	20.4	22.0	18.7	22.0	18.7	25.5	20.4	15.6	20.8	18.8	22.4	8.0	3.9	19.2	25.5	26.4	0.0	0.0	0.0	0.0	0.0	0.0	0.0	0.0	0.0
2020-12-19 22:58:51.877365	8.49	17.4	20.4	20.8	17.0	15.2	25.0	22.4	15.2	18.7	20.4	22.0	25.5	25.0	17.4	22.0	22.0	27.5	26.0	18.7	0.0	21.3	22.4	0.0	0.0	0.0	0.0	0.0	0.0	0.0	0.0	0.0	0.0
2020-12-19 22:58:52.378757	8.5	22.4	19.1	15.6	22.0	17.0	22.0	22.0	18.7	22.0	22.4	20.8	23.5	22.0	17.0	15.2	17.0	26.0	24.0	0.0	0.0	22.4	22.9	18.7	0.0	0.0	0.0	0.0	0.0	0.0	0.0	0.0	0.0
2020-12-19 22:58:52.880361	8.53	24.0	20.4	18.7	28.3	22.0	24.0	22.4	20.8	20.4	20.4	20.4	20.4	23.5	18.7	22.0	22.0	24.5	24.5	22.4	0.0	17.8	27.5	0.0	0.0	0.0	0.0	0.0	0.0	0.0	0.0	0.0	0.0
2020-12-19 22:58:53.381789	8.55	17.4	15.2	20.4	22.0	20.8	20.8	25.0	18.7	25.0	20.4	26.9	25.5	18.7	15.6	22.4	23.5	26.0	24.0	0.0	2.0	21.3	22.9	18.7	0.0	0.0	0.0	0.0	0.0	0.0	0.0	0.0	0.0
2020-12-19 22:58:53.883209	8.59	17.8	19.1	28.8	26.9	24.0	23.5	15.6	22.4	24.0	19.1	24.0	18.7	20.8	19.1	25.0	17.4	0.0	17.4	25.5	0.0	26.0	25.5	23.5	0.0	0.0	0.0	0.0	2.0	0.0	0.0	0.0	0.0
2020-12-19 22:58:54.384616	8.62	17.4	19.1	25.0	22.0	18.7	26.0	20.8	13.3	25.5	23.5	24.0	24.0	23.5	20.8	22.4	25.0	0.0	18.7	17.0	0.0	27.5	24.5	22.4	0.0	0.0	0.0	0.0	0.0	0.0	0.0	0.0	0.0
2020-12-19 22:58:54.886038	8.63	22.4	20.4	26.9	27.8	25.5	22.0	24.0	17.4	24.0	17.0	26.4	18.7	22.0	23.5	24.0	22.4	0.0	15.6	20.8	0.0	26.0	21.3	20.4	0.0	0.0	0.0	0.0	0.0	0.0	0.0	0.0	0.0
2020-12-19 22:58:55.387529	8.69	27.5	26.9	15.6	22.4	17.4	24.0	17.4	27.8	18.7	20.4	22.4	13.6	19.1	22.4	20.4	18.7	0.0	20.8	25.0	0.0	27.5	21.3	24.0	0.0	0.0	0.0	0.0	2.0	0.0	0.0	0.0	0.0
2020-12-19 22:58:55.889111	8.71	19.1	22.4	19.1	20.4	23.5	20.8	22.0	17.4	22.4	26.4	22.4	23.5	24.0	17.4	22.0	19.1	22.4	20.8	0.0	0.0	22.4	27.5	22.0	0.0	0.0	0.0	0.0	0.0	0.0	0.0	0.0	0.0
2020-12-19 22:58:56.390562	8.71	17.4	24.0	23.5	20.4	19.1	23.5	19.1	22.4	24.0	20.8	20.4	22.4	20.8	22.4	15.6	20.4	0.0	19.1	22.4	0.0	24.5	20.8	22.0	0.0	0.0	0.0	0.0	0.0	0.0	0.0	0.0	0.0
2020-12-19 22:58:56.891960	8.74	19.6	19.1	25.5	13.3	22.4	24.0	26.9	22.4	22.4	24.0	19.1	20.8	19.1	22.0	15.2	26.9	0.0	18.7	23.5	0.0	19.6	27.5	20.8	0.0	0.0	0.0	0.0	0.0	0.0	0.0	0.0	0.0
2020-12-19 22:58:57.393341	8.78	17.4	15.6	25.5	25.5	20.8	17.4	25.5	24.0	27.8	20.4	20.8	22.4	25.0	26.9	20.8	17.0	0.0	20.8	20.8	0.0	22.9	28.8	20.4	0.0	0.0	0.0	0.0	0.0	0.0	0.0	0.0	0.0
2020-12-19 22:58:57.894733	8.81	17.4	23.5	17.4	25.0	20.4	28.3	24.0	22.4	19.1	24.0	20.8	22.4	23.5	24.0	18.7	19.1	0.0	22.0	22.0	0.0	22.4	19.6	15.2	0.0	0.0	0.0	0.0	0.0	0.0	0.0	0.0	0.0
2020-12-19 22:58:58.396239	8.83	20.8	26.9	17.4	19.1	20.8	17.4	22.4	26.9	23.5	22.0	19.1	20.8	22.4	22.0	22.4	18.7	0.0	26.9	23.5	0.0	28.8	19.6	18.7	0.0	0.0	0.0	0.0	0.0	0.0	0.0	0.0	0.0
2020-12-19 22:58:58.897701	8.85	26.0	22.4	20.4	19.1	24.0	13.3	25.0	24.0	24.0	13.3	20.4	20.4	24.0	19.1	23.5	18.8	0.0	22.4	22.4	0.0	22.9	21.3	24.0	0.0	0.0	0.0	0.0	0.0	0.0	0.0	0.0	0.0
2020-12-19 22:58:59.399198	8.9	17.4	22.4	17.4	22.4	25.5	28.3	15.2	24.0	18.7	22.4	20.8	24.0	25.0	22.4	18.7	19.1	0.0	22.0	20.4	0.0	26.0	22.9	18.7	0.0	0.0	0.0	0.0	0.0	0.0	0.0	0.0	0.0
2020-12-19 22:58:59.900774	8.91	24.0	19.1	20.4	15.6	22.0	20.8	17.4	20.8	24.0	26.9	20.8	18.8	22.4	19.1	26.9	20.4	0.0	22.4	20.4	0.0	15.9	21.3	22.0	0.0	0.0	0.0	0.0	2.0	0.0	0.0	0.0	0.0
2020-12-19 22:59:00.402358	8.93	19.1	20.4	24.0	17.0	17.4	22.0	17.4	20.8	18.7	20.4	23.5	19.1	25.0	22.0	20.4	22.4	28.0	24.5	20.8	0.0	0.0	23.5	15.6	0.0	0.0	0.0	0.0	0.0	0.0	0.0	0.0	0.0
2020-12-19 22:59:00.903804	8.99	17.4	20.8	26.9	21.3	17.4	27.5	22.4	24.0	24.5	19.1	24.0	22.4	24.0	17.4	18.7	20.4	0.0	24.0	24.0	0.0	25.0	24.5	18.7	0.0	0.0	0.0	0.0	0.0	0.0	0.0	0.0	0.0
2020-12-19 22:59:01.405199	9.0	15.9	26.9	22.4	19.1	22.4	22.0	27.5	21.3	19.1	26.0	20.8	20.4	24.0	26.9	20.8	20.8	8.0	24.0	24.0	0.0	16.3	19.6	22.0	0.0	0.0	0.0	0.0	0.0	0.0	0.0	0.0	0.0
2020-12-19 22:59:01.906625	9.02	24.0	20.8	20.8	19.1	22.0	25.5	22.4	22.0	25.5	19.1	25.5	24.0	22.0	20.4	23.5	22.0	0.0	23.5	18.7	0.0	22.4	22.9	25.5	0.0	0.0	0.0	0.0	0.0	0.0	0.0	0.0	0.0
2020-12-19 22:59:02.408712	9.05	20.8	20.8	22.4	22.0	20.8	25.5	26.4	19.1	17.0	20.4	23.5	18.7	20.8	19.1	15.2	20.8	25.5	27.5	0.0	0.0	19.1	24.5	25.5	0.0	0.0	0.0	0.0	0.0	0.0	0.0	0.0	0.0
