total 4.5G
-rw-rw-r-- 1 AzureUser AzureUser 5.3M Dec 19 23:02 Log-ThreadID:0.txt
-rw-rw-r-- 1 AzureUser AzureUser 5.3M Dec 19 23:02 Log-ThreadID:1.txt
-rw-rw-r-- 1 AzureUser AzureUser 9.6M Dec 19 23:03 Log-ThreadID:10.txt
-rw-rw-r-- 1 AzureUser AzureUser 9.5M Dec 19 23:03 Log-ThreadID:11.txt
-rw-rw-r-- 1 AzureUser AzureUser 9.6M Dec 19 23:03 Log-ThreadID:12.txt
-rw-rw-r-- 1 AzureUser AzureUser 2.6M Dec 19 23:02 Log-ThreadID:13.txt
-rw-rw-r-- 1 AzureUser AzureUser 5.3M Dec 19 23:02 Log-ThreadID:14.txt
-rw-rw-r-- 1 AzureUser AzureUser 5.3M Dec 19 23:02 Log-ThreadID:15.txt
-rw-rw-r-- 1 AzureUser AzureUser 5.3M Dec 19 23:02 Log-ThreadID:16.txt
-rw-rw-r-- 1 AzureUser AzureUser 5.3M Dec 19 23:02 Log-ThreadID:17.txt
-rw-rw-r-- 1 AzureUser AzureUser 5.3M Dec 19 23:02 Log-ThreadID:18.txt
-rw-rw-r-- 1 AzureUser AzureUser 5.3M Dec 19 23:02 Log-ThreadID:19.txt
-rw-rw-r-- 1 AzureUser AzureUser 5.3M Dec 19 23:02 Log-ThreadID:2.txt
-rw-rw-r-- 1 AzureUser AzureUser 2.4M Dec 19 23:02 Log-ThreadID:20.txt
-rw-rw-r-- 1 AzureUser AzureUser 6.1K Dec 19 23:03 Log-ThreadID:21.txt
-rw-rw-r-- 1 AzureUser AzureUser 5.3M Dec 19 23:02 Log-ThreadID:22.txt
-rw-rw-r-- 1 AzureUser AzureUser 9.6M Dec 19 23:03 Log-ThreadID:23.txt
-rw-rw-r-- 1 AzureUser AzureUser 2.4M Dec 19 23:02 Log-ThreadID:24.txt
-rw-rw-r-- 1 AzureUser AzureUser 9.6M Dec 19 23:03 Log-ThreadID:25.txt
-rw-rw-r-- 1 AzureUser AzureUser 9.5M Dec 19 23:03 Log-ThreadID:26.txt
-rw-rw-r-- 1 AzureUser AzureUser 2.4M Dec 19 23:02 Log-ThreadID:27.txt
-rw-rw-r-- 1 AzureUser AzureUser 9.6M Dec 19 23:03 Log-ThreadID:28.txt
-rw-rw-r-- 1 AzureUser AzureUser 5.3M Dec 19 23:02 Log-ThreadID:29.txt
-rw-rw-r-- 1 AzureUser AzureUser 5.3M Dec 19 23:02 Log-ThreadID:3.txt
-rw-rw-r-- 1 AzureUser AzureUser 5.3M Dec 19 23:02 Log-ThreadID:30.txt
-rw-rw-r-- 1 AzureUser AzureUser 5.3M Dec 19 23:02 Log-ThreadID:31.txt
-rw-rw-r-- 1 AzureUser AzureUser 9.6M Dec 19 23:03 Log-ThreadID:32.txt
-rw-rw-r-- 1 AzureUser AzureUser 5.3M Dec 19 23:02 Log-ThreadID:33.txt
-rw-rw-r-- 1 AzureUser AzureUser 2.4M Dec 19 23:02 Log-ThreadID:34.txt
-rw-rw-r-- 1 AzureUser AzureUser 2.4M Dec 19 23:02 Log-ThreadID:35.txt
-rw-rw-r-- 1 AzureUser AzureUser 2.4M Dec 19 23:02 Log-ThreadID:36.txt
-rw-rw-r-- 1 AzureUser AzureUser 5.3M Dec 19 23:02 Log-ThreadID:37.txt
-rw-rw-r-- 1 AzureUser AzureUser 2.4M Dec 19 23:02 Log-ThreadID:38.txt
-rw-rw-r-- 1 AzureUser AzureUser 2.4M Dec 19 23:02 Log-ThreadID:39.txt
-rw-rw-r-- 1 AzureUser AzureUser 5.3M Dec 19 23:02 Log-ThreadID:4.txt
-rw-rw-r-- 1 AzureUser AzureUser 2.4M Dec 19 23:02 Log-ThreadID:40.txt
-rw-rw-r-- 1 AzureUser AzureUser 2.4M Dec 19 23:02 Log-ThreadID:41.txt
-rw-rw-r-- 1 AzureUser AzureUser 9.6M Dec 19 23:03 Log-ThreadID:42.txt
-rw-rw-r-- 1 AzureUser AzureUser 2.4M Dec 19 23:02 Log-ThreadID:43.txt
-rw-rw-r-- 1 AzureUser AzureUser 9.6M Dec 19 23:03 Log-ThreadID:44.txt
-rw-rw-r-- 1 AzureUser AzureUser 9.6M Dec 19 23:03 Log-ThreadID:45.txt
-rw-rw-r-- 1 AzureUser AzureUser 9.6M Dec 19 23:03 Log-ThreadID:46.txt
-rw-rw-r-- 1 AzureUser AzureUser 2.4M Dec 19 23:02 Log-ThreadID:47.txt
-rw-rw-r-- 1 AzureUser AzureUser 2.4M Dec 19 23:02 Log-ThreadID:48.txt
-rw-rw-r-- 1 AzureUser AzureUser 2.4M Dec 19 23:02 Log-ThreadID:49.txt
-rw-rw-r-- 1 AzureUser AzureUser 5.3M Dec 19 23:02 Log-ThreadID:5.txt
-rw-rw-r-- 1 AzureUser AzureUser 9.5M Dec 19 23:03 Log-ThreadID:50.txt
-rw-rw-r-- 1 AzureUser AzureUser 2.4M Dec 19 23:02 Log-ThreadID:51.txt
-rw-rw-r-- 1 AzureUser AzureUser 2.4M Dec 19 23:02 Log-ThreadID:52.txt
-rw-rw-r-- 1 AzureUser AzureUser 9.5M Dec 19 23:03 Log-ThreadID:53.txt
-rw-rw-r-- 1 AzureUser AzureUser 5.3M Dec 19 23:02 Log-ThreadID:54.txt
-rw-rw-r-- 1 AzureUser AzureUser 9.5M Dec 19 23:03 Log-ThreadID:55.txt
-rw-rw-r-- 1 AzureUser AzureUser 9.5M Dec 19 23:03 Log-ThreadID:56.txt
-rw-rw-r-- 1 AzureUser AzureUser 2.4M Dec 19 23:02 Log-ThreadID:57.txt
-rw-rw-r-- 1 AzureUser AzureUser 9.6M Dec 19 23:03 Log-ThreadID:58.txt
-rw-rw-r-- 1 AzureUser AzureUser 9.6M Dec 19 23:03 Log-ThreadID:59.txt
-rw-rw-r-- 1 AzureUser AzureUser 5.3M Dec 19 23:02 Log-ThreadID:6.txt
-rw-rw-r-- 1 AzureUser AzureUser 2.4M Dec 19 23:02 Log-ThreadID:60.txt
-rw-rw-r-- 1 AzureUser AzureUser 9.6M Dec 19 23:02 Log-ThreadID:61.txt
-rw-rw-r-- 1 AzureUser AzureUser 2.4M Dec 19 23:02 Log-ThreadID:62.txt
-rw-rw-r-- 1 AzureUser AzureUser 9.5M Dec 19 23:03 Log-ThreadID:63.txt
-rw-rw-r-- 1 AzureUser AzureUser 5.3M Dec 19 23:02 Log-ThreadID:64.txt
-rw-rw-r-- 1 AzureUser AzureUser 9.5M Dec 19 23:03 Log-ThreadID:65.txt
-rw-rw-r-- 1 AzureUser AzureUser 2.4M Dec 19 23:02 Log-ThreadID:66.txt
-rw-rw-r-- 1 AzureUser AzureUser 2.4M Dec 19 23:02 Log-ThreadID:67.txt
-rw-rw-r-- 1 AzureUser AzureUser 9.5M Dec 19 23:03 Log-ThreadID:68.txt
-rw-rw-r-- 1 AzureUser AzureUser 2.4M Dec 19 23:02 Log-ThreadID:69.txt
-rw-rw-r-- 1 AzureUser AzureUser 5.3M Dec 19 23:02 Log-ThreadID:7.txt
-rw-rw-r-- 1 AzureUser AzureUser 9.5M Dec 19 23:03 Log-ThreadID:70.txt
-rw-rw-r-- 1 AzureUser AzureUser 1.3K Dec 19 23:03 Log-ThreadID:71.txt
-rw-rw-r-- 1 AzureUser AzureUser 180M Dec 19 23:03 Log-ThreadID:72.txt
-rw-rw-r-- 1 AzureUser AzureUser 178M Dec 19 23:03 Log-ThreadID:73.txt
-rw-rw-r-- 1 AzureUser AzureUser 178M Dec 19 23:03 Log-ThreadID:74.txt
-rw-rw-r-- 1 AzureUser AzureUser 178M Dec 19 23:03 Log-ThreadID:75.txt
-rw-rw-r-- 1 AzureUser AzureUser 178M Dec 19 23:03 Log-ThreadID:76.txt
-rw-rw-r-- 1 AzureUser AzureUser 177M Dec 19 23:03 Log-ThreadID:77.txt
-rw-rw-r-- 1 AzureUser AzureUser 181M Dec 19 23:03 Log-ThreadID:78.txt
-rw-rw-r-- 1 AzureUser AzureUser 176M Dec 19 23:03 Log-ThreadID:79.txt
-rw-rw-r-- 1 AzureUser AzureUser 2.4M Dec 19 23:02 Log-ThreadID:8.txt
-rw-rw-r-- 1 AzureUser AzureUser 179M Dec 19 23:03 Log-ThreadID:80.txt
-rw-rw-r-- 1 AzureUser AzureUser 178M Dec 19 23:03 Log-ThreadID:81.txt
-rw-rw-r-- 1 AzureUser AzureUser 179M Dec 19 23:03 Log-ThreadID:82.txt
-rw-rw-r-- 1 AzureUser AzureUser 181M Dec 19 23:03 Log-ThreadID:83.txt
-rw-rw-r-- 1 AzureUser AzureUser 177M Dec 19 23:03 Log-ThreadID:84.txt
-rw-rw-r-- 1 AzureUser AzureUser 192M Dec 19 23:03 Log-ThreadID:85.txt
-rw-rw-r-- 1 AzureUser AzureUser 190M Dec 19 23:03 Log-ThreadID:86.txt
-rw-rw-r-- 1 AzureUser AzureUser 180M Dec 19 23:03 Log-ThreadID:87.txt
-rw-rw-r-- 1 AzureUser AzureUser 189M Dec 19 23:03 Log-ThreadID:88.txt
-rw-rw-r-- 1 AzureUser AzureUser 180M Dec 19 23:03 Log-ThreadID:89.txt
-rw-rw-r-- 1 AzureUser AzureUser 5.3M Dec 19 23:02 Log-ThreadID:9.txt
-rw-rw-r-- 1 AzureUser AzureUser 189M Dec 19 23:03 Log-ThreadID:90.txt
-rw-rw-r-- 1 AzureUser AzureUser 191M Dec 19 23:03 Log-ThreadID:91.txt
-rw-rw-r-- 1 AzureUser AzureUser 188M Dec 19 23:03 Log-ThreadID:92.txt
-rw-rw-r-- 1 AzureUser AzureUser 191M Dec 19 23:03 Log-ThreadID:93.txt
-rw-rw-r-- 1 AzureUser AzureUser 178M Dec 19 23:03 Log-ThreadID:94.txt
drwxrwxr-x 2 AzureUser AzureUser   80 Dec 19 23:03 info
