total size of logs: 4500.7 MB, # of entries:174789767
Thread 0 gets started, coreid: 0, offset: 0
Thread 1 gets started, coreid: 1, offset: 196638462
Thread 2 gets started, coreid: 2, offset: 393276924
Thread 3 gets started, coreid: 3, offset: 589915386
Thread 4 gets started, coreid: 4, offset: 786553848
Thread 5 gets started, coreid: 5, offset: 983192310
Thread 6 gets started, coreid: 6, offset: 1179830772
Thread 7 gets started, coreid: 7, offset: 1376469234
Thread 8 gets started, coreid: 8, offset: 1573107696
Thread 9 gets started, coreid: 9, offset: 1769746158
Thread 10 gets started, coreid: 10, offset: 1966384620
Thread 11 gets started, coreid: 11, offset: 2163023082
Thread 12 gets started, coreid: 12, offset: 2359661544
Thread 13 gets started, coreid: 13, offset: 2556300006
Thread 14 gets started, coreid: 14, offset: 2752938468
Thread 15 gets started, coreid: 15, offset: 2949576930
Thread Thread 16 gets started, coreid: 17 gets started, coreid: 17Thread 18 gets started, coreid: 18, offset: 3539492316
, offset: Thread 19 gets started, coreid: 193342853854, offset: 
3736130778
16, offset: 3146215392
Thread 20 gets started, coreid: 20, offset: 3932769240
Thread 21 gets started, coreid: 21, offset: 4129407702
Thread 22 gets started, coreid: 22, offset: 4326046164
Thread 23 gets started, coreid: 23, offset: 4522684626
[cost of second: 2.042, # of PUTs: 7297131]Thread: 0, coreid: 0 is completed!
[cost of second: 2.052, # of PUTs: 7297131]Thread: 1, coreid: 1 is completed!
[cost of second: 2.642, # of PUTs: 7297131]Thread: 2, coreid: 2 is completed!
[cost of second: 2.721, # of PUTs: 7297131]Thread: 16, coreid: 16 is completed!
[cost of second: 2.723, # of PUTs: 7297131]Thread: 22, coreid: 22 is completed!
[cost of second: 2.737, # of PUTs: 7297131]Thread: 17, coreid: 17 is completed!
[cost of second: 2.756, # of PUTs: 7297131]Thread: 5, coreid: 5 is completed!
[cost of second: 2.75, # of PUTs: 7297154]Thread: 23, coreid: 23 is completed!
[cost of second: 2.76, # of PUTs: 7297131]Thread: 19, coreid: 19 is completed!
[cost of second: 2.767, # of PUTs: 7297131]Thread: 21, coreid: 21 is completed!
[cost of second: 2.768, # of PUTs: 7297131]Thread: 20, coreid: 20 is completed!
[cost of second: 2.769, # of PUTs: 7297131]Thread: 18, coreid: 18 is completed!
[cost of second: 2.778, # of PUTs: 7297131]Thread: 13, coreid: 13 is completed!
[cost of second: 2.793, # of PUTs: 7297131]Thread: 9, coreid: 9 is completed!
[cost of second: 2.798, # of PUTs: 7297131]Thread: 6, coreid: 6 is completed!
[cost of second: 2.807, # of PUTs: 7297131]Thread: 3, coreid: 3 is completed!
[cost of second: 2.808, # of PUTs: 7297131]Thread: 7, coreid: 7 is completed!
[cost of second: 2.817, # of PUTs: 7297131]Thread: 4, coreid: 4 is completed!
[cost of second: 2.815, # of PUTs: 7297131]Thread: 8, coreid: 8 is completed!
[cost of second: 2.821, # of PUTs: 7297131]Thread: 15, coreid: 15 is completed!
[cost of second: 2.839, # of PUTs: 7297131]Thread: 10, coreid: 10 is completed!
[cost of second: 2.839, # of PUTs: 7297131]Thread: 12, coreid: 12 is completed!
[cost of second: 2.844, # of PUTs: 7297131]Thread: 14, coreid: 14 is completed!
[cost of second: 2.854, # of PUTs: 7297131]Thread: 11, coreid: 11 is completed!
Time Taken : 2863 millis
Replay Exec Spent 2.86354 sec for txns: 4735647
Throughput : 1.65378e+06 ops/sec
