time	mem usage	cput0	cput1	cput2	cput3	cput4	cput5	cput6	cput7	cput8	cput9	cput10	cput11	cput12	cput13	cput14	cput15	cput16	cput17	cput18	cput19	cput20	cput21	cput22	cput23	cput24	cput25	cput26	cput27	cput28	cput29	cput30	cput31
2020-12-19 23:05:15.885946	1.1	0.0	0.0	0.0	0.0	0.0	0.0	0.0	0.0	0.0	0.0	0.0	0.0	0.0	0.0	0.0	0.0	0.0	0.0	0.0	0.0	0.0	0.0	0.0	0.0	0.0	0.0	0.0	0.0	0.0	0.0	0.0	0.0
2020-12-19 23:05:16.387741	4.86	84.0	78.4	78.0	78.0	78.0	78.0	73.5	78.0	88.2	88.0	86.0	90.0	88.0	82.0	88.0	82.4	96.1	98.0	96.2	98.0	96.0	98.0	98.0	94.3	56.0	54.0	54.9	54.9	54.9	56.0	55.8	76.0
2020-12-19 23:05:16.889621	6.16	89.6	88.0	89.8	87.8	89.8	85.4	88.0	87.8	89.6	81.3	90.0	85.7	81.3	75.5	82.0	82.0	95.9	94.0	96.0	96.0	96.0	96.0	94.0	95.8	3.8	0.0	0.0	0.0	0.0	0.0	0.0	0.0
2020-12-19 23:05:17.390952	6.86	98.0	96.0	96.1	94.2	95.9	96.2	98.0	96.1	96.2	96.1	96.1	98.0	98.0	98.0	98.0	98.0	96.1	96.0	94.2	98.0	95.9	96.1	96.0	94.1	2.0	0.0	0.0	3.9	0.0	0.0	0.0	0.0
2020-12-19 23:05:17.892571	7.29	90.2	89.8	89.6	90.4	91.8	89.8	91.7	85.4	87.8	92.0	91.8	89.6	89.8	88.7	90.2	89.6	89.8	86.0	87.8	88.2	88.0	86.0	89.6	84.0	2.0	0.0	0.0	0.0	2.0	0.0	0.0	0.0
2020-12-19 23:05:18.394077	7.57	59.2	61.1	56.2	58.3	50.0	59.6	54.2	54.0	63.3	52.1	62.0	62.7	61.7	64.7	59.2	55.1	38.3	31.3	34.7	34.0	34.7	32.7	31.9	34.0	2.0	0.0	0.0	0.0	0.0	0.0	0.0	0.0
2020-12-19 23:05:18.895603	7.65	23.5	18.8	16.7	20.4	17.0	13.3	18.4	17.0	16.7	13.3	20.4	14.9	18.4	17.0	22.0	17.0	15.2	18.7	22.4	15.2	20.8	24.0	23.5	15.2	0.0	0.0	0.0	2.0	0.0	0.0	0.0	0.0
2020-12-19 23:05:19.397095	7.74	17.4	15.2	15.2	15.2	16.7	22.0	22.0	16.7	15.2	9.1	16.7	18.7	17.0	20.0	18.4	13.0	20.4	22.0	17.0	18.7	22.0	18.8	15.2	13.0	0.0	0.0	0.0	0.0	0.0	0.0	0.0	0.0
2020-12-19 23:05:19.898563	7.82	17.4	24.0	22.9	20.4	17.8	18.7	17.4	22.4	24.0	17.4	19.1	19.1	20.4	24.0	15.6	20.8	12.0	4.1	10.4	14.3	8.7	13.5	16.0	20.8	0.0	0.0	0.0	0.0	0.0	0.0	0.0	0.0
2020-12-19 23:05:20.400017	8.14	25.5	25.0	29.4	25.0	26.0	26.0	30.0	26.0	30.8	29.4	25.0	21.3	27.5	26.0	21.3	25.5	20.8	24.0	21.6	14.9	21.6	20.4	14.9	16.3	2.0	0.0	2.0	6.0	0.0	0.0	0.0	0.0
2020-12-19 23:05:20.901468	8.15	25.0	35.7	22.9	23.4	24.5	24.5	21.3	21.3	26.5	33.3	28.0	23.4	19.6	19.1	27.5	22.9	24.5	21.7	29.4	25.0	30.8	28.0	30.8	26.5	0.0	0.0	0.0	0.0	0.0	0.0	0.0	0.0
2020-12-19 23:05:21.402819	8.15	25.0	30.8	25.0	27.5	23.4	28.8	29.4	25.0	21.3	15.9	26.0	30.8	21.7	23.4	21.7	26.5	31.4	26.0	26.5	23.4	29.4	22.2	24.5	24.5	0.0	0.0	0.0	0.0	0.0	0.0	0.0	0.0
2020-12-19 23:05:21.904279	8.18	21.7	26.5	29.4	25.0	21.7	25.0	23.4	24.5	25.0	27.5	21.3	19.6	21.3	22.9	22.9	21.3	30.8	32.1	16.3	19.6	29.4	26.5	25.5	22.9	0.0	0.0	0.0	0.0	0.0	0.0	0.0	0.0
2020-12-19 23:05:22.405807	8.24	25.0	25.0	26.0	27.5	26.5	28.0	26.5	25.0	25.0	23.4	27.1	22.9	27.5	24.5	32.1	28.0	30.8	24.5	26.5	26.5	23.4	25.5	26.5	27.1	0.0	0.0	0.0	0.0	0.0	0.0	0.0	0.0
2020-12-19 23:05:22.907306	8.24	24.5	26.5	18.2	25.0	14.0	21.3	22.9	24.5	27.5	28.8	24.5	21.3	25.0	28.8	21.3	24.0	15.9	28.0	21.7	26.5	26.5	26.5	23.4	28.0	0.0	0.0	0.0	0.0	0.0	0.0	0.0	0.0
2020-12-19 23:05:23.408979	8.26	18.2	19.6	22.9	30.2	24.5	27.5	27.5	24.5	26.5	24.0	24.5	31.5	19.6	27.5	27.5	21.3	23.4	24.5	25.0	23.4	26.5	23.4	26.0	26.0	0.0	0.0	0.0	0.0	0.0	0.0	0.0	0.0
2020-12-19 23:05:23.910548	8.28	24.5	19.1	22.4	25.5	24.5	15.6	17.0	19.1	26.0	27.5	22.0	22.0	20.8	23.5	24.0	24.0	22.9	26.0	17.4	21.3	22.4	17.4	29.4	20.8	0.0	0.0	0.0	0.0	0.0	0.0	0.0	0.0
2020-12-19 23:05:24.412017	8.33	26.4	19.1	18.7	23.1	16.7	22.0	17.0	13.3	17.0	26.4	20.8	25.5	23.1	20.8	18.7	22.0	17.4	19.6	24.0	19.1	17.0	22.4	26.9	18.7	0.0	0.0	0.0	0.0	0.0	0.0	0.0	0.0
2020-12-19 23:05:24.913654	8.35	19.1	19.1	18.7	18.7	22.0	17.4	25.0	24.0	17.0	20.4	25.0	18.8	22.4	17.0	22.0	18.7	23.5	19.1	25.5	13.3	22.0	17.4	19.1	19.1	0.0	0.0	0.0	2.0	0.0	0.0	0.0	0.0
2020-12-19 23:05:25.415188	8.38	20.8	20.4	15.2	23.5	22.0	20.0	20.0	20.4	17.0	20.4	18.8	22.0	20.0	22.0	18.7	16.7	17.0	18.7	25.0	26.9	24.0	13.3	22.4	22.0	0.0	0.0	0.0	0.0	0.0	0.0	0.0	0.0
2020-12-19 23:05:25.916644	8.39	23.5	22.4	15.2	18.7	23.5	29.1	11.4	23.5	18.8	22.0	22.0	22.0	18.7	16.7	23.5	23.5	22.4	24.0	17.4	15.2	22.0	17.0	29.6	17.4	0.0	0.0	0.0	0.0	0.0	0.0	0.0	0.0
2020-12-19 23:05:26.418109	8.46	15.6	20.4	26.9	16.7	17.4	20.8	18.7	22.0	20.4	25.0	20.8	17.0	22.0	17.0	16.7	18.7	22.0	20.8	22.4	26.9	25.5	26.9	24.0	24.0	0.0	0.0	0.0	0.0	0.0	0.0	0.0	0.0
2020-12-19 23:05:26.919593	8.47	20.4	19.1	18.7	22.4	21.6	17.0	20.4	21.6	17.0	18.7	25.0	11.1	17.0	20.4	17.0	18.7	20.8	20.8	25.5	23.5	26.9	18.7	20.4	22.4	0.0	0.0	0.0	0.0	0.0	0.0	0.0	0.0
2020-12-19 23:05:27.421056	8.47	19.1	18.7	23.5	18.7	18.7	13.3	20.4	20.4	20.4	23.5	20.4	25.0	18.7	15.2	18.7	21.6	20.4	18.8	23.5	22.0	19.1	20.8	20.8	24.0	0.0	0.0	0.0	0.0	0.0	0.0	0.0	0.0
2020-12-19 23:05:27.922533	8.55	17.0	20.4	23.5	23.5	22.0	18.7	15.2	20.4	23.5	18.7	22.0	17.0	17.0	18.7	20.4	22.4	19.1	20.8	20.8	24.0	25.5	13.3	22.4	20.8	0.0	0.0	0.0	2.0	0.0	0.0	0.0	0.0
2020-12-19 23:05:28.423962	8.57	22.4	22.4	17.0	19.1	22.0	22.0	26.4	18.7	23.5	13.3	18.7	23.5	22.0	11.4	22.4	14.9	25.5	19.1	22.0	23.5	22.0	18.7	15.6	26.4	0.0	0.0	0.0	0.0	0.0	0.0	0.0	0.0
2020-12-19 23:05:28.925457	8.57	17.0	23.5	18.7	13.3	22.0	17.0	20.0	23.5	15.2	20.4	26.4	20.0	22.0	22.0	18.4	24.0	20.4	22.4	15.6	24.0	25.5	22.4	20.4	25.5	0.0	0.0	0.0	0.0	0.0	0.0	0.0	0.0
2020-12-19 23:05:29.426939	8.61	20.8	24.0	20.8	20.4	20.4	18.7	18.7	18.7	15.2	18.7	18.7	22.0	20.4	17.0	24.0	20.4	22.4	15.6	17.0	26.9	19.1	17.0	25.5	24.0	0.0	0.0	0.0	2.0	0.0	0.0	0.0	0.0
2020-12-19 23:05:29.928440	8.66	18.7	19.1	20.4	23.5	13.3	20.8	18.7	18.7	22.0	20.4	25.0	25.0	20.4	13.0	26.4	20.4	20.8	19.1	25.5	22.4	24.0	24.0	20.8	21.3	0.0	0.0	0.0	0.0	0.0	0.0	0.0	0.0
2020-12-19 23:05:30.429904	8.67	19.1	18.7	20.8	22.0	17.0	18.7	20.8	25.0	25.0	23.5	20.4	22.0	19.1	20.8	18.7	25.0	19.1	18.7	22.4	17.0	22.4	20.8	20.8	22.0	2.0	0.0	0.0	0.0	0.0	0.0	0.0	0.0
2020-12-19 23:05:30.931386	8.7	18.8	22.0	15.2	18.7	20.8	20.4	15.2	20.8	20.4	17.0	15.2	24.0	20.0	23.1	20.4	13.3	24.0	26.9	20.4	20.8	20.4	22.0	22.0	24.0	0.0	0.0	0.0	2.0	0.0	0.0	0.0	0.0
2020-12-19 23:05:31.432858	8.72	17.4	15.2	22.0	18.7	18.7	20.8	20.4	17.0	18.7	20.4	17.0	20.0	17.4	25.5	17.4	24.0	18.7	20.8	29.6	24.0	24.0	20.8	19.1	22.4	0.0	0.0	0.0	0.0	0.0	0.0	0.0	0.0
2020-12-19 23:05:31.934337	8.78	22.4	19.1	22.4	17.0	20.4	22.0	20.4	15.2	22.4	18.7	18.7	22.0	20.4	18.8	20.4	20.4	24.5	17.4	22.9	19.1	22.4	20.4	17.4	23.5	0.0	0.0	0.0	0.0	0.0	0.0	0.0	0.0
2020-12-19 23:05:32.435795	8.8	24.0	24.0	25.0	20.4	20.4	22.4	20.4	17.0	18.7	22.4	23.5	15.6	20.4	20.4	22.0	23.5	20.4	15.6	26.4	23.5	24.0	24.0	20.8	22.4	0.0	0.0	0.0	0.0	0.0	0.0	0.0	0.0
2020-12-19 23:05:32.937269	8.8	20.4	20.4	15.2	17.0	20.8	18.7	20.4	24.0	18.7	22.0	20.4	18.8	21.6	22.0	20.4	23.5	24.0	22.4	20.8	24.0	20.8	20.8	13.3	22.0	0.0	0.0	0.0	0.0	0.0	0.0	0.0	0.0
2020-12-19 23:05:33.438863	8.87	22.0	17.4	23.5	20.4	25.0	22.0	20.4	22.0	22.0	18.4	22.0	22.0	18.7	18.7	26.4	19.1	26.9	20.4	25.5	17.4	28.3	26.4	28.3	25.0	0.0	0.0	0.0	0.0	0.0	0.0	0.0	0.0
2020-12-19 23:05:33.940376	8.9	15.6	20.4	20.4	22.0	26.4	25.0	25.5	25.0	22.0	23.5	18.8	18.7	20.4	18.7	26.4	23.5	19.1	20.8	24.0	25.5	17.4	25.5	17.0	19.1	0.0	0.0	0.0	0.0	0.0	0.0	0.0	0.0
2020-12-19 23:05:34.441819	8.9	17.4	22.0	18.7	20.4	20.4	18.7	25.0	19.1	22.0	22.0	20.8	22.0	18.7	18.7	18.7	22.0	20.4	25.5	20.8	9.5	17.4	22.4	22.4	24.0	0.0	0.0	0.0	0.0	0.0	0.0	0.0	0.0
2020-12-19 23:05:34.943299	8.94	24.0	22.0	20.4	15.2	22.0	25.0	20.8	22.0	26.4	15.6	21.6	17.0	25.0	22.0	22.4	25.5	20.8	15.6	18.7	20.8	24.0	17.4	20.8	24.0	0.0	0.0	0.0	0.0	0.0	0.0	0.0	0.0
2020-12-19 23:05:35.444776	8.99	22.4	20.4	20.8	21.6	17.0	19.1	17.0	24.0	23.5	16.7	22.0	23.5	22.0	22.4	18.7	22.0	20.8	20.8	24.0	19.1	17.0	26.9	18.7	20.4	0.0	0.0	0.0	2.0	0.0	0.0	0.0	0.0
2020-12-19 23:05:35.946288	9.0	22.0	25.0	22.0	22.0	21.6	18.7	18.7	20.4	16.7	20.4	17.4	19.1	20.4	18.4	20.0	18.7	20.8	20.4	22.4	19.1	22.4	18.7	25.5	20.8	0.0	0.0	0.0	0.0	0.0	0.0	0.0	0.0
2020-12-19 23:05:36.447762	9.03	17.4	18.7	25.0	23.5	20.8	13.3	20.8	26.4	24.0	20.4	21.6	25.0	17.0	20.8	20.4	17.4	28.3	19.1	24.0	24.5	26.9	21.3	26.9	15.6	0.0	0.0	0.0	0.0	0.0	0.0	0.0	0.0
2020-12-19 23:05:36.949230	9.05	24.5	15.6	22.0	17.0	20.4	22.0	27.8	13.6	18.7	20.4	25.5	23.5	22.0	23.5	20.4	15.2	24.0	22.4	27.5	25.0	25.5	26.4	22.0	20.8	2.0	0.0	0.0	2.0	0.0	0.0	2.0	0.0
2020-12-19 23:05:37.450748	9.1	24.0	18.7	25.5	24.0	22.0	22.4	20.8	25.0	22.0	20.4	18.4	25.0	17.0	17.0	19.1	20.4	20.4	17.4	26.0	24.0	26.9	20.8	25.5	25.5	0.0	0.0	0.0	0.0	0.0	0.0	0.0	0.0
2020-12-19 23:05:37.952210	9.13	19.1	20.4	19.1	23.5	20.4	23.5	20.4	22.4	22.0	24.0	25.5	20.4	23.5	22.4	23.5	19.1	24.0	25.0	20.8	22.4	20.8	22.4	17.0	13.3	0.0	0.0	0.0	0.0	0.0	0.0	0.0	0.0
2020-12-19 23:05:38.453691	9.13	22.0	22.0	22.0	18.4	22.0	18.8	20.4	20.4	19.1	17.0	22.0	17.0	17.0	18.7	20.4	15.2	15.6	24.0	27.8	20.4	17.0	22.4	25.5	17.4	0.0	0.0	0.0	0.0	0.0	0.0	0.0	0.0
2020-12-19 23:05:38.955133	9.17	25.5	15.2	18.7	17.0	22.0	22.0	26.9	18.7	25.0	20.4	20.4	20.4	20.4	17.0	20.4	18.7	22.0	22.4	24.0	20.4	22.4	24.0	22.9	20.8	0.0	0.0	0.0	0.0	0.0	0.0	0.0	0.0
2020-12-19 23:05:39.456650	9.23	22.4	18.7	19.1	22.0	20.8	22.0	26.4	17.4	18.7	22.0	23.5	20.4	17.0	23.5	22.0	20.4	25.5	20.4	24.0	19.1	20.8	20.8	25.0	20.4	0.0	0.0	0.0	0.0	0.0	0.0	0.0	0.0
2020-12-19 23:05:39.958262	9.23	22.4	20.4	15.6	23.5	25.0	27.8	23.5	20.0	20.4	18.7	20.4	22.0	20.4	25.0	23.5	20.8	19.1	17.4	17.4	24.0	25.5	19.1	19.1	22.4	0.0	0.0	0.0	2.0	0.0	0.0	0.0	0.0
2020-12-19 23:05:40.459749	9.26	17.4	22.4	22.0	20.4	20.8	23.5	15.2	20.4	15.2	22.0	23.5	22.0	22.4	26.9	22.4	21.6	18.7	19.1	26.9	22.0	22.4	24.0	20.8	24.0	0.0	0.0	0.0	0.0	0.0	0.0	0.0	0.0
2020-12-19 23:05:40.961212	9.3	19.1	17.0	19.1	13.3	18.7	22.0	20.4	15.2	20.4	25.0	22.4	18.7	18.7	20.4	17.0	17.0	19.1	19.1	22.4	22.4	20.4	19.1	25.5	17.0	0.0	0.0	0.0	0.0	0.0	0.0	0.0	0.0
2020-12-19 23:05:41.462687	9.33	17.0	20.4	25.0	20.8	18.7	22.0	18.7	17.4	20.4	17.0	17.0	22.0	17.0	23.5	23.5	20.4	22.0	18.7	24.0	26.4	22.4	23.5	22.0	22.4	0.0	0.0	0.0	2.0	0.0	0.0	0.0	0.0
2020-12-19 23:05:41.964178	9.36	25.5	24.0	19.1	15.2	22.0	22.0	24.0	18.4	23.5	23.5	23.5	25.0	20.4	23.5	25.0	20.4	24.0	25.0	24.0	22.4	15.6	22.4	19.1	22.4	0.0	0.0	0.0	0.0	0.0	0.0	0.0	0.0
2020-12-19 23:05:42.465664	9.37	17.4	18.7	17.0	22.0	20.0	22.0	20.4	18.7	28.3	22.4	18.7	18.4	21.6	22.0	18.7	22.4	24.0	26.9	20.8	18.7	26.4	19.1	15.6	17.0	0.0	0.0	0.0	0.0	0.0	0.0	0.0	0.0
2020-12-19 23:05:42.967140	9.41	15.6	25.5	18.7	18.7	18.7	18.8	22.0	22.0	20.4	16.7	22.0	20.8	23.5	20.4	23.5	23.5	24.0	20.8	22.4	17.4	22.9	22.4	17.0	17.0	2.0	0.0	0.0	0.0	0.0	0.0	0.0	0.0
2020-12-19 23:05:43.468606	9.46	15.2	17.4	24.0	20.8	22.0	17.4	17.0	23.5	23.5	26.4	17.4	22.0	25.5	22.0	20.8	18.7	22.9	23.5	19.1	17.0	25.5	25.5	19.1	20.8	0.0	0.0	0.0	0.0	0.0	0.0	0.0	0.0
2020-12-19 23:05:43.970116	9.46	19.1	24.0	25.5	27.8	22.0	25.0	18.7	23.5	25.0	18.7	23.5	18.7	15.2	23.5	20.4	22.0	17.4	13.6	26.9	22.4	22.4	22.4	24.5	20.8	0.0	0.0	0.0	0.0	0.0	0.0	0.0	0.0
2020-12-19 23:05:44.471611	9.49	15.6	23.5	20.4	19.1	17.4	26.9	25.0	20.8	20.4	20.4	15.2	20.4	20.4	18.7	23.5	23.5	19.1	25.5	18.7	20.8	22.4	15.6	25.5	18.7	0.0	0.0	0.0	2.0	0.0	0.0	0.0	0.0
2020-12-19 23:05:44.973126	9.55	22.4	25.5	22.0	20.4	15.2	20.4	23.5	15.2	22.4	20.4	23.5	22.0	20.4	22.0	18.7	17.0	19.1	18.7	28.3	18.7	20.8	20.8	20.8	17.0	0.0	0.0	0.0	0.0	0.0	0.0	0.0	0.0
