total size of logs: 5292.36 MB, # of entries:205534850
Thread 0 gets started, coreid: 0, offset: 0
Thread 1 gets started, coreid: 1, offset: 205534827
Thread Thread 3 gets started, coreid: 23, offset: 616604481 gets started, coreid: 
2, offset: 411069654
Thread 4 gets started, coreid: 4, offset: 822139308
Thread 5 gets started, coreid: 5, offset: 1027674135
Thread 6 gets started, coreid: 6, offset: 1233208962
Thread 7 gets started, coreid: 7, offset: 1438743789
Thread 8 gets started, coreid: 8, offset: 1644278616
Thread 9 gets started, coreid: 9, offset: 1849813443
Thread 10 gets started, coreid: 10, offset: 2055348270
Thread 11 gets started, coreid: 11, offset: 2260883097
Thread 12 gets started, coreid: 12, offset: 2466417924
Thread 13 gets started, coreid: 13, offset: 2671952751
Thread 14 gets started, coreid: 14, offset: 2877487578
Thread 15 gets started, coreid: 15, offset: 3083022405
Thread 16 gets started, coreid: 16, offset: 3288557232
Thread 17 gets started, coreid: 17, offset: 3494092059
Thread 18 gets started, coreid: 18, offset: 3699626886
Thread 19 gets started, coreid: 19, offset: 3905161713
Thread 20 gets started, coreid: 20, offset: 4110696540
Thread 21 gets started, coreid: 21, offset: 4316231367
Thread 22 gets started, coreid: 22, offset: 4521766194
Thread 23 gets started, coreid: 23, offset: 4727301021
Thread 24 gets started, coreid: 24, offset: 4932835848
Thread 25 gets started, coreid: 25, offset: 5138370675
Thread 26 gets started, coreid: 26, offset: 5343905502
[cost of second: 1.972, # of PUTs: 7627293]Thread: 26, coreid: 26 is completed!
[cost of second: 2.187, # of PUTs: 7627269]Thread: 0, coreid: 0 is completed!
[cost of second: 2.198, # of PUTs: 7627269]Thread: 1, coreid: 1 is completed!
[cost of second: 2.575, # of PUTs: 7627269]Thread: 25, coreid: 25 is completed!
[cost of second: 2.577, # of PUTs: 7627269]Thread: 24, coreid: 24 is completed!
[cost of second: 2.843, # of PUTs: 7627269]Thread: 19, coreid: 19 is completed!
[cost of second: 2.858, # of PUTs: 7627269]Thread: 20, coreid: 20 is completed!
[cost of second: 2.893, # of PUTs: 7627269]Thread: 2, coreid: 2 is completed!
[cost of second: 2.88, # of PUTs: 7627269]Thread: 17, coreid: 17 is completed!
[cost of second: 2.877, # of PUTs: 7627269]Thread: 22, coreid: 22 is completed!
[cost of second: 2.883, # of PUTs: 7627269]Thread: 21, coreid: 21 is completed!
[cost of second: 2.885, # of PUTs: 7627269]Thread: 23, coreid: 23 is completed!
[cost of second: 2.9, # of PUTs: 7627269]Thread: 8, coreid: 8 is completed!
[cost of second: 2.898, # of PUTs: 7627269]Thread: 11, coreid: 11 is completed!
[cost of second: 2.902, # of PUTs: 7627269]Thread: 18, coreid: 18 is completed!
[cost of second: 2.913, # of PUTs: 7627269]Thread: 12, coreid: 12 is completed!
[cost of second: 2.917, # of PUTs: 7627269]Thread: 13, coreid: 13 is completed!
[cost of second: 2.923, # of PUTs: 7627269]Thread: 7, coreid: 7 is completed!
[cost of second: 2.915, # of PUTs: 7627269]Thread: 16, coreid: 16 is completed!
[cost of second: 2.93, # of PUTs: 7627269]Thread: 3, coreid: 3 is completed!
[cost of second: 2.939, # of PUTs: 7627269]Thread: 4, coreid: 4 is completed!
[cost of second: 2.943, # of PUTs: 7627269]Thread: 9, coreid: 9 is completed!
[cost of second: 2.945, # of PUTs: 7627269]Thread: 6, coreid: 6 is completed!
[cost of second: 2.946, # of PUTs: 7627269]Thread: 10, coreid: 10 is completed!
[cost of second: 2.943, # of PUTs: 7627269]Thread: 14, coreid: 14 is completed!
[cost of second: 2.952, # of PUTs: 7627269]Thread: 15, coreid: 15 is completed!
[cost of second: 2.963, # of PUTs: 7627269]Thread: 5, coreid: 5 is completed!
Time Taken : 2966 millis
Replay Exec Spent 2.96609 sec for txns: 5566663
Throughput : 1.87677e+06 ops/sec
