paxos batch=50000 :::: 50000
kSTOBatchSize = 100
nthreads = 3
ParID now : 1
ParID now : 2
ParID now : 3
--------------------
Table Name= customer_0 ID= 10001
Table Name= customer_1 ID= 10002
Table Name= customer_2 ID= 10003
Table Name= customer_name_idx_0 ID= 10004
Table Name= customer_name_idx_1 ID= 10005
Table Name= customer_name_idx_2 ID= 10006
Table Name= district_0 ID= 10007
Table Name= district_1 ID= 10008
Table Name= district_2 ID= 10009
Table Name= history_0 ID= 10010
Table Name= history_1 ID= 10011
Table Name= history_2 ID= 10012
Table Name= item ID= 10013
Table Name= new_order_0 ID= 10014
Table Name= new_order_1 ID= 10015
Table Name= new_order_2 ID= 10016
Table Name= oorder_0 ID= 10017
Table Name= oorder_1 ID= 10018
Table Name= oorder_2 ID= 10019
Table Name= oorder_c_id_idx_0 ID= 10020
Table Name= oorder_c_id_idx_1 ID= 10021
Table Name= oorder_c_id_idx_2 ID= 10022
Table Name= order_line_0 ID= 10023
Table Name= order_line_1 ID= 10024
Table Name= order_line_2 ID= 10025
Table Name= stock_0 ID= 10026
Table Name= stock_1 ID= 10027
Table Name= stock_2 ID= 10028
Table Name= stock_data_0 ID= 10029
Table Name= stock_data_1 ID= 10030
Table Name= stock_data_2 ID= 10031
Table Name= warehouse_0 ID= 10032
Table Name= warehouse_1 ID= 10033
Table Name= warehouse_2 ID= 10034
mt_get: 39625965, mt_put: 12772846, mt_del: 103852, mt_scan: 1619187, mt_rscan: 79626, ht_get: 0, ht_put: 0, ht_insert: 0, ht_del: 0
--------------------
Info folder has been generated okay ----<<<<<<
Total Delete Observed 0
Total Submits 0
198965.583832 198965.583832 0.015021 0.000000 12.694308 896286
close handle all started
close_all all ok
-----------------------------
Log generation statistic
-----------------------------
Sec  	   unix  	       	     	Average  
Spent	timestamp	entries	Bytes	Entry Size
-----------------------------
0	1608417159	62084	3882	512
1	1608417160	109379	14210	1064
2	1608417161	195043	25330	1063
3	1608417162	202052	26116	1058
4	1608417163	201881	25956	1053
5	1608417164	200137	25848	1058
6	1608417165	200737	25760	1051
7	1608417166	200860	26077	1063
8	1608417167	199821	25951	1063
9	1608417168	199769	25759	1056
10	1608417169	201215	25800	1050
11	1608417170	112473	14374	1046
