time	mem usage	cput0	cput1	cput2	cput3	cput4	cput5	cput6	cput7	cput8	cput9	cput10	cput11	cput12	cput13	cput14	cput15	cput16	cput17	cput18	cput19	cput20	cput21	cput22	cput23	cput24	cput25	cput26	cput27	cput28	cput29	cput30	cput31
2020-12-19 23:30:39.426500	1.06	0.0	0.0	0.0	0.0	0.0	0.0	0.0	0.0	0.0	0.0	0.0	0.0	0.0	0.0	0.0	0.0	0.0	0.0	0.0	0.0	0.0	0.0	0.0	0.0	100.0	100.0	100.0	100.0	0.0	100.0	100.0	100.0
2020-12-19 23:30:39.930858	3.8	98.0	96.1	98.0	96.1	100.0	94.1	91.8	82.4	100.0	98.0	98.0	96.1	98.0	96.1	96.1	96.1	90.0	82.0	76.0	72.0	80.4	78.4	70.0	68.6	100.0	96.0	98.0	100.0	80.0	96.0	98.0	98.0
2020-12-19 23:30:40.432732	6.41	73.5	74.0	71.4	74.0	74.0	73.5	75.5	71.4	72.9	71.4	70.2	74.5	75.5	72.0	71.4	75.5	94.0	87.8	88.0	90.2	91.8	88.2	92.0	89.8	81.6	92.0	89.6	84.0	86.0	87.8	89.4	83.7
2020-12-19 23:30:40.934993	7.28	92.0	96.1	93.9	98.0	98.0	91.8	93.9	92.0	91.8	92.2	93.9	90.4	92.3	93.7	94.3	100.0	100.0	90.0	94.0	90.2	91.7	92.0	91.8	94.1	91.7	92.0	90.0	90.0	89.6	89.6	90.2	89.8
2020-12-19 23:30:41.436672	7.9	86.0	82.4	86.5	84.6	84.0	80.4	86.3	86.0	88.2	84.9	84.3	84.0	85.7	86.0	87.8	86.0	80.8	84.0	82.4	78.7	80.8	79.6	78.7	81.6	68.0	77.1	70.8	68.7	75.5	73.1	78.0	70.6
2020-12-19 23:30:41.938234	8.22	66.0	68.0	65.3	73.6	65.3	62.5	66.7	59.6	64.4	58.7	65.3	65.2	63.8	60.0	59.1	65.4	48.9	48.0	52.2	59.2	49.0	50.0	47.9	48.0	21.7	10.0	27.5	21.6	19.1	30.6	36.7	25.5
2020-12-19 23:30:42.439666	8.32	13.0	10.9	8.9	16.3	8.9	16.3	18.0	8.9	10.9	14.6	12.8	19.2	16.7	18.0	21.2	12.8	14.6	14.6	16.3	18.0	14.6	14.6	14.3	14.6	14.6	16.3	0.0	15.7	16.7	16.7	10.9	16.3
2020-12-19 23:30:42.941172	8.44	18.0	12.8	16.7	14.6	18.0	16.7	16.3	8.9	18.0	12.8	14.6	21.2	18.0	12.8	14.6	14.9	18.0	14.6	14.6	18.4	14.6	16.3	13.0	12.8	19.6	13.0	12.8	0.0	18.4	14.6	10.9	11.1
2020-12-19 23:30:43.442562	8.51	20.0	24.5	18.0	14.6	18.4	19.6	9.1	16.3	16.3	14.6	10.9	16.3	18.0	14.6	12.8	17.6	16.3	12.8	16.7	14.6	16.3	14.6	12.8	12.8	14.9	18.0	12.8	14.9	10.9	8.3	8.0	12.8
2020-12-19 23:30:43.943995	8.62	14.9	16.3	14.9	14.6	10.9	16.3	12.8	16.3	11.1	21.6	12.8	10.9	16.3	12.8	14.6	16.7	16.3	16.3	14.3	16.3	16.3	22.6	14.6	11.1	14.6	13.0	12.8	0.0	14.6	14.6	12.8	12.8
2020-12-19 23:30:44.445460	8.71	14.9	14.9	16.3	13.0	14.9	14.6	16.7	13.0	14.6	18.0	12.8	14.9	18.0	12.8	18.4	12.8	14.3	18.0	13.0	16.3	18.0	17.6	19.6	12.8	16.7	16.0	14.6	2.0	14.3	14.9	12.5	4.3
2020-12-19 23:30:44.946805	9.05	26.0	25.5	22.9	24.0	26.4	22.4	28.3	28.3	22.0	14.9	15.2	18.0	20.4	12.8	18.0	16.0	18.7	15.7	20.8	16.7	20.0	12.5	18.8	10.6	20.0	19.2	12.0	17.6	25.0	14.6	18.7	26.4
2020-12-19 23:30:45.448191	9.07	18.7	24.5	16.7	20.0	18.7	20.4	23.1	18.4	20.0	22.0	20.4	14.9	20.0	25.0	14.9	20.0	20.4	21.6	21.6	23.5	11.4	21.6	25.0	14.9	22.0	22.0	19.6	0.0	23.5	16.7	20.4	18.4
2020-12-19 23:30:45.949557	9.08	19.1	18.7	20.0	16.7	21.6	9.1	20.0	8.9	21.6	18.4	14.9	23.5	22.0	24.5	18.4	20.0	17.0	18.4	22.0	20.0	14.9	17.0	23.1	20.4	21.6	25.5	13.0	0.0	20.4	16.7	23.1	20.0
2020-12-19 23:30:46.451037	9.08	17.0	19.6	20.4	23.5	16.7	13.0	18.4	16.7	23.5	18.4	18.0	15.2	23.5	24.5	17.0	14.6	21.6	27.8	20.0	18.7	20.4	23.5	18.4	15.2	25.0	23.5	20.0	0.0	18.4	23.5	20.8	20.4
2020-12-19 23:30:46.952645	9.09	18.7	15.2	20.0	24.5	20.4	20.4	18.7	16.7	16.7	23.1	20.4	20.0	18.4	14.9	20.0	13.3	13.0	16.7	22.0	18.4	23.1	23.1	22.4	23.1	23.5	12.2	18.4	8.0	21.6	20.4	21.6	20.4
2020-12-19 23:30:47.454182	9.13	21.6	21.6	18.7	20.0	18.4	22.0	18.4	18.4	20.4	18.7	20.0	20.0	16.7	22.0	18.4	18.4	22.0	20.4	16.7	20.0	20.8	21.6	16.7	25.0	18.0	0.0	16.7	20.0	26.4	21.6	22.0	22.0
2020-12-19 23:30:47.955658	9.19	17.0	25.0	22.0	20.4	24.5	18.4	23.1	21.6	20.4	26.4	20.4	23.5	22.0	14.9	18.4	20.0	21.6	21.6	22.0	22.0	23.1	18.7	22.0	22.0	20.4	0.0	19.1	21.6	20.4	14.9	18.7	16.7
2020-12-19 23:30:48.457127	9.2	27.8	18.4	18.4	20.4	20.0	14.9	18.8	14.9	14.9	23.1	14.9	18.7	23.1	16.7	14.9	20.0	21.6	17.0	23.1	18.7	18.4	18.4	18.4	16.7	20.0	0.0	20.0	18.7	17.0	20.0	21.6	20.0
2020-12-19 23:30:48.958607	9.2	20.4	14.9	13.3	18.4	20.0	13.3	24.5	15.2	17.0	26.4	23.1	18.4	22.0	18.7	20.4	18.4	23.5	21.6	16.7	22.0	20.4	23.1	22.0	15.2	18.0	0.0	17.0	20.4	25.9	23.5	29.6	18.7
2020-12-19 23:30:49.460027	9.24	25.0	22.0	25.9	13.0	21.2	20.0	16.3	18.4	18.4	24.5	20.0	18.4	13.0	14.6	18.4	13.3	16.7	18.7	20.0	13.0	23.5	23.1	21.6	14.9	21.6	0.0	20.0	21.6	18.7	21.6	20.4	20.0
2020-12-19 23:30:49.961520	9.24	18.4	20.8	16.3	14.3	12.5	19.6	18.0	8.9	18.0	19.6	10.9	12.5	18.0	16.3	26.8	18.0	16.3	14.6	23.5	12.8	13.0	10.9	14.6	16.3	16.3	0.0	14.6	17.6	20.0	12.8	14.6	18.0
2020-12-19 23:30:50.462768	9.32	19.6	14.3	16.0	16.0	16.0	16.0	10.6	19.2	10.6	14.3	16.3	17.6	19.6	19.2	16.3	14.6	14.6	16.0	10.6	14.3	12.5	16.3	16.0	16.0	15.7	0.0	18.0	12.8	19.6	19.6	10.6	14.3
2020-12-19 23:30:50.964122	9.33	17.6	14.3	18.0	12.8	17.6	16.0	12.5	14.3	12.5	17.6	16.0	16.0	19.2	19.6	16.3	16.0	14.3	14.6	21.2	14.6	14.6	18.0	16.3	18.0	20.4	6.3	17.0	12.8	14.6	12.2	18.4	8.2
2020-12-19 23:30:51.465543	9.37	16.7	17.4	18.0	26.4	16.7	17.6	18.4	12.5	14.6	30.0	18.0	14.6	14.6	14.3	14.6	10.9	16.0	10.6	14.3	14.3	14.3	19.2	14.3	10.6	19.6	8.3	20.4	20.8	16.3	10.6	48.1	16.0
2020-12-19 23:30:51.967010	9.38	21.2	18.0	14.3	16.0	18.0	16.3	14.3	12.5	16.0	22.6	12.5	14.3	16.0	14.3	17.6	16.0	14.6	10.9	16.3	16.3	18.0	12.8	12.5	6.8	20.0	10.4	16.3	14.0	8.9	16.0	21.2	4.2
2020-12-19 23:30:52.468406	9.39	12.8	17.6	12.5	16.3	12.5	10.6	12.5	21.2	14.6	19.2	20.8	17.6	12.5	19.6	12.5	17.6	17.6	17.6	16.0	18.0	16.0	14.3	16.0	17.6	14.3	15.7	14.9	14.6	16.3	16.3	14.3	5.9
2020-12-19 23:30:52.969787	9.45	16.7	18.0	14.3	16.0	20.8	16.0	16.0	14.0	16.0	16.0	14.3	14.6	18.0	12.5	14.3	14.3	14.6	10.6	12.8	19.2	18.0	10.9	19.6	12.8	19.2	0.0	8.7	18.0	22.2	18.0	18.0	14.6
2020-12-19 23:30:53.471173	9.49	19.6	19.2	19.6	14.3	14.3	12.5	14.6	16.3	14.3	16.3	16.3	10.6	17.6	16.3	12.5	14.3	12.5	10.6	12.5	18.0	10.9	14.3	14.3	16.3	12.5	0.0	12.8	18.0	19.6	12.8	14.6	20.8
2020-12-19 23:30:53.972577	9.5	14.3	19.2	16.0	12.5	19.6	19.6	14.3	19.2	19.6	12.5	10.6	12.8	12.5	12.5	12.5	10.9	19.6	14.3	16.0	12.5	18.0	8.7	18.0	16.0	14.3	4.0	14.9	19.2	12.5	12.2	17.6	14.6
2020-12-19 23:30:54.474054	9.51	19.6	16.3	17.6	14.3	17.6	12.5	16.0	8.9	12.5	19.6	16.3	12.5	19.2	17.6	14.3	14.3	16.0	16.3	16.0	14.6	17.6	16.3	17.6	19.6	17.6	18.0	17.6	12.8	14.3	0.0	16.3	19.6
2020-12-19 23:30:54.975516	9.51	18.0	14.3	16.3	17.6	17.6	17.6	16.3	19.2	12.5	12.5	14.3	18.0	12.8	16.3	12.5	19.2	16.3	12.5	19.6	14.3	18.0	16.0	10.9	12.5	21.2	14.3	19.6	12.5	16.0	0.0	10.6	16.3
2020-12-19 23:30:55.476962	9.61	18.0	18.0	16.0	10.6	14.3	17.6	19.2	16.0	17.6	14.3	16.0	17.6	16.0	16.0	16.3	14.3	18.0	12.8	14.6	10.9	16.3	12.5	14.3	14.6	19.6	16.3	20.0	18.0	17.6	2.0	14.3	14.3
2020-12-19 23:30:55.978452	9.63	19.6	18.0	19.6	12.8	16.3	14.0	14.6	12.5	14.6	16.3	18.0	17.6	16.0	17.6	10.6	12.8	16.0	10.6	16.3	12.5	19.2	16.3	18.0	17.6	12.8	18.0	25.5	14.3	14.3	14.6	0.0	16.0
2020-12-19 23:30:56.479891	9.63	10.9	16.0	17.6	16.0	17.6	8.9	12.5	14.3	17.6	17.6	12.5	14.3	12.5	16.3	10.6	14.3	10.9	14.6	20.8	16.0	12.5	18.0	18.0	16.3	14.0	0.0	16.3	19.6	12.8	14.6	21.2	14.6
2020-12-19 23:30:56.981268	9.64	19.6	14.6	16.3	16.0	14.3	16.0	16.0	18.0	12.5	18.0	14.3	10.9	19.2	19.2	19.2	17.6	17.6	19.2	17.6	14.6	14.6	17.6	16.0	17.6	12.8	0.0	18.0	14.0	19.2	16.3	16.3	14.3
2020-12-19 23:30:57.482651	9.67	14.3	10.6	14.3	12.8	19.2	14.3	16.0	16.0	14.6	19.6	16.0	16.0	16.3	12.5	16.3	17.6	14.6	20.8	12.8	17.6	17.6	12.5	14.6	14.3	8.7	16.3	16.0	0.0	14.6	8.9	18.0	16.3
2020-12-19 23:30:57.984017	9.75	19.6	12.5	14.6	14.3	14.3	16.0	14.3	12.5	14.3	16.0	17.6	20.8	8.7	10.9	16.0	14.6	14.3	8.7	14.3	19.6	10.9	12.8	8.9	14.6	19.6	14.6	14.3	0.0	17.6	19.2	14.6	14.6
2020-12-19 23:30:58.485461	9.75	19.6	16.3	14.3	16.0	20.8	19.6	14.3	12.5	18.0	18.0	12.5	14.6	18.0	19.6	16.0	16.0	10.9	19.6	12.5	19.6	16.0	16.3	10.6	8.7	19.6	14.3	19.6	0.0	16.3	17.6	18.0	12.8
2020-12-19 23:30:58.986913	9.77	14.6	8.7	10.9	17.6	12.8	14.3	14.6	10.6	16.0	16.0	14.6	17.6	21.2	17.6	22.6	12.5	17.6	19.6	18.0	12.8	12.8	19.2	12.5	16.0	19.6	19.6	12.0	12.8	10.6	4.1	14.3	17.6
2020-12-19 23:30:59.488374	9.79	23.1	17.6	19.2	18.0	12.5	16.0	14.3	10.9	14.3	18.0	19.2	10.6	12.5	14.3	12.8	16.3	14.6	16.0	14.6	10.9	16.0	16.3	19.6	19.6	20.8	14.6	0.0	16.0	16.0	16.0	19.6	16.0
2020-12-19 23:30:59.989775	9.81	16.3	17.6	14.6	17.6	16.0	14.3	16.3	16.0	12.5	19.2	16.3	17.6	21.2	12.2	16.0	19.2	14.6	14.6	14.3	19.2	14.3	14.3	16.0	17.6	22.6	17.6	0.0	8.7	12.8	14.6	18.0	16.3
2020-12-19 23:31:00.491290	9.87	19.6	16.3	16.0	14.3	14.6	14.6	22.2	12.8	14.6	16.3	18.0	14.6	14.6	16.3	16.3	17.6	12.5	16.0	19.6	18.0	19.6	10.6	12.8	17.6	10.9	16.3	16.3	17.6	22.6	18.0	0.0	14.3
2020-12-19 23:31:00.992763	9.89	12.8	17.6	16.0	10.9	10.6	16.0	16.0	17.6	20.8	17.6	10.6	8.7	16.3	14.3	14.3	14.3	16.3	16.3	8.7	12.5	14.6	14.6	16.0	16.3	21.2	18.0	16.3	12.8	12.8	14.3	15.7	0.0
2020-12-19 23:31:01.494217	9.91	18.0	17.6	16.3	12.5	16.0	18.0	18.0	14.3	8.9	19.6	12.5	19.6	12.5	19.2	18.0	14.3	10.6	10.9	19.6	16.3	19.6	14.6	18.0	10.6	19.2	10.9	10.6	10.6	16.3	14.6	12.2	3.9
2020-12-19 23:31:01.995610	9.93	16.3	10.9	14.3	14.3	14.3	17.6	12.5	20.8	17.6	14.3	14.6	16.0	16.0	16.3	14.3	16.3	14.3	16.0	16.0	16.3	12.5	19.6	19.2	16.3	6.8	19.2	14.6	16.3	12.8	16.3	0.0	14.3
2020-12-19 23:31:02.497062	9.93	16.3	8.9	14.3	16.0	16.3	14.3	16.3	12.5	10.6	10.9	12.8	16.3	16.0	14.3	14.3	16.0	18.0	16.0	16.3	20.8	14.3	12.5	14.3	12.5	10.6	8.7	12.5	12.5	8.0	10.9	13.5	17.6
2020-12-19 23:31:02.998528	10.01	12.8	17.6	14.6	17.6	17.6	19.6	19.2	12.8	16.3	12.5	16.0	16.0	6.8	10.6	16.3	18.0	17.6	16.3	19.2	16.3	10.9	14.6	16.3	14.6	8.5	16.3	19.6	14.6	10.4	17.6	6.1	12.5
2020-12-19 23:31:03.499934	10.03	14.6	14.6	17.6	12.8	14.3	22.6	18.0	16.0	16.0	12.5	18.0	10.6	17.6	16.3	16.0	14.3	14.6	14.3	14.6	18.0	16.0	14.3	10.6	14.3	3.9	14.3	14.3	22.2	12.5	10.9	18.0	14.6
2020-12-19 23:31:04.001431	10.05	18.0	12.8	12.8	16.0	14.6	19.2	12.5	14.6	12.8	10.9	16.0	12.8	12.5	20.8	19.6	20.8	14.3	8.9	14.3	14.6	12.8	16.3	16.3	16.0	0.0	18.9	12.5	18.0	18.0	17.6	17.6	19.6
2020-12-19 23:31:04.502856	10.05	8.9	20.8	19.2	10.9	14.3	19.6	16.0	12.5	16.0	14.3	19.6	14.3	14.6	16.0	14.6	14.3	18.0	14.3	14.6	14.3	20.8	10.6	16.3	16.3	16.3	12.5	18.9	16.0	18.0	14.0	8.0	10.4
2020-12-19 23:31:05.004272	10.09	14.6	19.6	16.3	16.0	16.3	8.7	12.8	12.5	14.6	19.2	17.6	17.6	14.3	10.9	10.6	18.0	12.8	12.8	16.3	21.2	10.9	14.6	12.5	14.6	10.6	16.3	18.0	14.6	17.6	0.0	16.0	18.0
2020-12-19 23:31:05.505750	10.14	16.3	20.8	14.3	19.2	12.5	12.5	14.3	10.6	10.6	12.8	14.6	18.0	16.3	16.0	12.8	17.6	16.3	14.3	17.6	17.6	14.6	14.3	19.6	16.0	8.9	14.6	16.0	12.8	14.3	0.0	18.0	21.2
2020-12-19 23:31:06.007122	10.17	14.6	18.0	21.2	19.6	20.8	14.6	10.6	16.0	16.3	17.6	16.0	16.0	17.6	14.6	16.0	14.3	16.0	17.6	10.9	18.0	14.3	16.3	12.5	16.0	16.3	14.6	12.8	16.0	19.6	10.6	16.3	0.0
2020-12-19 23:31:06.508480	10.18	14.6	16.0	19.6	18.0	18.0	21.2	16.0	10.9	12.5	18.0	14.3	16.0	16.3	17.6	14.6	14.3	10.9	21.2	16.0	8.9	16.3	14.3	16.3	14.6	22.6	16.0	16.3	14.6	10.6	19.2	12.5	0.0
2020-12-19 23:31:07.009849	10.21	12.8	14.6	12.5	12.5	16.0	12.8	14.6	12.5	12.5	12.5	21.2	19.6	12.5	12.8	17.6	19.6	10.6	19.6	19.6	16.3	12.8	12.5	16.3	17.6	12.5	14.3	17.6	14.3	16.3	21.2	15.7	0.0
2020-12-19 23:31:07.511223	10.23	16.7	16.0	14.6	14.3	16.3	12.5	17.6	8.7	16.3	12.8	12.5	19.2	14.6	8.7	14.6	12.8	19.6	16.0	12.8	14.3	16.0	17.6	14.3	12.8	19.6	14.6	10.9	18.0	16.3	8.7	14.3	2.0
2020-12-19 23:31:08.012654	10.26	14.6	16.3	10.6	19.2	12.5	16.3	14.3	17.6	16.0	14.3	16.3	14.3	10.6	10.6	17.6	12.5	14.6	21.2	8.7	14.6	14.6	14.6	12.5	16.0	16.0	19.2	16.3	14.3	18.0	14.0	14.3	2.0
2020-12-19 23:31:08.514124	10.31	14.6	16.0	12.8	18.0	18.0	17.6	12.5	10.9	14.3	8.9	12.8	16.3	17.6	12.8	6.7	16.0	16.0	14.3	19.2	18.0	14.3	14.3	12.8	18.0	14.6	26.8	18.0	16.3	16.0	0.0	16.3	21.2
2020-12-19 23:31:09.015538	10.34	12.8	21.2	12.8	17.6	16.3	18.0	21.2	16.0	19.6	16.0	16.0	14.3	16.3	17.6	12.8	19.6	10.6	14.3	18.0	16.0	14.6	12.5	20.8	12.8	8.9	16.0	16.0	6.0	17.6	6.4	16.3	16.3
2020-12-19 23:31:09.516933	10.35	14.6	17.6	16.0	18.0	14.3	14.3	14.3	12.8	14.6	14.6	12.8	19.2	14.3	16.3	10.6	16.0	16.3	18.0	14.3	19.6	17.6	14.6	16.3	12.5	2.0	17.6	18.0	14.3	14.6	19.6	10.4	10.6
2020-12-19 23:31:10.018403	10.35	6.8	10.9	12.8	14.3	16.3	14.6	14.3	12.5	16.0	17.6	19.2	14.6	12.5	19.2	12.8	17.6	16.3	14.6	14.6	19.6	16.3	17.6	18.0	17.6	16.0	18.0	18.0	19.6	24.1	10.6	8.5	0.0
2020-12-19 23:31:10.519861	10.4	21.6	18.0	17.6	16.3	24.1	17.6	16.3	18.0	18.0	16.3	12.5	16.3	19.6	6.8	14.3	16.3	17.6	17.6	17.6	12.5	17.6	10.9	12.5	6.8	10.9	12.8	18.0	16.0	12.8	16.3	17.6	0.0
2020-12-19 23:31:11.021314	10.46	16.3	12.5	14.3	14.3	14.3	14.3	16.0	16.0	10.6	17.6	17.6	14.3	14.3	16.0	16.0	14.3	21.2	14.6	18.0	14.6	14.6	12.8	18.0	16.0	12.5	16.0	16.3	18.0	14.3	18.0	19.2	0.0
2020-12-19 23:31:11.522778	10.47	12.8	14.6	17.6	18.0	17.6	16.3	14.6	18.0	18.0	10.9	16.3	14.6	12.8	14.3	12.8	19.6	17.6	12.5	14.3	18.0	14.6	12.5	18.0	21.2	12.8	24.1	14.6	16.0	21.2	14.6	16.0	0.0
2020-12-19 23:31:12.024208	10.47	18.0	14.6	18.0	19.2	19.2	12.5	16.3	18.0	12.5	16.0	18.0	12.5	19.2	14.6	19.6	14.3	12.8	14.6	18.0	16.0	16.0	18.0	17.6	19.6	14.9	14.6	21.6	13.7	21.2	18.0	14.6	2.0
2020-12-19 23:31:12.525672	10.5	16.7	16.0	12.8	12.8	22.6	16.3	16.0	14.3	14.6	16.3	10.6	17.6	14.3	16.0	12.5	17.6	12.5	19.2	16.3	14.6	18.0	16.0	14.3	8.7	19.2	12.8	14.3	0.0	10.9	16.0	16.3	19.6
2020-12-19 23:31:13.027274	10.54	19.6	18.0	14.3	18.0	16.0	19.6	19.6	16.3	14.3	17.6	18.0	19.6	14.6	12.5	14.3	18.0	14.6	16.3	14.6	16.3	16.3	16.0	18.0	14.6	14.3	15.7	17.6	10.6	6.1	10.2	14.3	14.6
2020-12-19 23:31:13.528689	10.6	14.6	14.6	16.3	14.3	16.0	14.3	19.2	14.6	12.8	8.7	12.5	20.8	17.6	20.8	12.8	12.5	10.9	14.3	12.5	16.0	16.0	12.8	16.3	19.2	16.3	16.0	20.0	12.8	17.6	0.0	12.8	19.6
2020-12-19 23:31:14.030161	10.6	14.6	14.3	16.0	12.8	18.0	16.3	16.0	14.3	12.5	14.6	12.8	21.2	19.6	17.6	17.6	10.9	16.0	14.6	14.6	18.0	12.8	19.6	17.6	12.8	18.0	18.0	10.6	12.5	6.7	0.0	18.0	22.6
2020-12-19 23:31:14.531614	10.62	16.3	14.3	14.6	12.5	16.0	12.5	16.3	17.6	14.6	16.0	16.3	18.0	17.6	8.7	19.6	14.3	14.3	12.5	20.8	12.5	12.5	14.3	19.2	14.3	19.6	16.0	16.3	14.3	19.2	0.0	19.2	16.3
