total 5.3G
-rw-rw-r-- 1 AzureUser AzureUser 5.3M Dec 19 23:31 Log-ThreadID:0.txt
-rw-rw-r-- 1 AzureUser AzureUser 9.5M Dec 19 23:31 Log-ThreadID:1.txt
-rw-rw-r-- 1 AzureUser AzureUser 8.2K Dec 19 23:31 Log-ThreadID:10.txt
-rw-rw-r-- 1 AzureUser AzureUser 158M Dec 19 23:31 Log-ThreadID:100.txt
-rw-rw-r-- 1 AzureUser AzureUser 160M Dec 19 23:31 Log-ThreadID:101.txt
-rw-rw-r-- 1 AzureUser AzureUser 157M Dec 19 23:31 Log-ThreadID:102.txt
-rw-rw-r-- 1 AzureUser AzureUser 159M Dec 19 23:31 Log-ThreadID:103.txt
-rw-rw-r-- 1 AzureUser AzureUser 159M Dec 19 23:31 Log-ThreadID:104.txt
-rw-rw-r-- 1 AzureUser AzureUser 159M Dec 19 23:31 Log-ThreadID:105.txt
-rw-rw-r-- 1 AzureUser AzureUser 153M Dec 19 23:31 Log-ThreadID:106.txt
-rw-rw-r-- 1 AzureUser AzureUser 155M Dec 19 23:31 Log-ThreadID:107.txt
-rw-rw-r-- 1 AzureUser AzureUser 155M Dec 19 23:31 Log-ThreadID:108.txt
-rw-rw-r-- 1 AzureUser AzureUser 155M Dec 19 23:31 Log-ThreadID:109.txt
-rw-rw-r-- 1 AzureUser AzureUser 9.6M Dec 19 23:31 Log-ThreadID:11.txt
-rw-rw-r-- 1 AzureUser AzureUser 157M Dec 19 23:31 Log-ThreadID:110.txt
-rw-rw-r-- 1 AzureUser AzureUser 158M Dec 19 23:31 Log-ThreadID:111.txt
-rw-rw-r-- 1 AzureUser AzureUser 156M Dec 19 23:31 Log-ThreadID:112.txt
-rw-rw-r-- 1 AzureUser AzureUser 159M Dec 19 23:31 Log-ThreadID:113.txt
-rw-rw-r-- 1 AzureUser AzureUser 158M Dec 19 23:31 Log-ThreadID:114.txt
-rw-rw-r-- 1 AzureUser AzureUser 159M Dec 19 23:31 Log-ThreadID:115.txt
-rw-rw-r-- 1 AzureUser AzureUser 159M Dec 19 23:31 Log-ThreadID:116.txt
-rw-rw-r-- 1 AzureUser AzureUser 160M Dec 19 23:31 Log-ThreadID:117.txt
-rw-rw-r-- 1 AzureUser AzureUser 163M Dec 19 23:31 Log-ThreadID:118.txt
-rw-rw-r-- 1 AzureUser AzureUser 160M Dec 19 23:31 Log-ThreadID:119.txt
-rw-rw-r-- 1 AzureUser AzureUser 5.3M Dec 19 23:31 Log-ThreadID:12.txt
-rw-rw-r-- 1 AzureUser AzureUser 159M Dec 19 23:31 Log-ThreadID:120.txt
-rw-rw-r-- 1 AzureUser AzureUser 161M Dec 19 23:31 Log-ThreadID:121.txt
-rw-rw-r-- 1 AzureUser AzureUser 162M Dec 19 23:31 Log-ThreadID:122.txt
-rw-rw-r-- 1 AzureUser AzureUser 162M Dec 19 23:31 Log-ThreadID:123.txt
-rw-rw-r-- 1 AzureUser AzureUser 160M Dec 19 23:31 Log-ThreadID:124.txt
-rw-rw-r-- 1 AzureUser AzureUser 158M Dec 19 23:31 Log-ThreadID:125.txt
-rw-rw-r-- 1 AzureUser AzureUser 159M Dec 19 23:31 Log-ThreadID:126.txt
-rw-rw-r-- 1 AzureUser AzureUser 2.4M Dec 19 23:31 Log-ThreadID:13.txt
-rw-rw-r-- 1 AzureUser AzureUser 2.4M Dec 19 23:31 Log-ThreadID:14.txt
-rw-rw-r-- 1 AzureUser AzureUser 5.3M Dec 19 23:31 Log-ThreadID:15.txt
-rw-rw-r-- 1 AzureUser AzureUser 9.5M Dec 19 23:31 Log-ThreadID:16.txt
-rw-rw-r-- 1 AzureUser AzureUser 2.4M Dec 19 23:31 Log-ThreadID:17.txt
-rw-rw-r-- 1 AzureUser AzureUser 5.3M Dec 19 23:31 Log-ThreadID:18.txt
-rw-rw-r-- 1 AzureUser AzureUser 9.6M Dec 19 23:31 Log-ThreadID:19.txt
-rw-rw-r-- 1 AzureUser AzureUser 9.5M Dec 19 23:31 Log-ThreadID:2.txt
-rw-rw-r-- 1 AzureUser AzureUser 9.6M Dec 19 23:31 Log-ThreadID:20.txt
-rw-rw-r-- 1 AzureUser AzureUser 5.3M Dec 19 23:31 Log-ThreadID:21.txt
-rw-rw-r-- 1 AzureUser AzureUser 5.3M Dec 19 23:31 Log-ThreadID:22.txt
-rw-rw-r-- 1 AzureUser AzureUser 9.5M Dec 19 23:31 Log-ThreadID:23.txt
-rw-rw-r-- 1 AzureUser AzureUser 2.4M Dec 19 23:31 Log-ThreadID:24.txt
-rw-rw-r-- 1 AzureUser AzureUser 5.3M Dec 19 23:31 Log-ThreadID:25.txt
-rw-rw-r-- 1 AzureUser AzureUser 9.6M Dec 19 23:31 Log-ThreadID:26.txt
-rw-rw-r-- 1 AzureUser AzureUser 5.3M Dec 19 23:31 Log-ThreadID:27.txt
-rw-rw-r-- 1 AzureUser AzureUser 9.5M Dec 19 23:31 Log-ThreadID:28.txt
-rw-rw-r-- 1 AzureUser AzureUser 5.3M Dec 19 23:31 Log-ThreadID:29.txt
-rw-rw-r-- 1 AzureUser AzureUser 2.4M Dec 19 23:31 Log-ThreadID:3.txt
-rw-rw-r-- 1 AzureUser AzureUser 9.6M Dec 19 23:31 Log-ThreadID:30.txt
-rw-rw-r-- 1 AzureUser AzureUser 2.4M Dec 19 23:31 Log-ThreadID:31.txt
-rw-rw-r-- 1 AzureUser AzureUser 5.3M Dec 19 23:31 Log-ThreadID:32.txt
-rw-rw-r-- 1 AzureUser AzureUser 2.4M Dec 19 23:31 Log-ThreadID:33.txt
-rw-rw-r-- 1 AzureUser AzureUser 5.3M Dec 19 23:31 Log-ThreadID:34.txt
-rw-rw-r-- 1 AzureUser AzureUser 5.3M Dec 19 23:31 Log-ThreadID:35.txt
-rw-rw-r-- 1 AzureUser AzureUser 5.3M Dec 19 23:31 Log-ThreadID:36.txt
-rw-rw-r-- 1 AzureUser AzureUser 5.3M Dec 19 23:31 Log-ThreadID:37.txt
-rw-rw-r-- 1 AzureUser AzureUser 9.5M Dec 19 23:31 Log-ThreadID:38.txt
-rw-rw-r-- 1 AzureUser AzureUser 5.3M Dec 19 23:31 Log-ThreadID:39.txt
-rw-rw-r-- 1 AzureUser AzureUser 9.6M Dec 19 23:31 Log-ThreadID:4.txt
-rw-rw-r-- 1 AzureUser AzureUser 2.4M Dec 19 23:31 Log-ThreadID:40.txt
-rw-rw-r-- 1 AzureUser AzureUser 5.3M Dec 19 23:31 Log-ThreadID:41.txt
-rw-rw-r-- 1 AzureUser AzureUser 9.5M Dec 19 23:31 Log-ThreadID:42.txt
-rw-rw-r-- 1 AzureUser AzureUser 5.3M Dec 19 23:31 Log-ThreadID:43.txt
-rw-rw-r-- 1 AzureUser AzureUser 2.4M Dec 19 23:31 Log-ThreadID:44.txt
-rw-rw-r-- 1 AzureUser AzureUser 9.6M Dec 19 23:31 Log-ThreadID:45.txt
-rw-rw-r-- 1 AzureUser AzureUser 5.3M Dec 19 23:31 Log-ThreadID:46.txt
-rw-rw-r-- 1 AzureUser AzureUser 9.6M Dec 19 23:31 Log-ThreadID:47.txt
-rw-rw-r-- 1 AzureUser AzureUser 2.4M Dec 19 23:31 Log-ThreadID:48.txt
-rw-rw-r-- 1 AzureUser AzureUser 2.4M Dec 19 23:31 Log-ThreadID:49.txt
-rw-rw-r-- 1 AzureUser AzureUser 5.3M Dec 19 23:31 Log-ThreadID:5.txt
-rw-rw-r-- 1 AzureUser AzureUser 5.3M Dec 19 23:31 Log-ThreadID:50.txt
-rw-rw-r-- 1 AzureUser AzureUser 5.3M Dec 19 23:31 Log-ThreadID:51.txt
-rw-rw-r-- 1 AzureUser AzureUser 9.5M Dec 19 23:31 Log-ThreadID:52.txt
-rw-rw-r-- 1 AzureUser AzureUser 2.4M Dec 19 23:31 Log-ThreadID:53.txt
-rw-rw-r-- 1 AzureUser AzureUser 2.4M Dec 19 23:31 Log-ThreadID:54.txt
-rw-rw-r-- 1 AzureUser AzureUser 2.4M Dec 19 23:31 Log-ThreadID:55.txt
-rw-rw-r-- 1 AzureUser AzureUser 5.3M Dec 19 23:31 Log-ThreadID:56.txt
-rw-rw-r-- 1 AzureUser AzureUser 5.3M Dec 19 23:31 Log-ThreadID:57.txt
-rw-rw-r-- 1 AzureUser AzureUser 2.4M Dec 19 23:31 Log-ThreadID:58.txt
-rw-rw-r-- 1 AzureUser AzureUser 5.3M Dec 19 23:31 Log-ThreadID:59.txt
-rw-rw-r-- 1 AzureUser AzureUser 1.7K Dec 19 23:31 Log-ThreadID:6.txt
-rw-rw-r-- 1 AzureUser AzureUser 9.5M Dec 19 23:31 Log-ThreadID:60.txt
-rw-rw-r-- 1 AzureUser AzureUser 2.4M Dec 19 23:31 Log-ThreadID:61.txt
-rw-rw-r-- 1 AzureUser AzureUser 2.4M Dec 19 23:31 Log-ThreadID:62.txt
-rw-rw-r-- 1 AzureUser AzureUser 9.5M Dec 19 23:31 Log-ThreadID:63.txt
-rw-rw-r-- 1 AzureUser AzureUser 2.4M Dec 19 23:31 Log-ThreadID:64.txt
-rw-rw-r-- 1 AzureUser AzureUser 5.3M Dec 19 23:31 Log-ThreadID:65.txt
-rw-rw-r-- 1 AzureUser AzureUser 2.4M Dec 19 23:31 Log-ThreadID:66.txt
-rw-rw-r-- 1 AzureUser AzureUser 9.5M Dec 19 23:31 Log-ThreadID:67.txt
-rw-rw-r-- 1 AzureUser AzureUser 2.6M Dec 19 23:31 Log-ThreadID:68.txt
-rw-rw-r-- 1 AzureUser AzureUser 2.4M Dec 19 23:31 Log-ThreadID:69.txt
-rw-rw-r-- 1 AzureUser AzureUser 5.3M Dec 19 23:31 Log-ThreadID:7.txt
-rw-rw-r-- 1 AzureUser AzureUser 2.4M Dec 19 23:31 Log-ThreadID:70.txt
-rw-rw-r-- 1 AzureUser AzureUser 2.4M Dec 19 23:31 Log-ThreadID:71.txt
-rw-rw-r-- 1 AzureUser AzureUser 9.5M Dec 19 23:31 Log-ThreadID:72.txt
-rw-rw-r-- 1 AzureUser AzureUser 9.6M Dec 19 23:31 Log-ThreadID:73.txt
-rw-rw-r-- 1 AzureUser AzureUser 5.3M Dec 19 23:31 Log-ThreadID:74.txt
-rw-rw-r-- 1 AzureUser AzureUser 9.5M Dec 19 23:31 Log-ThreadID:75.txt
-rw-rw-r-- 1 AzureUser AzureUser 5.3M Dec 19 23:31 Log-ThreadID:76.txt
-rw-rw-r-- 1 AzureUser AzureUser 2.4M Dec 19 23:31 Log-ThreadID:77.txt
-rw-rw-r-- 1 AzureUser AzureUser 9.6M Dec 19 23:31 Log-ThreadID:78.txt
-rw-rw-r-- 1 AzureUser AzureUser 2.4M Dec 19 23:31 Log-ThreadID:79.txt
-rw-rw-r-- 1 AzureUser AzureUser 9.6M Dec 19 23:31 Log-ThreadID:8.txt
-rw-rw-r-- 1 AzureUser AzureUser 2.4M Dec 19 23:31 Log-ThreadID:80.txt
-rw-rw-r-- 1 AzureUser AzureUser 2.4M Dec 19 23:31 Log-ThreadID:81.txt
-rw-rw-r-- 1 AzureUser AzureUser 9.6M Dec 19 23:31 Log-ThreadID:82.txt
-rw-rw-r-- 1 AzureUser AzureUser 9.5M Dec 19 23:31 Log-ThreadID:83.txt
-rw-rw-r-- 1 AzureUser AzureUser 9.6M Dec 19 23:31 Log-ThreadID:84.txt
-rw-rw-r-- 1 AzureUser AzureUser 2.4M Dec 19 23:31 Log-ThreadID:85.txt
-rw-rw-r-- 1 AzureUser AzureUser 2.4M Dec 19 23:31 Log-ThreadID:86.txt
-rw-rw-r-- 1 AzureUser AzureUser 5.3M Dec 19 23:31 Log-ThreadID:87.txt
-rw-rw-r-- 1 AzureUser AzureUser 9.5M Dec 19 23:31 Log-ThreadID:88.txt
-rw-rw-r-- 1 AzureUser AzureUser 2.4M Dec 19 23:31 Log-ThreadID:89.txt
-rw-rw-r-- 1 AzureUser AzureUser 9.6M Dec 19 23:31 Log-ThreadID:9.txt
-rw-rw-r-- 1 AzureUser AzureUser 9.6M Dec 19 23:31 Log-ThreadID:90.txt
-rw-rw-r-- 1 AzureUser AzureUser 2.4M Dec 19 23:31 Log-ThreadID:91.txt
-rw-rw-r-- 1 AzureUser AzureUser 9.6M Dec 19 23:31 Log-ThreadID:92.txt
-rw-rw-r-- 1 AzureUser AzureUser 2.4M Dec 19 23:31 Log-ThreadID:93.txt
-rw-rw-r-- 1 AzureUser AzureUser 5.3M Dec 19 23:31 Log-ThreadID:94.txt
-rw-rw-r-- 1 AzureUser AzureUser 5.3M Dec 19 23:31 Log-ThreadID:95.txt
-rw-rw-r-- 1 AzureUser AzureUser 157M Dec 19 23:31 Log-ThreadID:96.txt
-rw-rw-r-- 1 AzureUser AzureUser 158M Dec 19 23:31 Log-ThreadID:97.txt
-rw-rw-r-- 1 AzureUser AzureUser 154M Dec 19 23:31 Log-ThreadID:98.txt
-rw-rw-r-- 1 AzureUser AzureUser 155M Dec 19 23:31 Log-ThreadID:99.txt
drwxrwxr-x 2 AzureUser AzureUser   80 Dec 19 23:31 info
