total 3.3G
-rw-rw-r-- 1 AzureUser AzureUser 9.5M Dec 19 22:34 Log-ThreadID:0.txt
-rw-rw-r-- 1 AzureUser AzureUser 5.3M Dec 19 22:34 Log-ThreadID:1.txt
-rw-rw-r-- 1 AzureUser AzureUser 5.3M Dec 19 22:34 Log-ThreadID:10.txt
-rw-rw-r-- 1 AzureUser AzureUser 2.4M Dec 19 22:34 Log-ThreadID:11.txt
-rw-rw-r-- 1 AzureUser AzureUser 2.4M Dec 19 22:34 Log-ThreadID:12.txt
-rw-rw-r-- 1 AzureUser AzureUser 9.5M Dec 19 22:34 Log-ThreadID:13.txt
-rw-rw-r-- 1 AzureUser AzureUser 5.3M Dec 19 22:34 Log-ThreadID:14.txt
-rw-rw-r-- 1 AzureUser AzureUser  270 Dec 19 22:34 Log-ThreadID:15.txt
-rw-rw-r-- 1 AzureUser AzureUser 2.4M Dec 19 22:34 Log-ThreadID:16.txt
-rw-rw-r-- 1 AzureUser AzureUser 5.3M Dec 19 22:34 Log-ThreadID:17.txt
-rw-rw-r-- 1 AzureUser AzureUser 629M Dec 19 22:34 Log-ThreadID:18.txt
-rw-rw-r-- 1 AzureUser AzureUser 648M Dec 19 22:34 Log-ThreadID:19.txt
-rw-rw-r-- 1 AzureUser AzureUser 1.4K Dec 19 22:34 Log-ThreadID:2.txt
-rw-rw-r-- 1 AzureUser AzureUser 668M Dec 19 22:34 Log-ThreadID:20.txt
-rw-rw-r-- 1 AzureUser AzureUser 652M Dec 19 22:34 Log-ThreadID:21.txt
-rw-rw-r-- 1 AzureUser AzureUser 673M Dec 19 22:34 Log-ThreadID:22.txt
-rw-rw-r-- 1 AzureUser AzureUser 9.6M Dec 19 22:34 Log-ThreadID:3.txt
-rw-rw-r-- 1 AzureUser AzureUser 2.6M Dec 19 22:34 Log-ThreadID:4.txt
-rw-rw-r-- 1 AzureUser AzureUser 2.4M Dec 19 22:34 Log-ThreadID:5.txt
-rw-rw-r-- 1 AzureUser AzureUser 5.3M Dec 19 22:34 Log-ThreadID:6.txt
-rw-rw-r-- 1 AzureUser AzureUser 9.6M Dec 19 22:34 Log-ThreadID:7.txt
-rw-rw-r-- 1 AzureUser AzureUser 2.4M Dec 19 22:34 Log-ThreadID:8.txt
-rw-rw-r-- 1 AzureUser AzureUser 9.5M Dec 19 22:34 Log-ThreadID:9.txt
drwxrwxr-x 2 AzureUser AzureUser   80 Dec 19 22:34 info
