paxos batch=50000 :::: 50000
kSTOBatchSize = 100
nthreads = 5
ParID now : 1
ParID now : 2
ParID now : 3
ParID now : 4
ParID now : 5
--------------------
Table Name= customer_0 ID= 10001
Table Name= customer_1 ID= 10002
Table Name= customer_2 ID= 10003
Table Name= customer_3 ID= 10004
Table Name= customer_4 ID= 10005
Table Name= customer_name_idx_0 ID= 10006
Table Name= customer_name_idx_1 ID= 10007
Table Name= customer_name_idx_2 ID= 10008
Table Name= customer_name_idx_3 ID= 10009
Table Name= customer_name_idx_4 ID= 10010
Table Name= district_0 ID= 10011
Table Name= district_1 ID= 10012
Table Name= district_2 ID= 10013
Table Name= district_3 ID= 10014
Table Name= district_4 ID= 10015
Table Name= history_0 ID= 10016
Table Name= history_1 ID= 10017
Table Name= history_2 ID= 10018
Table Name= history_3 ID= 10019
Table Name= history_4 ID= 10020
Table Name= item ID= 10021
Table Name= new_order_0 ID= 10022
Table Name= new_order_1 ID= 10023
Table Name= new_order_2 ID= 10024
Table Name= new_order_3 ID= 10025
Table Name= new_order_4 ID= 10026
Table Name= oorder_0 ID= 10027
Table Name= oorder_1 ID= 10028
Table Name= oorder_2 ID= 10029
Table Name= oorder_3 ID= 10030
Table Name= oorder_4 ID= 10031
Table Name= oorder_c_id_idx_0 ID= 10032
Table Name= oorder_c_id_idx_1 ID= 10033
Table Name= oorder_c_id_idx_2 ID= 10034
Table Name= oorder_c_id_idx_3 ID= 10035
Table Name= oorder_c_id_idx_4 ID= 10036
Table Name= order_line_0 ID= 10037
Table Name= order_line_1 ID= 10038
Table Name= order_line_2 ID= 10039
Table Name= order_line_3 ID= 10040
Table Name= order_line_4 ID= 10041
Table Name= stock_0 ID= 10042
Table Name= stock_1 ID= 10043
Table Name= stock_2 ID= 10044
Table Name= stock_3 ID= 10045
Table Name= stock_4 ID= 10046
Table Name= stock_data_0 ID= 10047
Table Name= stock_data_1 ID= 10048
Table Name= stock_data_2 ID= 10049
Table Name= stock_data_3 ID= 10050
Table Name= stock_data_4 ID= 10051
Table Name= warehouse_0 ID= 10052
Table Name= warehouse_1 ID= 10053
Table Name= warehouse_2 ID= 10054
Table Name= warehouse_3 ID= 10055
Table Name= warehouse_4 ID= 10056
mt_get: 63872538, mt_put: 20606337, mt_del: 168638, mt_scan: 2612460, mt_rscan: 128644, ht_get: 0, ht_put: 0, ht_insert: 0, ht_del: 0
--------------------
Info folder has been generated okay ----<<<<<<
Total Delete Observed 0
Total Submits 0
213938.798254 213938.798254 0.023303 0.000000 16.594617 1444540
close handle all started
close_all all ok
-----------------------------
Log generation statistic
-----------------------------
Sec  	   unix  	       	     	Average  
Spent	timestamp	entries	Bytes	Entry Size
-----------------------------
0	1608417304	1254	347	2271
1	1608417305	155233	10196	538
2	1608417306	150998	22675	1230
3	1608417307	211545	27390	1060
4	1608417308	215118	27998	1066
5	1608417309	213469	27855	1068
6	1608417310	217193	28139	1061
7	1608417311	214623	27787	1060
8	1608417312	214603	27745	1059
9	1608417313	215008	27715	1055
10	1608417314	215149	27795	1058
11	1608417315	213827	27856	1067
12	1608417316	212572	27693	1067
13	1608417317	214557	27725	1058
14	1608417318	217387	28245	1064
15	1608417319	215079	27803	1058
16	1608417320	213209	27635	1061
17	1608417321	56802	7456	1075
