paxos batch=50000 :::: 50000
kSTOBatchSize = 100
nthreads = 6
ParID now : 1
ParID now : 2
ParID now : 3
ParID now : 4
ParID now : 5
ParID now : 6
--------------------
Table Name= customer_0 ID= 10001
Table Name= customer_1 ID= 10002
Table Name= customer_2 ID= 10003
Table Name= customer_3 ID= 10004
Table Name= customer_4 ID= 10005
Table Name= customer_5 ID= 10006
Table Name= customer_name_idx_0 ID= 10007
Table Name= customer_name_idx_1 ID= 10008
Table Name= customer_name_idx_2 ID= 10009
Table Name= customer_name_idx_3 ID= 10010
Table Name= customer_name_idx_4 ID= 10011
Table Name= customer_name_idx_5 ID= 10012
Table Name= district_0 ID= 10013
Table Name= district_1 ID= 10014
Table Name= district_2 ID= 10015
Table Name= district_3 ID= 10016
Table Name= district_4 ID= 10017
Table Name= district_5 ID= 10018
Table Name= history_0 ID= 10019
Table Name= history_1 ID= 10020
Table Name= history_2 ID= 10021
Table Name= history_3 ID= 10022
Table Name= history_4 ID= 10023
Table Name= history_5 ID= 10024
Table Name= item ID= 10025
Table Name= new_order_0 ID= 10026
Table Name= new_order_1 ID= 10027
Table Name= new_order_2 ID= 10028
Table Name= new_order_3 ID= 10029
Table Name= new_order_4 ID= 10030
Table Name= new_order_5 ID= 10031
Table Name= oorder_0 ID= 10032
Table Name= oorder_1 ID= 10033
Table Name= oorder_2 ID= 10034
Table Name= oorder_3 ID= 10035
Table Name= oorder_4 ID= 10036
Table Name= oorder_5 ID= 10037
Table Name= oorder_c_id_idx_0 ID= 10038
Table Name= oorder_c_id_idx_1 ID= 10039
Table Name= oorder_c_id_idx_2 ID= 10040
Table Name= oorder_c_id_idx_3 ID= 10041
Table Name= oorder_c_id_idx_4 ID= 10042
Table Name= oorder_c_id_idx_5 ID= 10043
Table Name= order_line_0 ID= 10044
Table Name= order_line_1 ID= 10045
Table Name= order_line_2 ID= 10046
Table Name= order_line_3 ID= 10047
Table Name= order_line_4 ID= 10048
Table Name= order_line_5 ID= 10049
Table Name= stock_0 ID= 10050
Table Name= stock_1 ID= 10051
Table Name= stock_2 ID= 10052
Table Name= stock_3 ID= 10053
Table Name= stock_4 ID= 10054
Table Name= stock_5 ID= 10055
Table Name= stock_data_0 ID= 10056
Table Name= stock_data_1 ID= 10057
Table Name= stock_data_2 ID= 10058
Table Name= stock_data_3 ID= 10059
Table Name= stock_data_4 ID= 10060
Table Name= stock_data_5 ID= 10061
Table Name= warehouse_0 ID= 10062
Table Name= warehouse_1 ID= 10063
Table Name= warehouse_2 ID= 10064
Table Name= warehouse_3 ID= 10065
Table Name= warehouse_4 ID= 10066
Table Name= warehouse_5 ID= 10067
mt_get: 60530655, mt_put: 19636925, mt_del: 170680, mt_scan: 2492558, mt_rscan: 121694, ht_get: 0, ht_put: 0, ht_insert: 0, ht_del: 0
--------------------
Info folder has been generated okay ----<<<<<<
Total Delete Observed 0
Total Submits 0
202574.755380 202574.755380 0.029544 0.000000 15.794165 1367393
close handle all started
close_all all ok
-----------------------------
Log generation statistic
-----------------------------
Sec  	   unix  	       	     	Average  
Spent	timestamp	entries	Bytes	Entry Size
-----------------------------
0	1608417391	66148	4257	527
1	1608417392	122490	9035	604
2	1608417393	175699	25595	1193
3	1608417394	207380	26844	1060
4	1608417395	205474	26714	1065
5	1608417396	202587	26313	1064
6	1608417397	201609	26328	1069
7	1608417398	204951	26677	1066
8	1608417399	202637	26182	1058
9	1608417400	202158	26260	1064
10	1608417401	202223	26306	1065
11	1608417402	203371	26283	1058
12	1608417403	204746	26536	1061
13	1608417404	201757	26201	1063
14	1608417405	203435	26384	1062
15	1608417406	204820	26478	1059
16	1608417407	203368	26334	1060
17	1608417408	13694	1749	1046
