total 2.9G
-rw-rw-r-- 1 AzureUser AzureUser  378 Dec 19 22:38 Log-ThreadID:0.txt
-rw-rw-r-- 1 AzureUser AzureUser 5.3M Dec 19 22:38 Log-ThreadID:1.txt
-rw-rw-r-- 1 AzureUser AzureUser 5.3M Dec 19 22:38 Log-ThreadID:10.txt
-rw-rw-r-- 1 AzureUser AzureUser 9.6M Dec 19 22:38 Log-ThreadID:11.txt
-rw-rw-r-- 1 AzureUser AzureUser 5.3M Dec 19 22:38 Log-ThreadID:12.txt
-rw-rw-r-- 1 AzureUser AzureUser 5.3M Dec 19 22:38 Log-ThreadID:13.txt
-rw-rw-r-- 1 AzureUser AzureUser 2.4M Dec 19 22:38 Log-ThreadID:14.txt
-rw-rw-r-- 1 AzureUser AzureUser 9.5M Dec 19 22:38 Log-ThreadID:15.txt
-rw-rw-r-- 1 AzureUser AzureUser 2.4M Dec 19 22:38 Log-ThreadID:16.txt
-rw-rw-r-- 1 AzureUser AzureUser 2.4M Dec 19 22:38 Log-ThreadID:17.txt
-rw-rw-r-- 1 AzureUser AzureUser 2.4M Dec 19 22:38 Log-ThreadID:18.txt
-rw-rw-r-- 1 AzureUser AzureUser 2.4M Dec 19 22:38 Log-ThreadID:19.txt
-rw-rw-r-- 1 AzureUser AzureUser 5.3M Dec 19 22:38 Log-ThreadID:2.txt
-rw-rw-r-- 1 AzureUser AzureUser 9.5M Dec 19 22:38 Log-ThreadID:20.txt
-rw-rw-r-- 1 AzureUser AzureUser 1.9K Dec 19 22:38 Log-ThreadID:21.txt
-rw-rw-r-- 1 AzureUser AzureUser 5.3M Dec 19 22:38 Log-ThreadID:22.txt
-rw-rw-r-- 1 AzureUser AzureUser 9.6M Dec 19 22:38 Log-ThreadID:23.txt
-rw-rw-r-- 1 AzureUser AzureUser 402M Dec 19 22:38 Log-ThreadID:24.txt
-rw-rw-r-- 1 AzureUser AzureUser 402M Dec 19 22:38 Log-ThreadID:25.txt
-rw-rw-r-- 1 AzureUser AzureUser 412M Dec 19 22:38 Log-ThreadID:26.txt
-rw-rw-r-- 1 AzureUser AzureUser 400M Dec 19 22:38 Log-ThreadID:27.txt
-rw-rw-r-- 1 AzureUser AzureUser 401M Dec 19 22:38 Log-ThreadID:28.txt
-rw-rw-r-- 1 AzureUser AzureUser 408M Dec 19 22:38 Log-ThreadID:29.txt
-rw-rw-r-- 1 AzureUser AzureUser 2.6M Dec 19 22:38 Log-ThreadID:3.txt
-rw-rw-r-- 1 AzureUser AzureUser 417M Dec 19 22:38 Log-ThreadID:30.txt
-rw-rw-r-- 1 AzureUser AzureUser 5.3M Dec 19 22:38 Log-ThreadID:4.txt
-rw-rw-r-- 1 AzureUser AzureUser 9.5M Dec 19 22:38 Log-ThreadID:5.txt
-rw-rw-r-- 1 AzureUser AzureUser 9.6M Dec 19 22:38 Log-ThreadID:6.txt
-rw-rw-r-- 1 AzureUser AzureUser 2.4M Dec 19 22:38 Log-ThreadID:7.txt
-rw-rw-r-- 1 AzureUser AzureUser 2.4M Dec 19 22:38 Log-ThreadID:8.txt
-rw-rw-r-- 1 AzureUser AzureUser 9.6M Dec 19 22:38 Log-ThreadID:9.txt
drwxrwxr-x 2 AzureUser AzureUser   80 Dec 19 22:38 info
