1-1
970970	8.592	113008.61
1-2
970255	8.54	113613.0
1-3
963926	8.474	113751.0
2-1
1622624	10.241	158443.9
2-2
1622818	10.261	158153.98
2-3
1636970	9.492	172457.86
3-1
2075411	9.055	229200.55
3-2
2085451	9.088	229473.04
3-3
2053228	8.915	230311.61
4-1
2407161	8.056	298803.5
4-2
2394154	7.804	306785.49
4-3
2385584	7.736	308374.35
5-1
3365030	9.28	362610.99
5-2
3367626	8.891	378767.97
5-3
3373451	9.395	359068.76
6-1
3252059	7.347	442637.68
6-2
3228547	7.544	427962.22
6-3
3171487	7.509	422358.1
7-1
2963921	5.728	517444.31
7-2
2985418	5.755	518752.04
7-3
3014465	5.742	524985.2
8-1
2857996	5.0	571599.2
8-2
2803575	4.94	567525.3
8-3
2800986	4.948	566084.48
9-1
2880352	4.442	648435.84
9-2
2843131	4.395	646901.25
9-3
2860275	4.465	640599.1
10-1
2978773	4.169	714505.4
10-2
2981855	4.122	723400.05
10-3
2905951	3.955	734753.73
11-1
3026014	3.872	781511.88
11-2
3113140	3.821	814744.83
11-3
3006031	3.708	810687.97
12-1
4018035	4.675	859472.73
12-2
3899698	4.541	858775.16
12-3
3936273	4.554	864355.07
13-1
3932974	4.219	932205.26
13-2
3919305	4.217	929405.98
13-3
3847845	4.092	940333.58
14-1
3954434	3.919	1009041.59
14-2
4040794	4.018	1005672.97
14-3
3941090	3.902	1010017.94
15-1
3933129	3.591	1095274.02
15-2
3879209	3.573	1085700.81
15-3
3928790	3.568	1101118.27
16-1
3863464	3.408	1133645.54
16-2
3925781	3.455	1136260.78
16-3
3812456	3.335	1143165.22
17-1
3890568	3.23	1204510.22
17-2
3828024	3.176	1205297.23
17-3
3965017	3.254	1218505.53
18-1
3953240	3.069	1288119.91
18-2
3900128	3.057	1275802.42
18-3
3873808	3.046	1271768.88
19-1
3946656	2.935	1344686.88
19-2
4008290	2.945	1361049.24
19-3
3970770	2.894	1372069.8
20-1
6554660	4.861	1348418.02
20-2
6589902	4.846	1359864.22
20-3
6241107	4.629	1348262.48
21-1
4594786	3.146	1460516.85
21-2
4717910	3.265	1444995.41
21-3
4714762	3.246	1452483.67
22-1
4623323	3.011	1535477.58
22-2
4790436	3.196	1498884.86
22-3
4613662	3.052	1511684.8
23-1
4719224	2.946	1601909.03
23-2
4804225	3.04	1580337.17
23-3
4603056	2.882	1597174.18
24-1
4816952	2.929	1644572.21
24-2
4736009	2.863	1654212.02
24-3
4923674	2.99	1646713.71
25-1
4797959	2.774	1729617.52
25-2
4631562	2.653	1745782.89
25-3
4846659	2.729	1775983.51
26-1
5537540	3.061	1809062.4
26-2
5701883	3.24	1759840.43
26-3
5662124	3.18	1780542.14
27-1
5567295	2.966	1877038.1
27-2
5618392	3.084	1821787.29
27-3
5724945	3.107	1842595.75
28-1
5777642	2.992	1931030.08
28-2
5641001	2.944	1916100.88
28-3
5682371	2.92	1946017.47

