506300
587490
590420
588610
581100
599460
595080
581260
597070
612840
598730
620950
610620
635110
620240
638150
626630
630360
630140
632840
633930
629560
636090
629320
633900
613500
647120
631010
632570
619100
628660
627240
615030
641670
617760
631370
634300
641260
639000
621790
626140
637080
634900
631930
639950
630510
634930
635220
627870
631860
628910
637690
615080
621670
631500
633560
630160
607170
628120
635910
636200
634250
631870
631360
631840
646000
638110
634840
613920
636190
630540
628770
608350
650100
631370
640110
616580
626850
636630
638730
627790
620420
622550
630570
630640
631940
630720
623270
635680
625560
620380
618080
625440
600800
608820
615690
609290
625870
629910
618910
0
0
0
0
0
0
0
0
0
0
0
0
0
0
0
0
0
0
714920
757560
730510
739930
735370
743980
726590
748930
745510
733080
750540
735060
760510
757770
742510
762670
744000
763210
745680
745860
762260
742330
750150
741240
741810
754370
749380
768880
756180
759990
756660
745610
756630
752330
744440
740590
759570
756230
750140
741060
747260
754830
748970
747300
757220
750980
755090
750140
749910
758840
754060
773760
768590
767540
761990
759710
761710
762840
755240
762150
766820
755340
749570
769400
758950
758170
740760
751530
764270
755710
754570
757880
754350
753410
759220
759190
756820
762490
755070
735520
761940
744710
727010
711270
703420
687460
666770
668880
656410
668330
648520
666470
667400
664870
662480
660480
653380
651520
657590
654630
663370
666630
656630
657180
657670
661940
652170
655230
654530
678060
654950
660120
656960
651140
662210
661300
669910
661170
665910
662110
671440
660150
656750
663890
660490
664340
658310
663530
669680
661590
666700
663730
676710
662850
658730
653370
654910
653240
663970
647180
646410
646770
657310
663700
667020
657420
658620
641170
657970
656090
664180
669750
661630
659830
663930
666730
655950
640040
667190
659260
656910
666850
660890
642790
648910
656550
656860
650010
656640
662360
661050
657290
655650
621900
653400
655010
663760
646590
662610
645220
657290
651100
