307770
344520
334570
344430
338010
334990
304260
336900
360700
357690
363420
353710
359570
357270
366100
352460
364480
364080
366520
368200
366730
364420
356370
346080
362080
367030
368440
372850
364820
362440
359180
362100
356310
358520
376330
352820
351900
364760
357740
365710
372780
359350
365710
362870
355930
358930
372440
364240
361340
361170
351740
369070
364720
359180
366980
362730
367640
366290
368420
364270
365120
380290
366050
360410
351660
354120
361540
365850
365190
358970
367860
363900
362150
353490
358630
363040
347020
344070
352070
359430
352990
350960
358620
356010
359020
356470
362340
366960
366570
364430
363620
366660
370840
362750
357160
350000
365000
363190
363370
362530
0
0
0
0
0
0
0
0
0
0
0
0
0
0
0
392070
404760
400250
389710
417500
417600
400510
414300
415050
424640
421670
425980
430420
423000
432630
434270
420710
422400
429500
429130
410440
430660
427150
429570
432760
431230
443580
432350
429830
434640
433990
432110
432490
438800
429890
424840
429800
433320
427820
430930
441720
433130
432280
433700
430320
432370
431440
433140
432280
432740
425310
430170
423340
433230
427130
428060
426540
431430
424210
426330
425680
426260
423980
430630
426780
426610
423460
418430
413840
414410
416650
416650
413160
396030
415190
421140
417850
419140
389520
404950
406180
410600
413040
388120
415800
402750
398760
398670
400700
391430
399080
394380
392870
392230
387100
379240
378280
371800
384430
372020
378400
376830
380400
371510
377950
380840
374390
369550
373940
381600
374470
380160
377200
366500
379580
377560
374030
374320
378600
361190
372920
376850
374840
372130
379190
375610
377480
375370
370810
375770
376900
378850
370670
380190
376720
374600
371810
374450
375360
358490
363080
361710
379450
366140
355720
376240
379100
376980
384670
375080
380250
375490
371910
364640
375530
370210
381450
370690
381370
376380
373630
373850
373530
372460
370440
360360
359690
383630
379760
368240
365000
383660
369320
376720
383490
378670
377140
369130
377010
371480
375870
376190
372280
373670
375790
