213630
207060
214070
217810
211890
213830
215270
215840
217530
219670
222620
220880
226510
215190
218840
219520
216390
219710
216270
217080
222740
224460
223800
222380
217580
221080
219150
219650
219040
214860
216890
224940
218410
221140
217420
217180
216650
218790
218820
220830
221630
219920
218720
217980
219060
219220
221140
219750
215220
220290
216780
216390
221180
216560
211490
218250
217340
216750
220580
218110
220540
215340
217430
215040
216540
217970
214220
215840
215390
212460
216400
221180
216610
218950
211950
215960
215520
215240
222450
215980
216470
215180
214940
212580
215050
213470
219080
214490
214140
213730
216060
212860
220640
215530
216760
216470
216020
215800
219130
218990
0
0
0
0
0
0
0
0
0
0
0
0
0
0
0
0
0
208100
245890
249570
244030
244220
244410
249090
250730
245770
246630
249760
253620
249000
245430
243890
250600
253900
252280
246420
251310
253420
213330
218130
248200
252250
252290
254020
249050
248760
252110
254310
248320
250710
251850
248890
252750
251830
253340
248080
252820
249160
250810
253090
253060
252340
248680
245840
252390
246640
250040
247030
244450
245260
249890
250320
248520
245480
247490
247520
248600
248760
248660
252960
250810
250330
249240
249550
251380
247610
250050
248680
247660
246870
250330
247490
250900
242050
242760
240210
236660
241240
240370
242100
238450
240330
235790
231640
234090
234900
234360
234130
234170
227450
223960
225260
228300
223490
226350
224630
222670
225500
223580
222040
222340
225430
226070
224700
227610
226080
221990
222520
219090
220210
218710
219240
218640
213420
215490
222290
216690
218780
220920
216890
216110
222940
217470
216000
219930
217370
223690
219910
219360
221890
217010
218550
217580
218850
218220
219380
212780
216280
214880
216310
216790
222110
215070
217610
216190
217140
215970
213690
214400
216070
217190
218950
216550
221470
218750
213770
220610
216680
214300
216710
215680
214670
217620
223400
218170
217190
216030
213360
217790
218880
214340
217260
218700
215950
216000
217860
218010
215930
217110
217840
